<?xml version="1.0" encoding="UTF-8" ?>
<testsuite tests="1" failures="0" name="com.ashutosh.socialhub.SuggestionAddDAOTestCase" time="0.171" errors="1" skipped="0">
  <properties>
[...]
</properties>
  <testcase classname="com.ashutosh.socialhub.SuggestionAddDAOTestCase" name="com.ashutosh.socialhub.SuggestionAddDAOTestCase" time="0.171">
    <error message="Error creating bean with name &apos;blogcommentDAO&apos;: Unsatisfied dependency expressed through field &apos;sessionFactory&apos;; nested exception is org.springframework.beans.factory.BeanCreationException: Error creating bean with name &apos;sessionFactory&apos; defined in com.ashutosh.socialhub.config.ApplicationContextConfig: Bean instantiation via factory method failed; nested exception is org.springframework.beans.BeanInstantiationException: Failed to instantiate [org.hibernate.SessionFactory]: Factory method &apos;getSessionFactory&apos; threw exception; nested exception is org.hibernate.AnnotationException: No identifier specified for entity: com.ashutosh.socialhub.domain.Suggestion" type="org.springframework.beans.factory.UnsatisfiedDependencyException">org.springframework.beans.factory.UnsatisfiedDependencyException: Error creating bean with name &apos;blogcommentDAO&apos;: Unsatisfied dependency expressed through field &apos;sessionFactory&apos;; nested exception is org.springframework.beans.factory.BeanCreationException: Error creating bean with name &apos;sessionFactory&apos; defined in com.ashutosh.socialhub.config.ApplicationContextConfig: Bean instantiation via factory method failed; nested exception is org.springframework.beans.BeanInstantiationException: Failed to instantiate [org.hibernate.SessionFactory]: Factory method &apos;getSessionFactory&apos; threw exception; nested exception is org.hibernate.AnnotationException: No identifier specified for entity: com.ashutosh.socialhub.domain.Suggestion
	at org.springframework.beans.factory.annotation.AutowiredAnnotationBeanPostProcessor$AutowiredFieldElement.inject(AutowiredAnnotationBeanPostProcessor.java:587)
	at org.springframework.beans.factory.annotation.InjectionMetadata.inject(InjectionMetadata.java:91)
	at org.springframework.beans.factory.annotation.AutowiredAnnotationBeanPostProcessor.postProcessPropertyValues(AutowiredAnnotationBeanPostProcessor.java:373)
	at org.springframework.beans.factory.support.AbstractAutowireCapableBeanFactory.populateBean(AbstractAutowireCapableBeanFactory.java:1344)
	at org.springframework.beans.factory.support.AbstractAutowireCapableBeanFactory.doCreateBean(AbstractAutowireCapableBeanFactory.java:582)
	at org.springframework.beans.factory.support.AbstractAutowireCapableBeanFactory.createBean(AbstractAutowireCapableBeanFactory.java:502)
	at org.springframework.beans.factory.support.AbstractBeanFactory.lambda$doGetBean$0(AbstractBeanFactory.java:312)
	at org.springframework.beans.factory.support.DefaultSingletonBeanRegistry.getSingleton(DefaultSingletonBeanRegistry.java:228)
	at org.springframework.beans.factory.support.AbstractBeanFactory.doGetBean(AbstractBeanFactory.java:310)
	at org.springframework.beans.factory.support.AbstractBeanFactory.getBean(AbstractBeanFactory.java:200)
	at org.springframework.beans.factory.support.DefaultListableBeanFactory.preInstantiateSingletons(DefaultListableBeanFactory.java:760)
	at org.springframework.context.support.AbstractApplicationContext.finishBeanFactoryInitialization(AbstractApplicationContext.java:868)
	at org.springframework.context.support.AbstractApplicationContext.refresh(AbstractApplicationContext.java:549)
	at com.ashutosh.socialhub.SuggestionAddDAOTestCase.init(SuggestionAddDAOTestCase.java:27)
	at java.base/jdk.internal.reflect.NativeMethodAccessorImpl.invoke0(Native Method)
	at java.base/jdk.internal.reflect.NativeMethodAccessorImpl.invoke(NativeMethodAccessorImpl.java:62)
	at java.base/jdk.internal.reflect.DelegatingMethodAccessorImpl.invoke(DelegatingMethodAccessorImpl.java:43)
	at java.base/java.lang.reflect.Method.invoke(Method.java:564)
	at org.junit.runners.model.FrameworkMethod$1.runReflectiveCall(FrameworkMethod.java:50)
	at org.junit.internal.runners.model.ReflectiveCallable.run(ReflectiveCallable.java:12)
	at org.junit.runners.model.FrameworkMethod.invokeExplosively(FrameworkMethod.java:47)
	at org.junit.internal.runners.statements.RunBefores.evaluate(RunBefores.java:24)
	at org.junit.runners.ParentRunner.run(ParentRunner.java:363)
	at org.apache.maven.surefire.junit4.JUnit4Provider.execute(JUnit4Provider.java:252)
	at org.apache.maven.surefire.junit4.JUnit4Provider.executeTestSet(JUnit4Provider.java:141)
	at org.apache.maven.surefire.junit4.JUnit4Provider.invoke(JUnit4Provider.java:112)
	at java.base/jdk.internal.reflect.NativeMethodAccessorImpl.invoke0(Native Method)
	at java.base/jdk.internal.reflect.NativeMethodAccessorImpl.invoke(NativeMethodAccessorImpl.java:62)
	at java.base/jdk.internal.reflect.DelegatingMethodAccessorImpl.invoke(DelegatingMethodAccessorImpl.java:43)
	at java.base/java.lang.reflect.Method.invoke(Method.java:564)
	at org.apache.maven.surefire.util.ReflectionUtils.invokeMethodWithArray(ReflectionUtils.java:189)
	at org.apache.maven.surefire.booter.ProviderFactory$ProviderProxy.invoke(ProviderFactory.java:165)
	at org.apache.maven.surefire.booter.ProviderFactory.invokeProvider(ProviderFactory.java:85)
	at org.apache.maven.surefire.booter.ForkedBooter.runSuitesInProcess(ForkedBooter.java:115)
	at org.apache.maven.surefire.booter.ForkedBooter.main(ForkedBooter.java:75)
Caused by: org.springframework.beans.factory.BeanCreationException: Error creating bean with name &apos;sessionFactory&apos; defined in com.ashutosh.socialhub.config.ApplicationContextConfig: Bean instantiation via factory method failed; nested exception is org.springframework.beans.BeanInstantiationException: Failed to instantiate [org.hibernate.SessionFactory]: Factory method &apos;getSessionFactory&apos; threw exception; nested exception is org.hibernate.AnnotationException: No identifier specified for entity: com.ashutosh.socialhub.domain.Suggestion
	at org.springframework.beans.factory.support.ConstructorResolver.instantiateUsingFactoryMethod(ConstructorResolver.java:587)
	at org.springframework.beans.factory.support.AbstractAutowireCapableBeanFactory.instantiateUsingFactoryMethod(AbstractAutowireCapableBeanFactory.java:1250)
	at org.springframework.beans.factory.support.AbstractAutowireCapableBeanFactory.createBeanInstance(AbstractAutowireCapableBeanFactory.java:1099)
	at org.springframework.beans.factory.support.AbstractAutowireCapableBeanFactory.doCreateBean(AbstractAutowireCapableBeanFactory.java:545)
	at org.springframework.beans.factory.support.AbstractAutowireCapableBeanFactory.createBean(AbstractAutowireCapableBeanFactory.java:502)
	at org.springframework.beans.factory.support.AbstractBeanFactory.lambda$doGetBean$0(AbstractBeanFactory.java:312)
	at org.springframework.beans.factory.support.DefaultSingletonBeanRegistry.getSingleton(DefaultSingletonBeanRegistry.java:228)
	at org.springframework.beans.factory.support.AbstractBeanFactory.doGetBean(AbstractBeanFactory.java:310)
	at org.springframework.beans.factory.support.AbstractBeanFactory.getBean(AbstractBeanFactory.java:200)
	at org.springframework.beans.factory.config.DependencyDescriptor.resolveCandidate(DependencyDescriptor.java:251)
	at org.springframework.beans.factory.support.DefaultListableBeanFactory.doResolveDependency(DefaultListableBeanFactory.java:1138)
	at org.springframework.beans.factory.support.DefaultListableBeanFactory.resolveDependency(DefaultListableBeanFactory.java:1065)
	at org.springframework.beans.factory.annotation.AutowiredAnnotationBeanPostProcessor$AutowiredFieldElement.inject(AutowiredAnnotationBeanPostProcessor.java:584)
	... 34 more
Caused by: org.springframework.beans.BeanInstantiationException: Failed to instantiate [org.hibernate.SessionFactory]: Factory method &apos;getSessionFactory&apos; threw exception; nested exception is org.hibernate.AnnotationException: No identifier specified for entity: com.ashutosh.socialhub.domain.Suggestion
	at org.springframework.beans.factory.support.SimpleInstantiationStrategy.instantiate(SimpleInstantiationStrategy.java:185)
	at org.springframework.beans.factory.support.ConstructorResolver.instantiateUsingFactoryMethod(ConstructorResolver.java:579)
	... 46 more
Caused by: org.hibernate.AnnotationException: No identifier specified for entity: com.ashutosh.socialhub.domain.Suggestion
	at org.hibernate.cfg.InheritanceState.determineDefaultAccessType(InheritanceState.java:266)
	at org.hibernate.cfg.InheritanceState.getElementsToProcess(InheritanceState.java:211)
	at org.hibernate.cfg.AnnotationBinder.bindClass(AnnotationBinder.java:730)
	at org.hibernate.boot.model.source.internal.annotations.AnnotationMetadataSourceProcessorImpl.processEntityHierarchies(AnnotationMetadataSourceProcessorImpl.java:249)
	at org.hibernate.boot.model.process.spi.MetadataBuildingProcess$1.processEntityHierarchies(MetadataBuildingProcess.java:222)
	at org.hibernate.boot.model.process.spi.MetadataBuildingProcess.complete(MetadataBuildingProcess.java:265)
	at org.hibernate.boot.model.process.spi.MetadataBuildingProcess.build(MetadataBuildingProcess.java:83)
	at org.hibernate.boot.internal.MetadataBuilderImpl.build(MetadataBuilderImpl.java:418)
	at org.hibernate.boot.internal.MetadataBuilderImpl.build(MetadataBuilderImpl.java:87)
	at org.hibernate.cfg.Configuration.buildSessionFactory(Configuration.java:691)
	at org.hibernate.cfg.Configuration.buildSessionFactory(Configuration.java:726)
	at com.ashutosh.socialhub.config.ApplicationContextConfig.getSessionFactory(ApplicationContextConfig.java:62)
	at com.ashutosh.socialhub.config.ApplicationContextConfig$$EnhancerBySpringCGLIB$$6565400b.CGLIB$getSessionFactory$2(&lt;generated&gt;)
	at com.ashutosh.socialhub.config.ApplicationContextConfig$$EnhancerBySpringCGLIB$$6565400b$$FastClassBySpringCGLIB$$efcdc970.invoke(&lt;generated&gt;)
	at org.springframework.cglib.proxy.MethodProxy.invokeSuper(MethodProxy.java:228)
	at org.springframework.context.annotation.ConfigurationClassEnhancer$BeanMethodInterceptor.intercept(ConfigurationClassEnhancer.java:361)
	at com.ashutosh.socialhub.config.ApplicationContextConfig$$EnhancerBySpringCGLIB$$6565400b.getSessionFactory(&lt;generated&gt;)
	at java.base/jdk.internal.reflect.NativeMethodAccessorImpl.invoke0(Native Method)
	at java.base/jdk.internal.reflect.NativeMethodAccessorImpl.invoke(NativeMethodAccessorImpl.java:62)
	at java.base/jdk.internal.reflect.DelegatingMethodAccessorImpl.invoke(DelegatingMethodAccessorImpl.java:43)
	at java.base/java.lang.reflect.Method.invoke(Method.java:564)
	at org.springframework.beans.factory.support.SimpleInstantiationStrategy.instantiate(SimpleInstantiationStrategy.java:154)
	... 47 more
</error>
    <system-out>02:16:29.145 [main] DEBUG org.springframework.core.env.StandardEnvironment - Adding PropertySource &apos;systemProperties&apos; with lowest search precedence
02:16:29.145 [main] DEBUG org.springframework.core.env.StandardEnvironment - Adding PropertySource &apos;systemEnvironment&apos; with lowest search precedence
02:16:29.145 [main] DEBUG org.springframework.core.env.StandardEnvironment - Initialized StandardEnvironment with PropertySources [MapPropertySource@30173198 {name=&apos;systemProperties&apos;, properties={sun.desktop=windows, awt.toolkit=sun.awt.windows.WToolkit, java.specification.version=9, file.encoding.pkg=sun.io, sun.cpu.isalist=amd64, sun.jnu.encoding=Cp1252, java.class.path=C:\Users\Ashutosh\eclipse-workspace1\SocialHubBackEnd\target\test-classes;C:\Users\Ashutosh\eclipse-workspace1\SocialHubBackEnd\target\classes;C:\Users\Ashutosh\.m2\repository\org\springframework\spring-core\5.0.4.RELEASE\spring-core-5.0.4.RELEASE.jar;C:\Users\Ashutosh\.m2\repository\org\springframework\spring-jcl\5.0.4.RELEASE\spring-jcl-5.0.4.RELEASE.jar;C:\Users\Ashutosh\.m2\repository\org\springframework\spring-context\5.0.4.RELEASE\spring-context-5.0.4.RELEASE.jar;C:\Users\Ashutosh\.m2\repository\org\springframework\spring-aop\5.0.4.RELEASE\spring-aop-5.0.4.RELEASE.jar;C:\Users\Ashutosh\.m2\repository\org\springframework\spring-beans\5.0.4.RELEASE\spring-beans-5.0.4.RELEASE.jar;C:\Users\Ashutosh\.m2\repository\org\springframework\spring-expression\5.0.4.RELEASE\spring-expression-5.0.4.RELEASE.jar;C:\Users\Ashutosh\.m2\repository\org\hibernate\hibernate-core\5.2.13.Final\hibernate-core-5.2.13.Final.jar;C:\Users\Ashutosh\.m2\repository\org\jboss\logging\jboss-logging\3.3.1.Final\jboss-logging-3.3.1.Final.jar;C:\Users\Ashutosh\.m2\repository\org\hibernate\javax\persistence\hibernate-jpa-2.1-api\1.0.0.Final\hibernate-jpa-2.1-api-1.0.0.Final.jar;C:\Users\Ashutosh\.m2\repository\org\javassist\javassist\3.22.0-GA\javassist-3.22.0-GA.jar;C:\Users\Ashutosh\.m2\repository\antlr\antlr\2.7.7\antlr-2.7.7.jar;C:\Users\Ashutosh\.m2\repository\org\jboss\spec\javax\transaction\jboss-transaction-api_1.2_spec\1.0.1.Final\jboss-transaction-api_1.2_spec-1.0.1.Final.jar;C:\Users\Ashutosh\.m2\repository\org\jboss\jandex\2.0.3.Final\jandex-2.0.3.Final.jar;C:\Users\Ashutosh\.m2\repository\com\fasterxml\classmate\1.3.0\classmate-1.3.0.jar;C:\Users\Ashutosh\.m2\repository\dom4j\dom4j\1.6.1\dom4j-1.6.1.jar;C:\Users\Ashutosh\.m2\repository\org\hibernate\common\hibernate-commons-annotations\5.0.1.Final\hibernate-commons-annotations-5.0.1.Final.jar;C:\Users\Ashutosh\.m2\repository\org\springframework\spring-orm\5.0.4.RELEASE\spring-orm-5.0.4.RELEASE.jar;C:\Users\Ashutosh\.m2\repository\org\springframework\spring-jdbc\5.0.4.RELEASE\spring-jdbc-5.0.4.RELEASE.jar;C:\Users\Ashutosh\.m2\repository\org\springframework\spring-tx\5.0.4.RELEASE\spring-tx-5.0.4.RELEASE.jar;C:\Users\Ashutosh\.m2\repository\junit\junit\4.12\junit-4.12.jar;C:\Users\Ashutosh\.m2\repository\org\hamcrest\hamcrest-core\1.3\hamcrest-core-1.3.jar;C:\Users\Ashutosh\.m2\repository\com\oracle\ojdbc6\11.2.0\ojdbc6-11.2.0.jar;C:\Users\Ashutosh\.m2\repository\org\slf4j\slf4j-api\1.7.25\slf4j-api-1.7.25.jar;C:\Users\Ashutosh\.m2\repository\javax\xml\bind\jaxb-api\2.3.0\jaxb-api-2.3.0.jar;C:\Users\Ashutosh\.m2\repository\ch\qos\logback\logback-classic\1.2.3\logback-classic-1.2.3.jar;C:\Users\Ashutosh\.m2\repository\ch\qos\logback\logback-core\1.2.3\logback-core-1.2.3.jar;C:\Users\Ashutosh\.m2\repository\com\fasterxml\jackson\core\jackson-databind\2.9.5\jackson-databind-2.9.5.jar;C:\Users\Ashutosh\.m2\repository\com\fasterxml\jackson\core\jackson-annotations\2.9.0\jackson-annotations-2.9.0.jar;C:\Users\Ashutosh\.m2\repository\com\fasterxml\jackson\core\jackson-core\2.9.5\jackson-core-2.9.5.jar;, java.vm.vendor=Oracle Corporation, sun.arch.data.model=64, user.variant=, java.vendor.url=http://java.oracle.com/, user.timezone=Asia/Calcutta, os.name=Windows 10, java.vm.specification.version=9, sun.java.launcher=SUN_STANDARD, user.country=IN, sun.boot.library.path=C:\Program Files\Java\jdk-9.0.4\bin, sun.java.command=C:\Users\Ashutosh\eclipse-workspace1\SocialHubBackEnd\target\surefire\surefirebooter9189324646319493525.jar C:\Users\Ashutosh\eclipse-workspace1\SocialHubBackEnd\target\surefire\surefire9401663766384321274tmp C:\Users\Ashutosh\eclipse-workspace1\SocialHubBackEnd\target\surefire\surefire_08257631268971208726tmp, jdk.debug=release, surefire.test.class.path=C:\Users\Ashutosh\eclipse-workspace1\SocialHubBackEnd\target\test-classes;C:\Users\Ashutosh\eclipse-workspace1\SocialHubBackEnd\target\classes;C:\Users\Ashutosh\.m2\repository\org\springframework\spring-core\5.0.4.RELEASE\spring-core-5.0.4.RELEASE.jar;C:\Users\Ashutosh\.m2\repository\org\springframework\spring-jcl\5.0.4.RELEASE\spring-jcl-5.0.4.RELEASE.jar;C:\Users\Ashutosh\.m2\repository\org\springframework\spring-context\5.0.4.RELEASE\spring-context-5.0.4.RELEASE.jar;C:\Users\Ashutosh\.m2\repository\org\springframework\spring-aop\5.0.4.RELEASE\spring-aop-5.0.4.RELEASE.jar;C:\Users\Ashutosh\.m2\repository\org\springframework\spring-beans\5.0.4.RELEASE\spring-beans-5.0.4.RELEASE.jar;C:\Users\Ashutosh\.m2\repository\org\springframework\spring-expression\5.0.4.RELEASE\spring-expression-5.0.4.RELEASE.jar;C:\Users\Ashutosh\.m2\repository\org\hibernate\hibernate-core\5.2.13.Final\hibernate-core-5.2.13.Final.jar;C:\Users\Ashutosh\.m2\repository\org\jboss\logging\jboss-logging\3.3.1.Final\jboss-logging-3.3.1.Final.jar;C:\Users\Ashutosh\.m2\repository\org\hibernate\javax\persistence\hibernate-jpa-2.1-api\1.0.0.Final\hibernate-jpa-2.1-api-1.0.0.Final.jar;C:\Users\Ashutosh\.m2\repository\org\javassist\javassist\3.22.0-GA\javassist-3.22.0-GA.jar;C:\Users\Ashutosh\.m2\repository\antlr\antlr\2.7.7\antlr-2.7.7.jar;C:\Users\Ashutosh\.m2\repository\org\jboss\spec\javax\transaction\jboss-transaction-api_1.2_spec\1.0.1.Final\jboss-transaction-api_1.2_spec-1.0.1.Final.jar;C:\Users\Ashutosh\.m2\repository\org\jboss\jandex\2.0.3.Final\jandex-2.0.3.Final.jar;C:\Users\Ashutosh\.m2\repository\com\fasterxml\classmate\1.3.0\classmate-1.3.0.jar;C:\Users\Ashutosh\.m2\repository\dom4j\dom4j\1.6.1\dom4j-1.6.1.jar;C:\Users\Ashutosh\.m2\repository\org\hibernate\common\hibernate-commons-annotations\5.0.1.Final\hibernate-commons-annotations-5.0.1.Final.jar;C:\Users\Ashutosh\.m2\repository\org\springframework\spring-orm\5.0.4.RELEASE\spring-orm-5.0.4.RELEASE.jar;C:\Users\Ashutosh\.m2\repository\org\springframework\spring-jdbc\5.0.4.RELEASE\spring-jdbc-5.0.4.RELEASE.jar;C:\Users\Ashutosh\.m2\repository\org\springframework\spring-tx\5.0.4.RELEASE\spring-tx-5.0.4.RELEASE.jar;C:\Users\Ashutosh\.m2\repository\junit\junit\4.12\junit-4.12.jar;C:\Users\Ashutosh\.m2\repository\org\hamcrest\hamcrest-core\1.3\hamcrest-core-1.3.jar;C:\Users\Ashutosh\.m2\repository\com\oracle\ojdbc6\11.2.0\ojdbc6-11.2.0.jar;C:\Users\Ashutosh\.m2\repository\org\slf4j\slf4j-api\1.7.25\slf4j-api-1.7.25.jar;C:\Users\Ashutosh\.m2\repository\javax\xml\bind\jaxb-api\2.3.0\jaxb-api-2.3.0.jar;C:\Users\Ashutosh\.m2\repository\ch\qos\logback\logback-classic\1.2.3\logback-classic-1.2.3.jar;C:\Users\Ashutosh\.m2\repository\ch\qos\logback\logback-core\1.2.3\logback-core-1.2.3.jar;C:\Users\Ashutosh\.m2\repository\com\fasterxml\jackson\core\jackson-databind\2.9.5\jackson-databind-2.9.5.jar;C:\Users\Ashutosh\.m2\repository\com\fasterxml\jackson\core\jackson-annotations\2.9.0\jackson-annotations-2.9.0.jar;C:\Users\Ashutosh\.m2\repository\com\fasterxml\jackson\core\jackson-core\2.9.5\jackson-core-2.9.5.jar;, sun.cpu.endian=little, user.home=C:\Users\Ashutosh, user.language=en, java.specification.vendor=Oracle Corporation, java.home=C:\Program Files\Java\jdk-9.0.4, file.separator=\, basedir=C:\Users\Ashutosh\eclipse-workspace1\SocialHubBackEnd, java.vm.compressedOopsMode=32-bit, line.separator=
, java.vm.specification.vendor=Oracle Corporation, java.specification.name=Java Platform API Specification, java.awt.graphicsenv=sun.awt.Win32GraphicsEnvironment, surefire.real.class.path=C:\Users\Ashutosh\eclipse-workspace1\SocialHubBackEnd\target\surefire\surefirebooter9189324646319493525.jar, user.script=, sun.management.compiler=HotSpot 64-Bit Tiered Compilers, java.runtime.version=9.0.4+11, user.name=Ashutosh, path.separator=;, os.version=10.0, java.runtime.name=Java(TM) SE Runtime Environment, file.encoding=Cp1252, java.vm.name=Java HotSpot(TM) 64-Bit Server VM, localRepository=C:\Users\Ashutosh\.m2\repository, java.vendor.url.bug=http://bugreport.java.com/bugreport/, java.io.tmpdir=C:\Users\Ashutosh\AppData\Local\Temp\, java.version=9.0.4, user.dir=C:\Users\Ashutosh\eclipse-workspace1\SocialHubBackEnd, os.arch=amd64, java.vm.specification.name=Java Virtual Machine Specification, java.awt.printerjob=sun.awt.windows.WPrinterJob, sun.os.patch.level=, java.library.path=C:\Program Files\Java\jdk-9.0.4\bin;C:\WINDOWS\Sun\Java\bin;C:\WINDOWS\system32;C:\WINDOWS;C:\oraclexe\app\oracle\product\11.2.0\server\bin;C:\ProgramData\Oracle\Java\javapath;C:\WINDOWS\system32;C:\WINDOWS;C:\WINDOWS\System32\Wbem;C:\WINDOWS\System32\WindowsPowerShell\v1.0\;C:\Program Files\dotnet\;C:\Program Files\Java\jdk-9.0.4;C:\apache-maven-3.5.3\bin;C:\Program Files\Git\cmd;C:\WINDOWS\System32\OpenSSH\;C:\apache-maven-3.5.3\bin;C:\Program Files\Java\jdk-9.0.4\bin;C:\Users\Ashutosh\AppData\Local\Microsoft\WindowsApps;;., java.vm.info=mixed mode, java.vendor=Oracle Corporation, java.vm.version=9.0.4+11, sun.io.unicode.encoding=UnicodeLittle, java.class.version=53.0}}, SystemEnvironmentPropertySource@499339307 {name=&apos;systemEnvironment&apos;, properties={PATH=C:\oraclexe\app\oracle\product\11.2.0\server\bin;C:\ProgramData\Oracle\Java\javapath;C:\WINDOWS\system32;C:\WINDOWS;C:\WINDOWS\System32\Wbem;C:\WINDOWS\System32\WindowsPowerShell\v1.0\;C:\Program Files\dotnet\;C:\Program Files\Java\jdk-9.0.4;C:\apache-maven-3.5.3\bin;C:\Program Files\Git\cmd;C:\WINDOWS\System32\OpenSSH\;C:\apache-maven-3.5.3\bin;C:\Program Files\Java\jdk-9.0.4\bin;C:\Users\Ashutosh\AppData\Local\Microsoft\WindowsApps;, USERDOMAIN_ROAMINGPROFILE=DESKTOP-UOVIHKU, LOCALAPPDATA=C:\Users\Ashutosh\AppData\Local, PROCESSOR_LEVEL=6, SYSTEMDRIVE=C:, COMMONPROGRAMFILES(X86)=C:\Program Files (x86)\Common Files, USERDOMAIN=DESKTOP-UOVIHKU, FPS_BROWSER_APP_PROFILE_STRING=Internet Explorer, LOGONSERVER=\\DESKTOP-UOVIHKU, JAVA_HOME=C:\Program Files\Java\jdk-9.0.4, PROMPT=$P$G, SESSIONNAME=Console, ALLUSERSPROFILE=C:\ProgramData, PROGRAMFILES(X86)=C:\Program Files (x86), PROCESSOR_ARCHITECTURE=AMD64, DRIVERDATA=C:\Windows\System32\Drivers\DriverData, PROGRAMFILES=C:\Program Files, =C:=C:\Users\Ashutosh\eclipse-workspace1\SocialHubBackEnd, APPDATA=C:\Users\Ashutosh\AppData\Roaming, PSMODULEPATH=C:\Program Files\WindowsPowerShell\Modules;C:\WINDOWS\system32\WindowsPowerShell\v1.0\Modules, PROGRAMW6432=C:\Program Files, PROGRAMDATA=C:\ProgramData, SYSTEMROOT=C:\WINDOWS, USERNAME=Ashutosh, FPS_BROWSER_USER_PROFILE_STRING=Default, ONEDRIVE=C:\Users\Ashutosh\OneDrive, PATHEXT=.COM;.EXE;.BAT;.CMD;.VBS;.VBE;.JS;.JSE;.WSF;.WSH;.MSC, OS=Windows_NT, COMMONPROGRAMW6432=C:\Program Files\Common Files, COMPUTERNAME=DESKTOP-UOVIHKU, COMMONPROGRAMFILES=C:\Program Files\Common Files, COMSPEC=C:\WINDOWS\system32\cmd.exe, PROCESSOR_REVISION=2505, WINDIR=C:\WINDOWS, HOMEPATH=\Users\Ashutosh, TEMP=C:\Users\Ashutosh\AppData\Local\Temp, HOMEDRIVE=C:, PROCESSOR_IDENTIFIER=Intel64 Family 6 Model 37 Stepping 5, GenuineIntel, USERPROFILE=C:\Users\Ashutosh, TMP=C:\Users\Ashutosh\AppData\Local\Temp, M2_HOME=C:\apache-maven-3.5.3;, PUBLIC=C:\Users\Public, NUMBER_OF_PROCESSORS=4, =::=::\}}]
02:16:29.149 [main] DEBUG org.springframework.core.io.support.PathMatchingResourcePatternResolver - Resolved classpath location [com/ashutosh/] to resources [URL [file:/C:/Users/Ashutosh/eclipse-workspace1/SocialHubBackEnd/target/test-classes/com/ashutosh/], URL [file:/C:/Users/Ashutosh/eclipse-workspace1/SocialHubBackEnd/target/classes/com/ashutosh/]]
02:16:29.149 [main] DEBUG org.springframework.core.io.support.PathMatchingResourcePatternResolver - Looking for matching resources in directory tree [C:\Users\Ashutosh\eclipse-workspace1\SocialHubBackEnd\target\test-classes\com\ashutosh]
02:16:29.149 [main] DEBUG org.springframework.core.io.support.PathMatchingResourcePatternResolver - Searching directory [C:\Users\Ashutosh\eclipse-workspace1\SocialHubBackEnd\target\test-classes\com\ashutosh] for files matching pattern [C:/Users/Ashutosh/eclipse-workspace1/SocialHubBackEnd/target/test-classes/com/ashutosh/**/*.class]
02:16:29.150 [main] DEBUG org.springframework.core.io.support.PathMatchingResourcePatternResolver - Searching directory [C:\Users\Ashutosh\eclipse-workspace1\SocialHubBackEnd\target\test-classes\com\ashutosh\socialhub] for files matching pattern [C:/Users/Ashutosh/eclipse-workspace1/SocialHubBackEnd/target/test-classes/com/ashutosh/**/*.class]
02:16:29.152 [main] DEBUG org.springframework.core.io.support.PathMatchingResourcePatternResolver - Looking for matching resources in directory tree [C:\Users\Ashutosh\eclipse-workspace1\SocialHubBackEnd\target\classes\com\ashutosh]
02:16:29.152 [main] DEBUG org.springframework.core.io.support.PathMatchingResourcePatternResolver - Searching directory [C:\Users\Ashutosh\eclipse-workspace1\SocialHubBackEnd\target\classes\com\ashutosh] for files matching pattern [C:/Users/Ashutosh/eclipse-workspace1/SocialHubBackEnd/target/classes/com/ashutosh/**/*.class]
02:16:29.153 [main] DEBUG org.springframework.core.io.support.PathMatchingResourcePatternResolver - Searching directory [C:\Users\Ashutosh\eclipse-workspace1\SocialHubBackEnd\target\classes\com\ashutosh\socialhub] for files matching pattern [C:/Users/Ashutosh/eclipse-workspace1/SocialHubBackEnd/target/classes/com/ashutosh/**/*.class]
02:16:29.153 [main] DEBUG org.springframework.core.io.support.PathMatchingResourcePatternResolver - Searching directory [C:\Users\Ashutosh\eclipse-workspace1\SocialHubBackEnd\target\classes\com\ashutosh\socialhub\config] for files matching pattern [C:/Users/Ashutosh/eclipse-workspace1/SocialHubBackEnd/target/classes/com/ashutosh/**/*.class]
02:16:29.154 [main] DEBUG org.springframework.core.io.support.PathMatchingResourcePatternResolver - Searching directory [C:\Users\Ashutosh\eclipse-workspace1\SocialHubBackEnd\target\classes\com\ashutosh\socialhub\dao] for files matching pattern [C:/Users/Ashutosh/eclipse-workspace1/SocialHubBackEnd/target/classes/com/ashutosh/**/*.class]
02:16:29.155 [main] DEBUG org.springframework.core.io.support.PathMatchingResourcePatternResolver - Searching directory [C:\Users\Ashutosh\eclipse-workspace1\SocialHubBackEnd\target\classes\com\ashutosh\socialhub\dao\impl] for files matching pattern [C:/Users/Ashutosh/eclipse-workspace1/SocialHubBackEnd/target/classes/com/ashutosh/**/*.class]
02:16:29.157 [main] DEBUG org.springframework.core.io.support.PathMatchingResourcePatternResolver - Searching directory [C:\Users\Ashutosh\eclipse-workspace1\SocialHubBackEnd\target\classes\com\ashutosh\socialhub\domain] for files matching pattern [C:/Users/Ashutosh/eclipse-workspace1/SocialHubBackEnd/target/classes/com/ashutosh/**/*.class]
02:16:29.160 [main] DEBUG org.springframework.core.io.support.PathMatchingResourcePatternResolver - Resolved location pattern [classpath*:com/ashutosh/**/*.class] to resources [file [C:\Users\Ashutosh\eclipse-workspace1\SocialHubBackEnd\target\test-classes\com\ashutosh\socialhub\BlogcommentTestCase.class], file [C:\Users\Ashutosh\eclipse-workspace1\SocialHubBackEnd\target\test-classes\com\ashutosh\socialhub\BlogDAOTestCase.class], file [C:\Users\Ashutosh\eclipse-workspace1\SocialHubBackEnd\target\test-classes\com\ashutosh\socialhub\ForumCommentTestCase.class], file [C:\Users\Ashutosh\eclipse-workspace1\SocialHubBackEnd\target\test-classes\com\ashutosh\socialhub\ForumDAOTestCase.class], file [C:\Users\Ashutosh\eclipse-workspace1\SocialHubBackEnd\target\test-classes\com\ashutosh\socialhub\FriendDAOTestCase.class], file [C:\Users\Ashutosh\eclipse-workspace1\SocialHubBackEnd\target\test-classes\com\ashutosh\socialhub\JobApplicationDAOTestCase.class], file [C:\Users\Ashutosh\eclipse-workspace1\SocialHubBackEnd\target\test-classes\com\ashutosh\socialhub\JobDetailDAOTestCase.class], file [C:\Users\Ashutosh\eclipse-workspace1\SocialHubBackEnd\target\test-classes\com\ashutosh\socialhub\SuggestionAddDAOTestCase.class], file [C:\Users\Ashutosh\eclipse-workspace1\SocialHubBackEnd\target\test-classes\com\ashutosh\socialhub\UserDAOTestCase.class], file [C:\Users\Ashutosh\eclipse-workspace1\SocialHubBackEnd\target\classes\com\ashutosh\socialhub\config\ApplicationContextConfig.class], file [C:\Users\Ashutosh\eclipse-workspace1\SocialHubBackEnd\target\classes\com\ashutosh\socialhub\dao\BlogcommentDAO.class], file [C:\Users\Ashutosh\eclipse-workspace1\SocialHubBackEnd\target\classes\com\ashutosh\socialhub\dao\BlogDAO.class], file [C:\Users\Ashutosh\eclipse-workspace1\SocialHubBackEnd\target\classes\com\ashutosh\socialhub\dao\ForumCommentDAO.class], file [C:\Users\Ashutosh\eclipse-workspace1\SocialHubBackEnd\target\classes\com\ashutosh\socialhub\dao\ForumDAO.class], file [C:\Users\Ashutosh\eclipse-workspace1\SocialHubBackEnd\target\classes\com\ashutosh\socialhub\dao\FriendDAO.class], file [C:\Users\Ashutosh\eclipse-workspace1\SocialHubBackEnd\target\classes\com\ashutosh\socialhub\dao\impl\BlogcommentDAOImpl.class], file [C:\Users\Ashutosh\eclipse-workspace1\SocialHubBackEnd\target\classes\com\ashutosh\socialhub\dao\impl\BlogDAOImpl.class], file [C:\Users\Ashutosh\eclipse-workspace1\SocialHubBackEnd\target\classes\com\ashutosh\socialhub\dao\impl\ForumCommentDAOImpl.class], file [C:\Users\Ashutosh\eclipse-workspace1\SocialHubBackEnd\target\classes\com\ashutosh\socialhub\dao\impl\ForumDAOImpl.class], file [C:\Users\Ashutosh\eclipse-workspace1\SocialHubBackEnd\target\classes\com\ashutosh\socialhub\dao\impl\FriendDAOImpl.class], file [C:\Users\Ashutosh\eclipse-workspace1\SocialHubBackEnd\target\classes\com\ashutosh\socialhub\dao\impl\JobApplicationDAOImpl.class], file [C:\Users\Ashutosh\eclipse-workspace1\SocialHubBackEnd\target\classes\com\ashutosh\socialhub\dao\impl\JobDetailDAOImpl.class], file [C:\Users\Ashutosh\eclipse-workspace1\SocialHubBackEnd\target\classes\com\ashutosh\socialhub\dao\impl\ProfilePictureDAOImpl.class], file [C:\Users\Ashutosh\eclipse-workspace1\SocialHubBackEnd\target\classes\com\ashutosh\socialhub\dao\impl\SuggestionDAOImpl.class], file [C:\Users\Ashutosh\eclipse-workspace1\SocialHubBackEnd\target\classes\com\ashutosh\socialhub\dao\impl\UserDAOImpl.class], file [C:\Users\Ashutosh\eclipse-workspace1\SocialHubBackEnd\target\classes\com\ashutosh\socialhub\dao\JobApplicationDAO.class], file [C:\Users\Ashutosh\eclipse-workspace1\SocialHubBackEnd\target\classes\com\ashutosh\socialhub\dao\JobDetailDAO.class], file [C:\Users\Ashutosh\eclipse-workspace1\SocialHubBackEnd\target\classes\com\ashutosh\socialhub\dao\ProfilePictureDAO.class], file [C:\Users\Ashutosh\eclipse-workspace1\SocialHubBackEnd\target\classes\com\ashutosh\socialhub\dao\SuggestionDAO.class], file [C:\Users\Ashutosh\eclipse-workspace1\SocialHubBackEnd\target\classes\com\ashutosh\socialhub\dao\UserDAO.class], file [C:\Users\Ashutosh\eclipse-workspace1\SocialHubBackEnd\target\classes\com\ashutosh\socialhub\domain\Blog.class], file [C:\Users\Ashutosh\eclipse-workspace1\SocialHubBackEnd\target\classes\com\ashutosh\socialhub\domain\Blogcomment.class], file [C:\Users\Ashutosh\eclipse-workspace1\SocialHubBackEnd\target\classes\com\ashutosh\socialhub\domain\Forum.class], file [C:\Users\Ashutosh\eclipse-workspace1\SocialHubBackEnd\target\classes\com\ashutosh\socialhub\domain\ForumComment.class], file [C:\Users\Ashutosh\eclipse-workspace1\SocialHubBackEnd\target\classes\com\ashutosh\socialhub\domain\Friend.class], file [C:\Users\Ashutosh\eclipse-workspace1\SocialHubBackEnd\target\classes\com\ashutosh\socialhub\domain\JobApplication.class], file [C:\Users\Ashutosh\eclipse-workspace1\SocialHubBackEnd\target\classes\com\ashutosh\socialhub\domain\JobDetail.class], file [C:\Users\Ashutosh\eclipse-workspace1\SocialHubBackEnd\target\classes\com\ashutosh\socialhub\domain\Message.class], file [C:\Users\Ashutosh\eclipse-workspace1\SocialHubBackEnd\target\classes\com\ashutosh\socialhub\domain\OutputMessage.class], file [C:\Users\Ashutosh\eclipse-workspace1\SocialHubBackEnd\target\classes\com\ashutosh\socialhub\domain\ProfileImage.class], file [C:\Users\Ashutosh\eclipse-workspace1\SocialHubBackEnd\target\classes\com\ashutosh\socialhub\domain\Suggestion.class], file [C:\Users\Ashutosh\eclipse-workspace1\SocialHubBackEnd\target\classes\com\ashutosh\socialhub\domain\UserDetail.class]]
02:16:29.179 [main] DEBUG org.springframework.context.annotation.ClassPathBeanDefinitionScanner - Identified candidate component class: file [C:\Users\Ashutosh\eclipse-workspace1\SocialHubBackEnd\target\classes\com\ashutosh\socialhub\config\ApplicationContextConfig.class]
02:16:29.183 [main] DEBUG org.springframework.context.annotation.ClassPathBeanDefinitionScanner - Identified candidate component class: file [C:\Users\Ashutosh\eclipse-workspace1\SocialHubBackEnd\target\classes\com\ashutosh\socialhub\dao\impl\BlogcommentDAOImpl.class]
02:16:29.184 [main] DEBUG org.springframework.context.annotation.ClassPathBeanDefinitionScanner - Identified candidate component class: file [C:\Users\Ashutosh\eclipse-workspace1\SocialHubBackEnd\target\classes\com\ashutosh\socialhub\dao\impl\BlogDAOImpl.class]
02:16:29.189 [main] DEBUG org.springframework.context.annotation.ClassPathBeanDefinitionScanner - Identified candidate component class: file [C:\Users\Ashutosh\eclipse-workspace1\SocialHubBackEnd\target\classes\com\ashutosh\socialhub\dao\impl\ForumCommentDAOImpl.class]
02:16:29.190 [main] DEBUG org.springframework.context.annotation.ClassPathBeanDefinitionScanner - Identified candidate component class: file [C:\Users\Ashutosh\eclipse-workspace1\SocialHubBackEnd\target\classes\com\ashutosh\socialhub\dao\impl\ForumDAOImpl.class]
02:16:29.192 [main] DEBUG org.springframework.context.annotation.ClassPathBeanDefinitionScanner - Identified candidate component class: file [C:\Users\Ashutosh\eclipse-workspace1\SocialHubBackEnd\target\classes\com\ashutosh\socialhub\dao\impl\FriendDAOImpl.class]
02:16:29.193 [main] DEBUG org.springframework.context.annotation.ClassPathBeanDefinitionScanner - Identified candidate component class: file [C:\Users\Ashutosh\eclipse-workspace1\SocialHubBackEnd\target\classes\com\ashutosh\socialhub\dao\impl\JobApplicationDAOImpl.class]
02:16:29.195 [main] DEBUG org.springframework.context.annotation.ClassPathBeanDefinitionScanner - Identified candidate component class: file [C:\Users\Ashutosh\eclipse-workspace1\SocialHubBackEnd\target\classes\com\ashutosh\socialhub\dao\impl\JobDetailDAOImpl.class]
02:16:29.199 [main] DEBUG org.springframework.context.annotation.ClassPathBeanDefinitionScanner - Identified candidate component class: file [C:\Users\Ashutosh\eclipse-workspace1\SocialHubBackEnd\target\classes\com\ashutosh\socialhub\dao\impl\ProfilePictureDAOImpl.class]
02:16:29.201 [main] DEBUG org.springframework.context.annotation.ClassPathBeanDefinitionScanner - Identified candidate component class: file [C:\Users\Ashutosh\eclipse-workspace1\SocialHubBackEnd\target\classes\com\ashutosh\socialhub\dao\impl\SuggestionDAOImpl.class]
02:16:29.202 [main] DEBUG org.springframework.context.annotation.ClassPathBeanDefinitionScanner - Identified candidate component class: file [C:\Users\Ashutosh\eclipse-workspace1\SocialHubBackEnd\target\classes\com\ashutosh\socialhub\dao\impl\UserDAOImpl.class]
02:16:29.207 [main] DEBUG org.springframework.context.annotation.ClassPathBeanDefinitionScanner - Ignored because not a concrete top-level class: file [C:\Users\Ashutosh\eclipse-workspace1\SocialHubBackEnd\target\classes\com\ashutosh\socialhub\dao\ProfilePictureDAO.class]
02:16:29.209 [main] DEBUG org.springframework.context.annotation.ClassPathBeanDefinitionScanner - Identified candidate component class: file [C:\Users\Ashutosh\eclipse-workspace1\SocialHubBackEnd\target\classes\com\ashutosh\socialhub\domain\Blog.class]
02:16:29.210 [main] DEBUG org.springframework.context.annotation.ClassPathBeanDefinitionScanner - Identified candidate component class: file [C:\Users\Ashutosh\eclipse-workspace1\SocialHubBackEnd\target\classes\com\ashutosh\socialhub\domain\Blogcomment.class]
02:16:29.214 [main] DEBUG org.springframework.context.annotation.ClassPathBeanDefinitionScanner - Identified candidate component class: file [C:\Users\Ashutosh\eclipse-workspace1\SocialHubBackEnd\target\classes\com\ashutosh\socialhub\domain\Forum.class]
02:16:29.215 [main] DEBUG org.springframework.context.annotation.ClassPathBeanDefinitionScanner - Identified candidate component class: file [C:\Users\Ashutosh\eclipse-workspace1\SocialHubBackEnd\target\classes\com\ashutosh\socialhub\domain\ForumComment.class]
02:16:29.217 [main] DEBUG org.springframework.context.annotation.ClassPathBeanDefinitionScanner - Identified candidate component class: file [C:\Users\Ashutosh\eclipse-workspace1\SocialHubBackEnd\target\classes\com\ashutosh\socialhub\domain\Friend.class]
02:16:29.218 [main] DEBUG org.springframework.context.annotation.ClassPathBeanDefinitionScanner - Identified candidate component class: file [C:\Users\Ashutosh\eclipse-workspace1\SocialHubBackEnd\target\classes\com\ashutosh\socialhub\domain\JobApplication.class]
02:16:29.221 [main] DEBUG org.springframework.context.annotation.ClassPathBeanDefinitionScanner - Identified candidate component class: file [C:\Users\Ashutosh\eclipse-workspace1\SocialHubBackEnd\target\classes\com\ashutosh\socialhub\domain\JobDetail.class]
02:16:29.223 [main] DEBUG org.springframework.context.annotation.ClassPathBeanDefinitionScanner - Identified candidate component class: file [C:\Users\Ashutosh\eclipse-workspace1\SocialHubBackEnd\target\classes\com\ashutosh\socialhub\domain\ProfileImage.class]
02:16:29.224 [main] DEBUG org.springframework.context.annotation.ClassPathBeanDefinitionScanner - Identified candidate component class: file [C:\Users\Ashutosh\eclipse-workspace1\SocialHubBackEnd\target\classes\com\ashutosh\socialhub\domain\Suggestion.class]
02:16:29.225 [main] DEBUG org.springframework.context.annotation.ClassPathBeanDefinitionScanner - Identified candidate component class: file [C:\Users\Ashutosh\eclipse-workspace1\SocialHubBackEnd\target\classes\com\ashutosh\socialhub\domain\UserDetail.class]
02:16:29.232 [main] INFO org.springframework.context.annotation.AnnotationConfigApplicationContext - Refreshing org.springframework.context.annotation.AnnotationConfigApplicationContext@561b7d53: startup date [Mon Jul 16 02:16:29 IST 2018]; root of context hierarchy
02:16:29.233 [main] DEBUG org.springframework.context.annotation.AnnotationConfigApplicationContext - Bean factory for org.springframework.context.annotation.AnnotationConfigApplicationContext@561b7d53: org.springframework.beans.factory.support.DefaultListableBeanFactory@ff23ae7: defining beans [org.springframework.context.annotation.internalConfigurationAnnotationProcessor,org.springframework.context.annotation.internalAutowiredAnnotationProcessor,org.springframework.context.annotation.internalRequiredAnnotationProcessor,org.springframework.context.annotation.internalPersistenceAnnotationProcessor,org.springframework.context.event.internalEventListenerProcessor,org.springframework.context.event.internalEventListenerFactory,applicationContextConfig,blogcommentDAO,blogDAO,forumcommentDAO,forumDAO,friendDAO,jobappDAO,jobdetailDAO,profilepictureDAO,suggestionDAO,userDAO,blog,blogcomment,forum,forumComment,friend,jobApplication,jobDetail,profileImage,suggestion,userDetail]; root of factory hierarchy
02:16:29.234 [main] DEBUG org.springframework.beans.factory.support.DefaultListableBeanFactory - Creating shared instance of singleton bean &apos;org.springframework.context.annotation.internalConfigurationAnnotationProcessor&apos;
02:16:29.234 [main] DEBUG org.springframework.beans.factory.support.DefaultListableBeanFactory - Creating instance of bean &apos;org.springframework.context.annotation.internalConfigurationAnnotationProcessor&apos;
02:16:29.234 [main] DEBUG org.springframework.beans.factory.support.DefaultListableBeanFactory - Eagerly caching bean &apos;org.springframework.context.annotation.internalConfigurationAnnotationProcessor&apos; to allow for resolving potential circular references
02:16:29.234 [main] DEBUG org.springframework.beans.factory.support.DefaultListableBeanFactory - Finished creating instance of bean &apos;org.springframework.context.annotation.internalConfigurationAnnotationProcessor&apos;
02:16:29.242 [main] DEBUG org.springframework.core.io.support.PathMatchingResourcePatternResolver - Resolved classpath location [com/ashutosh/] to resources [URL [file:/C:/Users/Ashutosh/eclipse-workspace1/SocialHubBackEnd/target/test-classes/com/ashutosh/], URL [file:/C:/Users/Ashutosh/eclipse-workspace1/SocialHubBackEnd/target/classes/com/ashutosh/]]
02:16:29.242 [main] DEBUG org.springframework.core.io.support.PathMatchingResourcePatternResolver - Looking for matching resources in directory tree [C:\Users\Ashutosh\eclipse-workspace1\SocialHubBackEnd\target\test-classes\com\ashutosh]
02:16:29.243 [main] DEBUG org.springframework.core.io.support.PathMatchingResourcePatternResolver - Searching directory [C:\Users\Ashutosh\eclipse-workspace1\SocialHubBackEnd\target\test-classes\com\ashutosh] for files matching pattern [C:/Users/Ashutosh/eclipse-workspace1/SocialHubBackEnd/target/test-classes/com/ashutosh/**/*.class]
02:16:29.243 [main] DEBUG org.springframework.core.io.support.PathMatchingResourcePatternResolver - Searching directory [C:\Users\Ashutosh\eclipse-workspace1\SocialHubBackEnd\target\test-classes\com\ashutosh\socialhub] for files matching pattern [C:/Users/Ashutosh/eclipse-workspace1/SocialHubBackEnd/target/test-classes/com/ashutosh/**/*.class]
02:16:29.245 [main] DEBUG org.springframework.core.io.support.PathMatchingResourcePatternResolver - Looking for matching resources in directory tree [C:\Users\Ashutosh\eclipse-workspace1\SocialHubBackEnd\target\classes\com\ashutosh]
02:16:29.245 [main] DEBUG org.springframework.core.io.support.PathMatchingResourcePatternResolver - Searching directory [C:\Users\Ashutosh\eclipse-workspace1\SocialHubBackEnd\target\classes\com\ashutosh] for files matching pattern [C:/Users/Ashutosh/eclipse-workspace1/SocialHubBackEnd/target/classes/com/ashutosh/**/*.class]
02:16:29.246 [main] DEBUG org.springframework.core.io.support.PathMatchingResourcePatternResolver - Searching directory [C:\Users\Ashutosh\eclipse-workspace1\SocialHubBackEnd\target\classes\com\ashutosh\socialhub] for files matching pattern [C:/Users/Ashutosh/eclipse-workspace1/SocialHubBackEnd/target/classes/com/ashutosh/**/*.class]
02:16:29.246 [main] DEBUG org.springframework.core.io.support.PathMatchingResourcePatternResolver - Searching directory [C:\Users\Ashutosh\eclipse-workspace1\SocialHubBackEnd\target\classes\com\ashutosh\socialhub\config] for files matching pattern [C:/Users/Ashutosh/eclipse-workspace1/SocialHubBackEnd/target/classes/com/ashutosh/**/*.class]
02:16:29.247 [main] DEBUG org.springframework.core.io.support.PathMatchingResourcePatternResolver - Searching directory [C:\Users\Ashutosh\eclipse-workspace1\SocialHubBackEnd\target\classes\com\ashutosh\socialhub\dao] for files matching pattern [C:/Users/Ashutosh/eclipse-workspace1/SocialHubBackEnd/target/classes/com/ashutosh/**/*.class]
02:16:29.249 [main] DEBUG org.springframework.core.io.support.PathMatchingResourcePatternResolver - Searching directory [C:\Users\Ashutosh\eclipse-workspace1\SocialHubBackEnd\target\classes\com\ashutosh\socialhub\dao\impl] for files matching pattern [C:/Users/Ashutosh/eclipse-workspace1/SocialHubBackEnd/target/classes/com/ashutosh/**/*.class]
02:16:29.251 [main] DEBUG org.springframework.core.io.support.PathMatchingResourcePatternResolver - Searching directory [C:\Users\Ashutosh\eclipse-workspace1\SocialHubBackEnd\target\classes\com\ashutosh\socialhub\domain] for files matching pattern [C:/Users/Ashutosh/eclipse-workspace1/SocialHubBackEnd/target/classes/com/ashutosh/**/*.class]
02:16:29.256 [main] DEBUG org.springframework.core.io.support.PathMatchingResourcePatternResolver - Resolved location pattern [classpath*:com/ashutosh/**/*.class] to resources [file [C:\Users\Ashutosh\eclipse-workspace1\SocialHubBackEnd\target\test-classes\com\ashutosh\socialhub\BlogcommentTestCase.class], file [C:\Users\Ashutosh\eclipse-workspace1\SocialHubBackEnd\target\test-classes\com\ashutosh\socialhub\BlogDAOTestCase.class], file [C:\Users\Ashutosh\eclipse-workspace1\SocialHubBackEnd\target\test-classes\com\ashutosh\socialhub\ForumCommentTestCase.class], file [C:\Users\Ashutosh\eclipse-workspace1\SocialHubBackEnd\target\test-classes\com\ashutosh\socialhub\ForumDAOTestCase.class], file [C:\Users\Ashutosh\eclipse-workspace1\SocialHubBackEnd\target\test-classes\com\ashutosh\socialhub\FriendDAOTestCase.class], file [C:\Users\Ashutosh\eclipse-workspace1\SocialHubBackEnd\target\test-classes\com\ashutosh\socialhub\JobApplicationDAOTestCase.class], file [C:\Users\Ashutosh\eclipse-workspace1\SocialHubBackEnd\target\test-classes\com\ashutosh\socialhub\JobDetailDAOTestCase.class], file [C:\Users\Ashutosh\eclipse-workspace1\SocialHubBackEnd\target\test-classes\com\ashutosh\socialhub\SuggestionAddDAOTestCase.class], file [C:\Users\Ashutosh\eclipse-workspace1\SocialHubBackEnd\target\test-classes\com\ashutosh\socialhub\UserDAOTestCase.class], file [C:\Users\Ashutosh\eclipse-workspace1\SocialHubBackEnd\target\classes\com\ashutosh\socialhub\config\ApplicationContextConfig.class], file [C:\Users\Ashutosh\eclipse-workspace1\SocialHubBackEnd\target\classes\com\ashutosh\socialhub\dao\BlogcommentDAO.class], file [C:\Users\Ashutosh\eclipse-workspace1\SocialHubBackEnd\target\classes\com\ashutosh\socialhub\dao\BlogDAO.class], file [C:\Users\Ashutosh\eclipse-workspace1\SocialHubBackEnd\target\classes\com\ashutosh\socialhub\dao\ForumCommentDAO.class], file [C:\Users\Ashutosh\eclipse-workspace1\SocialHubBackEnd\target\classes\com\ashutosh\socialhub\dao\ForumDAO.class], file [C:\Users\Ashutosh\eclipse-workspace1\SocialHubBackEnd\target\classes\com\ashutosh\socialhub\dao\FriendDAO.class], file [C:\Users\Ashutosh\eclipse-workspace1\SocialHubBackEnd\target\classes\com\ashutosh\socialhub\dao\impl\BlogcommentDAOImpl.class], file [C:\Users\Ashutosh\eclipse-workspace1\SocialHubBackEnd\target\classes\com\ashutosh\socialhub\dao\impl\BlogDAOImpl.class], file [C:\Users\Ashutosh\eclipse-workspace1\SocialHubBackEnd\target\classes\com\ashutosh\socialhub\dao\impl\ForumCommentDAOImpl.class], file [C:\Users\Ashutosh\eclipse-workspace1\SocialHubBackEnd\target\classes\com\ashutosh\socialhub\dao\impl\ForumDAOImpl.class], file [C:\Users\Ashutosh\eclipse-workspace1\SocialHubBackEnd\target\classes\com\ashutosh\socialhub\dao\impl\FriendDAOImpl.class], file [C:\Users\Ashutosh\eclipse-workspace1\SocialHubBackEnd\target\classes\com\ashutosh\socialhub\dao\impl\JobApplicationDAOImpl.class], file [C:\Users\Ashutosh\eclipse-workspace1\SocialHubBackEnd\target\classes\com\ashutosh\socialhub\dao\impl\JobDetailDAOImpl.class], file [C:\Users\Ashutosh\eclipse-workspace1\SocialHubBackEnd\target\classes\com\ashutosh\socialhub\dao\impl\ProfilePictureDAOImpl.class], file [C:\Users\Ashutosh\eclipse-workspace1\SocialHubBackEnd\target\classes\com\ashutosh\socialhub\dao\impl\SuggestionDAOImpl.class], file [C:\Users\Ashutosh\eclipse-workspace1\SocialHubBackEnd\target\classes\com\ashutosh\socialhub\dao\impl\UserDAOImpl.class], file [C:\Users\Ashutosh\eclipse-workspace1\SocialHubBackEnd\target\classes\com\ashutosh\socialhub\dao\JobApplicationDAO.class], file [C:\Users\Ashutosh\eclipse-workspace1\SocialHubBackEnd\target\classes\com\ashutosh\socialhub\dao\JobDetailDAO.class], file [C:\Users\Ashutosh\eclipse-workspace1\SocialHubBackEnd\target\classes\com\ashutosh\socialhub\dao\ProfilePictureDAO.class], file [C:\Users\Ashutosh\eclipse-workspace1\SocialHubBackEnd\target\classes\com\ashutosh\socialhub\dao\SuggestionDAO.class], file [C:\Users\Ashutosh\eclipse-workspace1\SocialHubBackEnd\target\classes\com\ashutosh\socialhub\dao\UserDAO.class], file [C:\Users\Ashutosh\eclipse-workspace1\SocialHubBackEnd\target\classes\com\ashutosh\socialhub\domain\Blog.class], file [C:\Users\Ashutosh\eclipse-workspace1\SocialHubBackEnd\target\classes\com\ashutosh\socialhub\domain\Blogcomment.class], file [C:\Users\Ashutosh\eclipse-workspace1\SocialHubBackEnd\target\classes\com\ashutosh\socialhub\domain\Forum.class], file [C:\Users\Ashutosh\eclipse-workspace1\SocialHubBackEnd\target\classes\com\ashutosh\socialhub\domain\ForumComment.class], file [C:\Users\Ashutosh\eclipse-workspace1\SocialHubBackEnd\target\classes\com\ashutosh\socialhub\domain\Friend.class], file [C:\Users\Ashutosh\eclipse-workspace1\SocialHubBackEnd\target\classes\com\ashutosh\socialhub\domain\JobApplication.class], file [C:\Users\Ashutosh\eclipse-workspace1\SocialHubBackEnd\target\classes\com\ashutosh\socialhub\domain\JobDetail.class], file [C:\Users\Ashutosh\eclipse-workspace1\SocialHubBackEnd\target\classes\com\ashutosh\socialhub\domain\Message.class], file [C:\Users\Ashutosh\eclipse-workspace1\SocialHubBackEnd\target\classes\com\ashutosh\socialhub\domain\OutputMessage.class], file [C:\Users\Ashutosh\eclipse-workspace1\SocialHubBackEnd\target\classes\com\ashutosh\socialhub\domain\ProfileImage.class], file [C:\Users\Ashutosh\eclipse-workspace1\SocialHubBackEnd\target\classes\com\ashutosh\socialhub\domain\Suggestion.class], file [C:\Users\Ashutosh\eclipse-workspace1\SocialHubBackEnd\target\classes\com\ashutosh\socialhub\domain\UserDetail.class]]
02:16:29.260 [main] DEBUG org.springframework.context.annotation.ClassPathBeanDefinitionScanner - Identified candidate component class: file [C:\Users\Ashutosh\eclipse-workspace1\SocialHubBackEnd\target\classes\com\ashutosh\socialhub\dao\impl\BlogcommentDAOImpl.class]
02:16:29.260 [main] DEBUG org.springframework.context.annotation.ClassPathBeanDefinitionScanner - Identified candidate component class: file [C:\Users\Ashutosh\eclipse-workspace1\SocialHubBackEnd\target\classes\com\ashutosh\socialhub\dao\impl\BlogDAOImpl.class]
02:16:29.260 [main] DEBUG org.springframework.context.annotation.ClassPathBeanDefinitionScanner - Identified candidate component class: file [C:\Users\Ashutosh\eclipse-workspace1\SocialHubBackEnd\target\classes\com\ashutosh\socialhub\dao\impl\ForumCommentDAOImpl.class]
02:16:29.261 [main] DEBUG org.springframework.context.annotation.ClassPathBeanDefinitionScanner - Identified candidate component class: file [C:\Users\Ashutosh\eclipse-workspace1\SocialHubBackEnd\target\classes\com\ashutosh\socialhub\dao\impl\ForumDAOImpl.class]
02:16:29.261 [main] DEBUG org.springframework.context.annotation.ClassPathBeanDefinitionScanner - Identified candidate component class: file [C:\Users\Ashutosh\eclipse-workspace1\SocialHubBackEnd\target\classes\com\ashutosh\socialhub\dao\impl\FriendDAOImpl.class]
02:16:29.261 [main] DEBUG org.springframework.context.annotation.ClassPathBeanDefinitionScanner - Identified candidate component class: file [C:\Users\Ashutosh\eclipse-workspace1\SocialHubBackEnd\target\classes\com\ashutosh\socialhub\dao\impl\JobApplicationDAOImpl.class]
02:16:29.262 [main] DEBUG org.springframework.context.annotation.ClassPathBeanDefinitionScanner - Identified candidate component class: file [C:\Users\Ashutosh\eclipse-workspace1\SocialHubBackEnd\target\classes\com\ashutosh\socialhub\dao\impl\JobDetailDAOImpl.class]
02:16:29.262 [main] DEBUG org.springframework.context.annotation.ClassPathBeanDefinitionScanner - Identified candidate component class: file [C:\Users\Ashutosh\eclipse-workspace1\SocialHubBackEnd\target\classes\com\ashutosh\socialhub\dao\impl\ProfilePictureDAOImpl.class]
02:16:29.262 [main] DEBUG org.springframework.context.annotation.ClassPathBeanDefinitionScanner - Identified candidate component class: file [C:\Users\Ashutosh\eclipse-workspace1\SocialHubBackEnd\target\classes\com\ashutosh\socialhub\dao\impl\SuggestionDAOImpl.class]
02:16:29.263 [main] DEBUG org.springframework.context.annotation.ClassPathBeanDefinitionScanner - Identified candidate component class: file [C:\Users\Ashutosh\eclipse-workspace1\SocialHubBackEnd\target\classes\com\ashutosh\socialhub\dao\impl\UserDAOImpl.class]
02:16:29.263 [main] DEBUG org.springframework.context.annotation.ClassPathBeanDefinitionScanner - Ignored because not a concrete top-level class: file [C:\Users\Ashutosh\eclipse-workspace1\SocialHubBackEnd\target\classes\com\ashutosh\socialhub\dao\ProfilePictureDAO.class]
02:16:29.264 [main] DEBUG org.springframework.context.annotation.ClassPathBeanDefinitionScanner - Identified candidate component class: file [C:\Users\Ashutosh\eclipse-workspace1\SocialHubBackEnd\target\classes\com\ashutosh\socialhub\domain\Blog.class]
02:16:29.265 [main] DEBUG org.springframework.context.annotation.ClassPathBeanDefinitionScanner - Identified candidate component class: file [C:\Users\Ashutosh\eclipse-workspace1\SocialHubBackEnd\target\classes\com\ashutosh\socialhub\domain\Blogcomment.class]
02:16:29.265 [main] DEBUG org.springframework.context.annotation.ClassPathBeanDefinitionScanner - Identified candidate component class: file [C:\Users\Ashutosh\eclipse-workspace1\SocialHubBackEnd\target\classes\com\ashutosh\socialhub\domain\Forum.class]
02:16:29.265 [main] DEBUG org.springframework.context.annotation.ClassPathBeanDefinitionScanner - Identified candidate component class: file [C:\Users\Ashutosh\eclipse-workspace1\SocialHubBackEnd\target\classes\com\ashutosh\socialhub\domain\ForumComment.class]
02:16:29.266 [main] DEBUG org.springframework.context.annotation.ClassPathBeanDefinitionScanner - Identified candidate component class: file [C:\Users\Ashutosh\eclipse-workspace1\SocialHubBackEnd\target\classes\com\ashutosh\socialhub\domain\Friend.class]
02:16:29.266 [main] DEBUG org.springframework.context.annotation.ClassPathBeanDefinitionScanner - Identified candidate component class: file [C:\Users\Ashutosh\eclipse-workspace1\SocialHubBackEnd\target\classes\com\ashutosh\socialhub\domain\JobApplication.class]
02:16:29.266 [main] DEBUG org.springframework.context.annotation.ClassPathBeanDefinitionScanner - Identified candidate component class: file [C:\Users\Ashutosh\eclipse-workspace1\SocialHubBackEnd\target\classes\com\ashutosh\socialhub\domain\JobDetail.class]
02:16:29.267 [main] DEBUG org.springframework.context.annotation.ClassPathBeanDefinitionScanner - Identified candidate component class: file [C:\Users\Ashutosh\eclipse-workspace1\SocialHubBackEnd\target\classes\com\ashutosh\socialhub\domain\ProfileImage.class]
02:16:29.267 [main] DEBUG org.springframework.context.annotation.ClassPathBeanDefinitionScanner - Identified candidate component class: file [C:\Users\Ashutosh\eclipse-workspace1\SocialHubBackEnd\target\classes\com\ashutosh\socialhub\domain\Suggestion.class]
02:16:29.267 [main] DEBUG org.springframework.context.annotation.ClassPathBeanDefinitionScanner - Identified candidate component class: file [C:\Users\Ashutosh\eclipse-workspace1\SocialHubBackEnd\target\classes\com\ashutosh\socialhub\domain\UserDetail.class]
02:16:29.333 [main] DEBUG org.springframework.context.annotation.ConfigurationClassBeanDefinitionReader - Registered bean definition for imported class &apos;org.springframework.transaction.annotation.ProxyTransactionManagementConfiguration&apos;
02:16:29.334 [main] DEBUG org.springframework.context.annotation.ConfigurationClassBeanDefinitionReader - Registering bean definition for @Bean method org.springframework.transaction.annotation.ProxyTransactionManagementConfiguration.org.springframework.transaction.config.internalTransactionAdvisor()
02:16:29.335 [main] DEBUG org.springframework.context.annotation.ConfigurationClassBeanDefinitionReader - Registering bean definition for @Bean method org.springframework.transaction.annotation.ProxyTransactionManagementConfiguration.transactionAttributeSource()
02:16:29.335 [main] DEBUG org.springframework.context.annotation.ConfigurationClassBeanDefinitionReader - Registering bean definition for @Bean method org.springframework.transaction.annotation.ProxyTransactionManagementConfiguration.transactionInterceptor()
02:16:29.336 [main] DEBUG org.springframework.context.annotation.ConfigurationClassBeanDefinitionReader - Registering bean definition for @Bean method org.springframework.transaction.annotation.ProxyTransactionManagementConfiguration.org.springframework.transaction.config.internalTransactionalEventListenerFactory()
02:16:29.336 [main] DEBUG org.springframework.context.annotation.ConfigurationClassBeanDefinitionReader - Registering bean definition for @Bean method com.ashutosh.socialhub.config.ApplicationContextConfig.dataSource()
02:16:29.336 [main] DEBUG org.springframework.context.annotation.ConfigurationClassBeanDefinitionReader - Registering bean definition for @Bean method com.ashutosh.socialhub.config.ApplicationContextConfig.sessionFactory()
02:16:29.337 [main] DEBUG org.springframework.context.annotation.ConfigurationClassBeanDefinitionReader - Registering bean definition for @Bean method com.ashutosh.socialhub.config.ApplicationContextConfig.transactionManager()
02:16:29.339 [main] DEBUG org.springframework.context.annotation.ConfigurationClassEnhancer - Successfully enhanced com.ashutosh.socialhub.config.ApplicationContextConfig; enhanced class name is: com.ashutosh.socialhub.config.ApplicationContextConfig$$EnhancerBySpringCGLIB$$6565400b
02:16:29.339 [main] DEBUG org.springframework.context.annotation.ConfigurationClassPostProcessor - Replacing bean definition &apos;applicationContextConfig&apos; existing class &apos;com.ashutosh.socialhub.config.ApplicationContextConfig&apos; with enhanced class &apos;com.ashutosh.socialhub.config.ApplicationContextConfig$$EnhancerBySpringCGLIB$$6565400b&apos;
02:16:29.340 [main] DEBUG org.springframework.context.annotation.ConfigurationClassEnhancer - Successfully enhanced org.springframework.transaction.annotation.ProxyTransactionManagementConfiguration; enhanced class name is: org.springframework.transaction.annotation.ProxyTransactionManagementConfiguration$$EnhancerBySpringCGLIB$$df799931
02:16:29.340 [main] DEBUG org.springframework.context.annotation.ConfigurationClassPostProcessor - Replacing bean definition &apos;org.springframework.transaction.annotation.ProxyTransactionManagementConfiguration&apos; existing class &apos;org.springframework.transaction.annotation.ProxyTransactionManagementConfiguration&apos; with enhanced class &apos;org.springframework.transaction.annotation.ProxyTransactionManagementConfiguration$$EnhancerBySpringCGLIB$$df799931&apos;
02:16:29.343 [main] DEBUG org.springframework.beans.factory.support.DefaultListableBeanFactory - Creating shared instance of singleton bean &apos;org.springframework.context.annotation.internalAutowiredAnnotationProcessor&apos;
02:16:29.343 [main] DEBUG org.springframework.beans.factory.support.DefaultListableBeanFactory - Creating instance of bean &apos;org.springframework.context.annotation.internalAutowiredAnnotationProcessor&apos;
02:16:29.344 [main] DEBUG org.springframework.beans.factory.support.DefaultListableBeanFactory - Eagerly caching bean &apos;org.springframework.context.annotation.internalAutowiredAnnotationProcessor&apos; to allow for resolving potential circular references
02:16:29.349 [main] DEBUG org.springframework.beans.factory.support.DefaultListableBeanFactory - Finished creating instance of bean &apos;org.springframework.context.annotation.internalAutowiredAnnotationProcessor&apos;
02:16:29.349 [main] DEBUG org.springframework.beans.factory.support.DefaultListableBeanFactory - Creating shared instance of singleton bean &apos;org.springframework.context.annotation.internalRequiredAnnotationProcessor&apos;
02:16:29.349 [main] DEBUG org.springframework.beans.factory.support.DefaultListableBeanFactory - Creating instance of bean &apos;org.springframework.context.annotation.internalRequiredAnnotationProcessor&apos;
02:16:29.349 [main] DEBUG org.springframework.beans.factory.support.DefaultListableBeanFactory - Eagerly caching bean &apos;org.springframework.context.annotation.internalRequiredAnnotationProcessor&apos; to allow for resolving potential circular references
02:16:29.356 [main] DEBUG org.springframework.beans.factory.support.DefaultListableBeanFactory - Finished creating instance of bean &apos;org.springframework.context.annotation.internalRequiredAnnotationProcessor&apos;
02:16:29.357 [main] DEBUG org.springframework.beans.factory.support.DefaultListableBeanFactory - Creating shared instance of singleton bean &apos;org.springframework.context.annotation.internalPersistenceAnnotationProcessor&apos;
02:16:29.357 [main] DEBUG org.springframework.beans.factory.support.DefaultListableBeanFactory - Creating instance of bean &apos;org.springframework.context.annotation.internalPersistenceAnnotationProcessor&apos;
02:16:29.357 [main] DEBUG org.springframework.beans.factory.support.DefaultListableBeanFactory - Eagerly caching bean &apos;org.springframework.context.annotation.internalPersistenceAnnotationProcessor&apos; to allow for resolving potential circular references
02:16:29.362 [main] DEBUG org.springframework.beans.factory.support.DefaultListableBeanFactory - Finished creating instance of bean &apos;org.springframework.context.annotation.internalPersistenceAnnotationProcessor&apos;
02:16:29.363 [main] DEBUG org.springframework.beans.factory.support.DefaultListableBeanFactory - Creating shared instance of singleton bean &apos;org.springframework.aop.config.internalAutoProxyCreator&apos;
02:16:29.363 [main] DEBUG org.springframework.beans.factory.support.DefaultListableBeanFactory - Creating instance of bean &apos;org.springframework.aop.config.internalAutoProxyCreator&apos;
02:16:29.365 [main] DEBUG org.springframework.beans.factory.support.DefaultListableBeanFactory - Eagerly caching bean &apos;org.springframework.aop.config.internalAutoProxyCreator&apos; to allow for resolving potential circular references
02:16:29.372 [main] DEBUG org.springframework.beans.factory.support.DefaultListableBeanFactory - Finished creating instance of bean &apos;org.springframework.aop.config.internalAutoProxyCreator&apos;
02:16:29.372 [main] DEBUG org.springframework.context.annotation.AnnotationConfigApplicationContext - Unable to locate MessageSource with name &apos;messageSource&apos;: using default [org.springframework.context.support.DelegatingMessageSource@10f7918f]
02:16:29.372 [main] DEBUG org.springframework.context.annotation.AnnotationConfigApplicationContext - Unable to locate ApplicationEventMulticaster with name &apos;applicationEventMulticaster&apos;: using default [org.springframework.context.event.SimpleApplicationEventMulticaster@64d4f7c7]
02:16:29.373 [main] DEBUG org.springframework.beans.factory.support.DefaultListableBeanFactory - Pre-instantiating singletons in org.springframework.beans.factory.support.DefaultListableBeanFactory@ff23ae7: defining beans [org.springframework.context.annotation.internalConfigurationAnnotationProcessor,org.springframework.context.annotation.internalAutowiredAnnotationProcessor,org.springframework.context.annotation.internalRequiredAnnotationProcessor,org.springframework.context.annotation.internalPersistenceAnnotationProcessor,org.springframework.context.event.internalEventListenerProcessor,org.springframework.context.event.internalEventListenerFactory,applicationContextConfig,blogcommentDAO,blogDAO,forumcommentDAO,forumDAO,friendDAO,jobappDAO,jobdetailDAO,profilepictureDAO,suggestionDAO,userDAO,blog,blogcomment,forum,forumComment,friend,jobApplication,jobDetail,profileImage,suggestion,userDetail,org.springframework.transaction.annotation.ProxyTransactionManagementConfiguration,org.springframework.transaction.config.internalTransactionAdvisor,transactionAttributeSource,transactionInterceptor,org.springframework.transaction.config.internalTransactionalEventListenerFactory,dataSource,sessionFactory,transactionManager,org.springframework.aop.config.internalAutoProxyCreator]; root of factory hierarchy
02:16:29.374 [main] DEBUG org.springframework.beans.factory.support.DefaultListableBeanFactory - Returning cached instance of singleton bean &apos;org.springframework.context.annotation.internalConfigurationAnnotationProcessor&apos;
02:16:29.374 [main] DEBUG org.springframework.beans.factory.support.DefaultListableBeanFactory - Returning cached instance of singleton bean &apos;org.springframework.context.annotation.internalAutowiredAnnotationProcessor&apos;
02:16:29.374 [main] DEBUG org.springframework.beans.factory.support.DefaultListableBeanFactory - Returning cached instance of singleton bean &apos;org.springframework.context.annotation.internalRequiredAnnotationProcessor&apos;
02:16:29.374 [main] DEBUG org.springframework.beans.factory.support.DefaultListableBeanFactory - Returning cached instance of singleton bean &apos;org.springframework.context.annotation.internalPersistenceAnnotationProcessor&apos;
02:16:29.374 [main] DEBUG org.springframework.beans.factory.support.DefaultListableBeanFactory - Creating shared instance of singleton bean &apos;org.springframework.context.event.internalEventListenerProcessor&apos;
02:16:29.374 [main] DEBUG org.springframework.beans.factory.support.DefaultListableBeanFactory - Creating instance of bean &apos;org.springframework.context.event.internalEventListenerProcessor&apos;
02:16:29.374 [main] DEBUG org.springframework.beans.factory.support.DefaultListableBeanFactory - Eagerly caching bean &apos;org.springframework.context.event.internalEventListenerProcessor&apos; to allow for resolving potential circular references
02:16:29.377 [main] DEBUG org.springframework.beans.factory.support.DefaultListableBeanFactory - Creating shared instance of singleton bean &apos;org.springframework.transaction.config.internalTransactionAdvisor&apos;
02:16:29.377 [main] DEBUG org.springframework.beans.factory.support.DefaultListableBeanFactory - Creating instance of bean &apos;org.springframework.transaction.config.internalTransactionAdvisor&apos;
02:16:29.377 [main] DEBUG org.springframework.beans.factory.support.DefaultListableBeanFactory - Creating shared instance of singleton bean &apos;org.springframework.transaction.annotation.ProxyTransactionManagementConfiguration&apos;
02:16:29.377 [main] DEBUG org.springframework.beans.factory.support.DefaultListableBeanFactory - Creating instance of bean &apos;org.springframework.transaction.annotation.ProxyTransactionManagementConfiguration&apos;
02:16:29.380 [main] DEBUG org.springframework.beans.factory.annotation.InjectionMetadata - Registered injected element on class [org.springframework.transaction.annotation.ProxyTransactionManagementConfiguration$$EnhancerBySpringCGLIB$$df799931]: AutowiredMethodElement for void org.springframework.transaction.annotation.AbstractTransactionManagementConfiguration.setConfigurers(java.util.Collection)
02:16:29.380 [main] DEBUG org.springframework.beans.factory.support.DefaultListableBeanFactory - Eagerly caching bean &apos;org.springframework.transaction.annotation.ProxyTransactionManagementConfiguration&apos; to allow for resolving potential circular references
02:16:29.381 [main] DEBUG org.springframework.beans.factory.annotation.InjectionMetadata - Processing injected element of bean &apos;org.springframework.transaction.annotation.ProxyTransactionManagementConfiguration&apos;: AutowiredMethodElement for void org.springframework.transaction.annotation.AbstractTransactionManagementConfiguration.setConfigurers(java.util.Collection)
02:16:29.382 [main] DEBUG org.springframework.beans.factory.support.DefaultListableBeanFactory - Returning cached instance of singleton bean &apos;org.springframework.context.annotation.ConfigurationClassPostProcessor.importRegistry&apos;
02:16:29.383 [main] DEBUG org.springframework.aop.framework.autoproxy.BeanFactoryAdvisorRetrievalHelper - Skipping currently created advisor &apos;org.springframework.transaction.config.internalTransactionAdvisor&apos;
02:16:29.383 [main] DEBUG org.springframework.beans.factory.support.DefaultListableBeanFactory - Finished creating instance of bean &apos;org.springframework.transaction.annotation.ProxyTransactionManagementConfiguration&apos;
02:16:29.384 [main] DEBUG org.springframework.beans.factory.support.DefaultListableBeanFactory - Creating shared instance of singleton bean &apos;transactionAttributeSource&apos;
02:16:29.384 [main] DEBUG org.springframework.beans.factory.support.DefaultListableBeanFactory - Creating instance of bean &apos;transactionAttributeSource&apos;
02:16:29.384 [main] DEBUG org.springframework.beans.factory.support.DefaultListableBeanFactory - Returning cached instance of singleton bean &apos;org.springframework.transaction.annotation.ProxyTransactionManagementConfiguration&apos;
02:16:29.385 [main] DEBUG org.springframework.beans.factory.support.DefaultListableBeanFactory - Eagerly caching bean &apos;transactionAttributeSource&apos; to allow for resolving potential circular references
02:16:29.387 [main] DEBUG org.springframework.aop.framework.autoproxy.BeanFactoryAdvisorRetrievalHelper - Skipping currently created advisor &apos;org.springframework.transaction.config.internalTransactionAdvisor&apos;
02:16:29.387 [main] DEBUG org.springframework.beans.factory.support.DefaultListableBeanFactory - Finished creating instance of bean &apos;transactionAttributeSource&apos;
02:16:29.388 [main] DEBUG org.springframework.beans.factory.support.DefaultListableBeanFactory - Creating shared instance of singleton bean &apos;transactionInterceptor&apos;
02:16:29.388 [main] DEBUG org.springframework.beans.factory.support.DefaultListableBeanFactory - Creating instance of bean &apos;transactionInterceptor&apos;
02:16:29.388 [main] DEBUG org.springframework.beans.factory.support.DefaultListableBeanFactory - Returning cached instance of singleton bean &apos;org.springframework.transaction.annotation.ProxyTransactionManagementConfiguration&apos;
02:16:29.390 [main] DEBUG org.springframework.beans.factory.support.DefaultListableBeanFactory - Returning cached instance of singleton bean &apos;transactionAttributeSource&apos;
02:16:29.390 [main] DEBUG org.springframework.beans.factory.support.DefaultListableBeanFactory - Eagerly caching bean &apos;transactionInterceptor&apos; to allow for resolving potential circular references
02:16:29.397 [main] DEBUG org.springframework.beans.factory.support.DefaultListableBeanFactory - Invoking afterPropertiesSet() on bean with name &apos;transactionInterceptor&apos;
02:16:29.397 [main] DEBUG org.springframework.beans.factory.support.DefaultListableBeanFactory - Finished creating instance of bean &apos;transactionInterceptor&apos;
02:16:29.410 [main] DEBUG org.springframework.beans.factory.support.DefaultListableBeanFactory - Eagerly caching bean &apos;org.springframework.transaction.config.internalTransactionAdvisor&apos; to allow for resolving potential circular references
02:16:29.416 [main] DEBUG org.springframework.beans.factory.support.DefaultListableBeanFactory - Finished creating instance of bean &apos;org.springframework.transaction.config.internalTransactionAdvisor&apos;
02:16:29.416 [main] DEBUG org.springframework.beans.factory.support.DefaultListableBeanFactory - Finished creating instance of bean &apos;org.springframework.context.event.internalEventListenerProcessor&apos;
02:16:29.417 [main] DEBUG org.springframework.beans.factory.support.DefaultListableBeanFactory - Creating shared instance of singleton bean &apos;org.springframework.context.event.internalEventListenerFactory&apos;
02:16:29.417 [main] DEBUG org.springframework.beans.factory.support.DefaultListableBeanFactory - Creating instance of bean &apos;org.springframework.context.event.internalEventListenerFactory&apos;
02:16:29.417 [main] DEBUG org.springframework.beans.factory.support.DefaultListableBeanFactory - Eagerly caching bean &apos;org.springframework.context.event.internalEventListenerFactory&apos; to allow for resolving potential circular references
02:16:29.419 [main] DEBUG org.springframework.beans.factory.support.DefaultListableBeanFactory - Returning cached instance of singleton bean &apos;org.springframework.transaction.config.internalTransactionAdvisor&apos;
02:16:29.419 [main] DEBUG org.springframework.beans.factory.support.DefaultListableBeanFactory - Finished creating instance of bean &apos;org.springframework.context.event.internalEventListenerFactory&apos;
02:16:29.420 [main] DEBUG org.springframework.beans.factory.support.DefaultListableBeanFactory - Creating shared instance of singleton bean &apos;applicationContextConfig&apos;
02:16:29.420 [main] DEBUG org.springframework.beans.factory.support.DefaultListableBeanFactory - Creating instance of bean &apos;applicationContextConfig&apos;
02:16:29.420 [main] DEBUG org.springframework.beans.factory.support.DefaultListableBeanFactory - Eagerly caching bean &apos;applicationContextConfig&apos; to allow for resolving potential circular references
02:16:29.422 [main] DEBUG org.springframework.beans.factory.support.DefaultListableBeanFactory - Returning cached instance of singleton bean &apos;org.springframework.transaction.config.internalTransactionAdvisor&apos;
02:16:29.426 [main] DEBUG org.springframework.beans.factory.support.DefaultListableBeanFactory - Finished creating instance of bean &apos;applicationContextConfig&apos;
02:16:29.426 [main] DEBUG org.springframework.beans.factory.support.DefaultListableBeanFactory - Creating shared instance of singleton bean &apos;blogcommentDAO&apos;
02:16:29.426 [main] DEBUG org.springframework.beans.factory.support.DefaultListableBeanFactory - Creating instance of bean &apos;blogcommentDAO&apos;
02:16:29.427 [main] DEBUG org.springframework.beans.factory.annotation.InjectionMetadata - Registered injected element on class [com.ashutosh.socialhub.dao.impl.BlogcommentDAOImpl]: AutowiredFieldElement for org.hibernate.SessionFactory com.ashutosh.socialhub.dao.impl.BlogcommentDAOImpl.sessionFactory
02:16:29.427 [main] DEBUG org.springframework.beans.factory.support.DefaultListableBeanFactory - Eagerly caching bean &apos;blogcommentDAO&apos; to allow for resolving potential circular references
02:16:29.428 [main] DEBUG org.springframework.beans.factory.annotation.InjectionMetadata - Processing injected element of bean &apos;blogcommentDAO&apos;: AutowiredFieldElement for org.hibernate.SessionFactory com.ashutosh.socialhub.dao.impl.BlogcommentDAOImpl.sessionFactory
02:16:29.429 [main] DEBUG org.springframework.core.annotation.AnnotationUtils - Failed to meta-introspect annotation [interface org.springframework.beans.factory.annotation.Autowired]: java.lang.NullPointerException
02:16:29.429 [main] DEBUG org.springframework.beans.factory.support.DefaultListableBeanFactory - Creating shared instance of singleton bean &apos;sessionFactory&apos;
02:16:29.429 [main] DEBUG org.springframework.beans.factory.support.DefaultListableBeanFactory - Creating instance of bean &apos;sessionFactory&apos;
02:16:29.430 [main] DEBUG org.springframework.beans.factory.support.DefaultListableBeanFactory - Returning cached instance of singleton bean &apos;applicationContextConfig&apos;
02:16:29.434 [main] DEBUG org.springframework.beans.factory.support.DefaultListableBeanFactory - Creating shared instance of singleton bean &apos;dataSource&apos;
02:16:29.434 [main] DEBUG org.springframework.beans.factory.support.DefaultListableBeanFactory - Creating instance of bean &apos;dataSource&apos;
02:16:29.434 [main] DEBUG org.springframework.beans.factory.support.DefaultListableBeanFactory - Returning cached instance of singleton bean &apos;applicationContextConfig&apos;
02:16:29.435 [main] INFO org.springframework.jdbc.datasource.DriverManagerDataSource - Loaded JDBC driver: oracle.jdbc.driver.OracleDriver
02:16:29.435 [main] DEBUG org.springframework.beans.factory.support.DefaultListableBeanFactory - Eagerly caching bean &apos;dataSource&apos; to allow for resolving potential circular references
02:16:29.436 [main] DEBUG org.springframework.beans.factory.support.DefaultListableBeanFactory - Returning cached instance of singleton bean &apos;org.springframework.transaction.config.internalTransactionAdvisor&apos;
02:16:29.439 [main] DEBUG org.springframework.beans.factory.support.DefaultListableBeanFactory - Finished creating instance of bean &apos;dataSource&apos;
02:16:29.440 [main] DEBUG org.springframework.beans.factory.support.DefaultListableBeanFactory - Autowiring by type from bean name &apos;sessionFactory&apos; via factory method to bean named &apos;dataSource&apos;
02:16:29.440 [main] DEBUG org.hibernate.integrator.internal.IntegratorServiceImpl - Adding Integrator [org.hibernate.cfg.beanvalidation.BeanValidationIntegrator].
02:16:29.440 [main] DEBUG org.hibernate.integrator.internal.IntegratorServiceImpl - Adding Integrator [org.hibernate.secure.spi.JaccIntegrator].
02:16:29.440 [main] DEBUG org.hibernate.integrator.internal.IntegratorServiceImpl - Adding Integrator [org.hibernate.cache.internal.CollectionCacheInvalidator].
02:16:29.446 [main] DEBUG org.springframework.core.io.support.PathMatchingResourcePatternResolver - Resolved classpath location [com/ashutosh/] to resources [URL [file:/C:/Users/Ashutosh/eclipse-workspace1/SocialHubBackEnd/target/test-classes/com/ashutosh/], URL [file:/C:/Users/Ashutosh/eclipse-workspace1/SocialHubBackEnd/target/classes/com/ashutosh/]]
02:16:29.447 [main] DEBUG org.springframework.core.io.support.PathMatchingResourcePatternResolver - Looking for matching resources in directory tree [C:\Users\Ashutosh\eclipse-workspace1\SocialHubBackEnd\target\test-classes\com\ashutosh]
02:16:29.447 [main] DEBUG org.springframework.core.io.support.PathMatchingResourcePatternResolver - Searching directory [C:\Users\Ashutosh\eclipse-workspace1\SocialHubBackEnd\target\test-classes\com\ashutosh] for files matching pattern [C:/Users/Ashutosh/eclipse-workspace1/SocialHubBackEnd/target/test-classes/com/ashutosh/**/*.class]
02:16:29.448 [main] DEBUG org.springframework.core.io.support.PathMatchingResourcePatternResolver - Searching directory [C:\Users\Ashutosh\eclipse-workspace1\SocialHubBackEnd\target\test-classes\com\ashutosh\socialhub] for files matching pattern [C:/Users/Ashutosh/eclipse-workspace1/SocialHubBackEnd/target/test-classes/com/ashutosh/**/*.class]
02:16:29.450 [main] DEBUG org.springframework.core.io.support.PathMatchingResourcePatternResolver - Looking for matching resources in directory tree [C:\Users\Ashutosh\eclipse-workspace1\SocialHubBackEnd\target\classes\com\ashutosh]
02:16:29.450 [main] DEBUG org.springframework.core.io.support.PathMatchingResourcePatternResolver - Searching directory [C:\Users\Ashutosh\eclipse-workspace1\SocialHubBackEnd\target\classes\com\ashutosh] for files matching pattern [C:/Users/Ashutosh/eclipse-workspace1/SocialHubBackEnd/target/classes/com/ashutosh/**/*.class]
02:16:29.451 [main] DEBUG org.springframework.core.io.support.PathMatchingResourcePatternResolver - Searching directory [C:\Users\Ashutosh\eclipse-workspace1\SocialHubBackEnd\target\classes\com\ashutosh\socialhub] for files matching pattern [C:/Users/Ashutosh/eclipse-workspace1/SocialHubBackEnd/target/classes/com/ashutosh/**/*.class]
02:16:29.452 [main] DEBUG org.springframework.core.io.support.PathMatchingResourcePatternResolver - Searching directory [C:\Users\Ashutosh\eclipse-workspace1\SocialHubBackEnd\target\classes\com\ashutosh\socialhub\config] for files matching pattern [C:/Users/Ashutosh/eclipse-workspace1/SocialHubBackEnd/target/classes/com/ashutosh/**/*.class]
02:16:29.453 [main] DEBUG org.springframework.core.io.support.PathMatchingResourcePatternResolver - Searching directory [C:\Users\Ashutosh\eclipse-workspace1\SocialHubBackEnd\target\classes\com\ashutosh\socialhub\dao] for files matching pattern [C:/Users/Ashutosh/eclipse-workspace1/SocialHubBackEnd/target/classes/com/ashutosh/**/*.class]
02:16:29.454 [main] DEBUG org.springframework.core.io.support.PathMatchingResourcePatternResolver - Searching directory [C:\Users\Ashutosh\eclipse-workspace1\SocialHubBackEnd\target\classes\com\ashutosh\socialhub\dao\impl] for files matching pattern [C:/Users/Ashutosh/eclipse-workspace1/SocialHubBackEnd/target/classes/com/ashutosh/**/*.class]
02:16:29.457 [main] DEBUG org.springframework.core.io.support.PathMatchingResourcePatternResolver - Searching directory [C:\Users\Ashutosh\eclipse-workspace1\SocialHubBackEnd\target\classes\com\ashutosh\socialhub\domain] for files matching pattern [C:/Users/Ashutosh/eclipse-workspace1/SocialHubBackEnd/target/classes/com/ashutosh/**/*.class]
[...]
02:16:29.651 [main] DEBUG org.hibernate.cfg.Ejb3Column - Binding column: Ejb3Column{table=org.hibernate.mapping.Table(Friend), mappingColumn=loginname, insertable=true, updatable=true, unique=false}
02:16:29.651 [main] DEBUG org.hibernate.cfg.annotations.PropertyBinder - MetadataSourceProcessor property loginname with lazy=false
02:16:29.652 [main] DEBUG org.hibernate.cfg.AbstractPropertyHolder - Attempting to locate auto-apply AttributeConverter for property [com.ashutosh.socialhub.domain.Friend:loginname]
02:16:29.652 [main] DEBUG org.hibernate.cfg.annotations.SimpleValueBinder - building SimpleValue for loginname
02:16:29.652 [main] DEBUG org.hibernate.cfg.annotations.PropertyBinder - Building property loginname
02:16:29.654 [main] DEBUG org.hibernate.cfg.Ejb3Column - Binding column: Ejb3Column{table=org.hibernate.mapping.Table(Friend), mappingColumn=status, insertable=true, updatable=true, unique=false}
02:16:29.654 [main] DEBUG org.hibernate.cfg.annotations.PropertyBinder - MetadataSourceProcessor property status with lazy=false
02:16:29.655 [main] DEBUG org.hibernate.cfg.AbstractPropertyHolder - Attempting to locate auto-apply AttributeConverter for property [com.ashutosh.socialhub.domain.Friend:status]
02:16:29.655 [main] DEBUG org.hibernate.cfg.annotations.SimpleValueBinder - building SimpleValue for status
02:16:29.655 [main] DEBUG org.hibernate.cfg.annotations.PropertyBinder - Building property status
02:16:29.655 [main] DEBUG org.hibernate.cfg.AnnotationBinder - Binding entity from annotated class: com.ashutosh.socialhub.domain.JobApplication
02:16:29.656 [main] DEBUG org.hibernate.cfg.Ejb3Column - Binding column: Ejb3DiscriminatorColumn{logicalColumnName&apos;DTYPE&apos;, discriminatorTypeName=&apos;string&apos;}
02:16:29.656 [main] DEBUG org.hibernate.cfg.annotations.EntityBinder - Import with entity name JobApplication
02:16:29.656 [main] DEBUG org.hibernate.cfg.annotations.EntityBinder - Bind entity com.ashutosh.socialhub.domain.JobApplication on table JobApplication
02:16:29.657 [main] DEBUG org.hibernate.cfg.Ejb3Column - Binding column: Ejb3Column{table=org.hibernate.mapping.Table(JobApplication), mappingColumn=jobappid, insertable=true, updatable=true, unique=false}
02:16:29.657 [main] DEBUG org.hibernate.cfg.annotations.PropertyBinder - MetadataSourceProcessor property jobappid with lazy=false
02:16:29.657 [main] DEBUG org.hibernate.cfg.AbstractPropertyHolder - Attempting to locate auto-apply AttributeConverter for property [com.ashutosh.socialhub.domain.JobApplication:jobappid]
02:16:29.658 [main] DEBUG org.hibernate.cfg.annotations.SimpleValueBinder - building SimpleValue for jobappid
02:16:29.658 [main] DEBUG org.hibernate.cfg.annotations.PropertyBinder - Building property jobappid
02:16:29.658 [main] DEBUG org.hibernate.cfg.Ejb3Column - Binding column: Ejb3Column{table=org.hibernate.mapping.Table(JobApplication), mappingColumn=applied_date, insertable=true, updatable=true, unique=false}
02:16:29.658 [main] DEBUG org.hibernate.cfg.annotations.PropertyBinder - MetadataSourceProcessor property applied_date with lazy=false
02:16:29.659 [main] DEBUG org.hibernate.cfg.AbstractPropertyHolder - Attempting to locate auto-apply AttributeConverter for property [com.ashutosh.socialhub.domain.JobApplication:applied_date]
02:16:29.659 [main] DEBUG org.hibernate.cfg.annotations.SimpleValueBinder - building SimpleValue for applied_date
02:16:29.659 [main] DEBUG org.hibernate.cfg.annotations.PropertyBinder - Building property applied_date
02:16:29.659 [main] DEBUG org.hibernate.cfg.Ejb3Column - Binding column: Ejb3Column{table=org.hibernate.mapping.Table(JobApplication), mappingColumn=emailid, insertable=true, updatable=true, unique=false}
02:16:29.659 [main] DEBUG org.hibernate.cfg.annotations.PropertyBinder - MetadataSourceProcessor property emailid with lazy=false
02:16:29.659 [main] DEBUG org.hibernate.cfg.AbstractPropertyHolder - Attempting to locate auto-apply AttributeConverter for property [com.ashutosh.socialhub.domain.JobApplication:emailid]
02:16:29.660 [main] DEBUG org.hibernate.cfg.annotations.SimpleValueBinder - building SimpleValue for emailid
02:16:29.660 [main] DEBUG org.hibernate.cfg.annotations.PropertyBinder - Building property emailid
02:16:29.660 [main] DEBUG org.hibernate.cfg.Ejb3Column - Binding column: Ejb3Column{table=org.hibernate.mapping.Table(JobApplication), mappingColumn=jobappstatus, insertable=true, updatable=true, unique=false}
02:16:29.660 [main] DEBUG org.hibernate.cfg.annotations.PropertyBinder - MetadataSourceProcessor property jobappstatus with lazy=false
02:16:29.660 [main] DEBUG org.hibernate.cfg.AbstractPropertyHolder - Attempting to locate auto-apply AttributeConverter for property [com.ashutosh.socialhub.domain.JobApplication:jobappstatus]
02:16:29.660 [main] DEBUG org.hibernate.cfg.annotations.SimpleValueBinder - building SimpleValue for jobappstatus
02:16:29.661 [main] DEBUG org.hibernate.cfg.annotations.PropertyBinder - Building property jobappstatus
02:16:29.661 [main] DEBUG org.hibernate.cfg.Ejb3Column - Binding column: Ejb3Column{table=org.hibernate.mapping.Table(JobApplication), mappingColumn=jobdescription, insertable=true, updatable=true, unique=false}
02:16:29.661 [main] DEBUG org.hibernate.cfg.annotations.PropertyBinder - MetadataSourceProcessor property jobdescription with lazy=false
02:16:29.661 [main] DEBUG org.hibernate.cfg.AbstractPropertyHolder - Attempting to locate auto-apply AttributeConverter for property [com.ashutosh.socialhub.domain.JobApplication:jobdescription]
02:16:29.661 [main] DEBUG org.hibernate.cfg.annotations.SimpleValueBinder - building SimpleValue for jobdescription
02:16:29.661 [main] DEBUG org.hibernate.cfg.annotations.PropertyBinder - Building property jobdescription
02:16:29.661 [main] DEBUG org.hibernate.cfg.Ejb3Column - Binding column: Ejb3Column{table=org.hibernate.mapping.Table(JobApplication), mappingColumn=jobid, insertable=true, updatable=true, unique=false}
02:16:29.661 [main] DEBUG org.hibernate.cfg.annotations.PropertyBinder - MetadataSourceProcessor property jobid with lazy=false
02:16:29.661 [main] DEBUG org.hibernate.cfg.AbstractPropertyHolder - Attempting to locate auto-apply AttributeConverter for property [com.ashutosh.socialhub.domain.JobApplication:jobid]
02:16:29.661 [main] DEBUG org.hibernate.cfg.annotations.SimpleValueBinder - building SimpleValue for jobid
02:16:29.662 [main] DEBUG org.hibernate.cfg.annotations.PropertyBinder - Building property jobid
02:16:29.662 [main] DEBUG org.hibernate.cfg.Ejb3Column - Binding column: Ejb3Column{table=org.hibernate.mapping.Table(JobApplication), mappingColumn=jobtitle, insertable=true, updatable=true, unique=false}
02:16:29.662 [main] DEBUG org.hibernate.cfg.annotations.PropertyBinder - MetadataSourceProcessor property jobtitle with lazy=false
02:16:29.662 [main] DEBUG org.hibernate.cfg.AbstractPropertyHolder - Attempting to locate auto-apply AttributeConverter for property [com.ashutosh.socialhub.domain.JobApplication:jobtitle]
02:16:29.662 [main] DEBUG org.hibernate.cfg.annotations.SimpleValueBinder - building SimpleValue for jobtitle
02:16:29.662 [main] DEBUG org.hibernate.cfg.annotations.PropertyBinder - Building property jobtitle
02:16:29.662 [main] DEBUG org.hibernate.cfg.Ejb3Column - Binding column: Ejb3Column{table=org.hibernate.mapping.Table(JobApplication), mappingColumn=loginname, insertable=true, updatable=true, unique=false}
02:16:29.662 [main] DEBUG org.hibernate.cfg.annotations.PropertyBinder - MetadataSourceProcessor property loginname with lazy=false
02:16:29.662 [main] DEBUG org.hibernate.cfg.AbstractPropertyHolder - Attempting to locate auto-apply AttributeConverter for property [com.ashutosh.socialhub.domain.JobApplication:loginname]
02:16:29.663 [main] DEBUG org.hibernate.cfg.annotations.SimpleValueBinder - building SimpleValue for loginname
02:16:29.663 [main] DEBUG org.hibernate.cfg.annotations.PropertyBinder - Building property loginname
02:16:29.663 [main] DEBUG org.hibernate.cfg.Ejb3Column - Binding column: Ejb3Column{table=org.hibernate.mapping.Table(JobApplication), mappingColumn=reason, insertable=true, updatable=true, unique=false}
02:16:29.663 [main] DEBUG org.hibernate.cfg.annotations.PropertyBinder - MetadataSourceProcessor property reason with lazy=false
02:16:29.663 [main] DEBUG org.hibernate.cfg.AbstractPropertyHolder - Attempting to locate auto-apply AttributeConverter for property [com.ashutosh.socialhub.domain.JobApplication:reason]
02:16:29.663 [main] DEBUG org.hibernate.cfg.annotations.SimpleValueBinder - building SimpleValue for reason
02:16:29.664 [main] DEBUG org.hibernate.cfg.annotations.PropertyBinder - Building property reason
02:16:29.664 [main] DEBUG org.hibernate.cfg.AnnotationBinder - Binding entity from annotated class: com.ashutosh.socialhub.domain.JobDetail
02:16:29.664 [main] DEBUG org.hibernate.cfg.Ejb3Column - Binding column: Ejb3DiscriminatorColumn{logicalColumnName&apos;DTYPE&apos;, discriminatorTypeName=&apos;string&apos;}
02:16:29.664 [main] DEBUG org.hibernate.cfg.annotations.EntityBinder - Import with entity name JobDetail
02:16:29.664 [main] DEBUG org.hibernate.cfg.annotations.EntityBinder - Bind entity com.ashutosh.socialhub.domain.JobDetail on table JobDetail
02:16:29.665 [main] DEBUG org.hibernate.cfg.Ejb3Column - Binding column: Ejb3Column{table=org.hibernate.mapping.Table(JobDetail), mappingColumn=jobId, insertable=true, updatable=true, unique=false}
02:16:29.666 [main] DEBUG org.hibernate.cfg.annotations.PropertyBinder - MetadataSourceProcessor property jobId with lazy=false
02:16:29.666 [main] DEBUG org.hibernate.cfg.AbstractPropertyHolder - Attempting to locate auto-apply AttributeConverter for property [com.ashutosh.socialhub.domain.JobDetail:jobId]
02:16:29.666 [main] DEBUG org.hibernate.cfg.annotations.SimpleValueBinder - building SimpleValue for jobId
02:16:29.666 [main] DEBUG org.hibernate.cfg.annotations.PropertyBinder - Building property jobId
02:16:29.666 [main] DEBUG org.hibernate.cfg.Ejb3Column - Binding column: Ejb3Column{table=org.hibernate.mapping.Table(JobDetail), mappingColumn=Designation, insertable=true, updatable=true, unique=false}
02:16:29.667 [main] DEBUG org.hibernate.cfg.annotations.PropertyBinder - MetadataSourceProcessor property Designation with lazy=false
02:16:29.667 [main] DEBUG org.hibernate.cfg.AbstractPropertyHolder - Attempting to locate auto-apply AttributeConverter for property [com.ashutosh.socialhub.domain.JobDetail:Designation]
02:16:29.667 [main] DEBUG org.hibernate.cfg.annotations.SimpleValueBinder - building SimpleValue for Designation
02:16:29.667 [main] DEBUG org.hibernate.cfg.annotations.PropertyBinder - Building property Designation
02:16:29.667 [main] DEBUG org.hibernate.cfg.Ejb3Column - Binding column: Ejb3Column{table=org.hibernate.mapping.Table(JobDetail), mappingColumn=LastDate, insertable=true, updatable=true, unique=false}
02:16:29.667 [main] DEBUG org.hibernate.cfg.annotations.PropertyBinder - MetadataSourceProcessor property LastDate with lazy=false
02:16:29.667 [main] DEBUG org.hibernate.cfg.AbstractPropertyHolder - Attempting to locate auto-apply AttributeConverter for property [com.ashutosh.socialhub.domain.JobDetail:LastDate]
02:16:29.668 [main] DEBUG org.hibernate.cfg.annotations.SimpleValueBinder - building SimpleValue for LastDate
02:16:29.668 [main] DEBUG org.hibernate.cfg.annotations.PropertyBinder - Building property LastDate
02:16:29.668 [main] DEBUG org.hibernate.cfg.Ejb3Column - Binding column: Ejb3Column{table=org.hibernate.mapping.Table(JobDetail), mappingColumn=company, insertable=true, updatable=true, unique=false}
02:16:29.668 [main] DEBUG org.hibernate.cfg.annotations.PropertyBinder - MetadataSourceProcessor property company with lazy=false
02:16:29.668 [main] DEBUG org.hibernate.cfg.AbstractPropertyHolder - Attempting to locate auto-apply AttributeConverter for property [com.ashutosh.socialhub.domain.JobDetail:company]
02:16:29.670 [main] DEBUG org.hibernate.cfg.annotations.SimpleValueBinder - building SimpleValue for company
02:16:29.670 [main] DEBUG org.hibernate.cfg.annotations.PropertyBinder - Building property company
02:16:29.671 [main] DEBUG org.hibernate.cfg.Ejb3Column - Binding column: Ejb3Column{table=org.hibernate.mapping.Table(JobDetail), mappingColumn=ctc, insertable=true, updatable=true, unique=false}
02:16:29.671 [main] DEBUG org.hibernate.cfg.annotations.PropertyBinder - MetadataSourceProcessor property ctc with lazy=false
02:16:29.671 [main] DEBUG org.hibernate.cfg.AbstractPropertyHolder - Attempting to locate auto-apply AttributeConverter for property [com.ashutosh.socialhub.domain.JobDetail:ctc]
02:16:29.671 [main] DEBUG org.hibernate.cfg.annotations.SimpleValueBinder - building SimpleValue for ctc
02:16:29.671 [main] DEBUG org.hibernate.cfg.annotations.PropertyBinder - Building property ctc
02:16:29.671 [main] DEBUG org.hibernate.cfg.Ejb3Column - Binding column: Ejb3Column{table=org.hibernate.mapping.Table(JobDetail), mappingColumn=location, insertable=true, updatable=true, unique=false}
02:16:29.672 [main] DEBUG org.hibernate.cfg.annotations.PropertyBinder - MetadataSourceProcessor property location with lazy=false
02:16:29.672 [main] DEBUG org.hibernate.cfg.AbstractPropertyHolder - Attempting to locate auto-apply AttributeConverter for property [com.ashutosh.socialhub.domain.JobDetail:location]
02:16:29.672 [main] DEBUG org.hibernate.cfg.annotations.SimpleValueBinder - building SimpleValue for location
02:16:29.672 [main] DEBUG org.hibernate.cfg.annotations.PropertyBinder - Building property location
02:16:29.672 [main] DEBUG org.hibernate.cfg.Ejb3Column - Binding column: Ejb3Column{table=org.hibernate.mapping.Table(JobDetail), mappingColumn=roles, insertable=true, updatable=true, unique=false}
02:16:29.673 [main] DEBUG org.hibernate.cfg.annotations.PropertyBinder - MetadataSourceProcessor property roles with lazy=false
02:16:29.673 [main] DEBUG org.hibernate.cfg.AbstractPropertyHolder - Attempting to locate auto-apply AttributeConverter for property [com.ashutosh.socialhub.domain.JobDetail:roles]
02:16:29.673 [main] DEBUG org.hibernate.cfg.annotations.SimpleValueBinder - building SimpleValue for roles
02:16:29.673 [main] DEBUG org.hibernate.cfg.annotations.PropertyBinder - Building property roles
02:16:29.673 [main] DEBUG org.hibernate.cfg.Ejb3Column - Binding column: Ejb3Column{table=org.hibernate.mapping.Table(JobDetail), mappingColumn=skills, insertable=true, updatable=true, unique=false}
02:16:29.673 [main] DEBUG org.hibernate.cfg.annotations.PropertyBinder - MetadataSourceProcessor property skills with lazy=false
02:16:29.674 [main] DEBUG org.hibernate.cfg.AbstractPropertyHolder - Attempting to locate auto-apply AttributeConverter for property [com.ashutosh.socialhub.domain.JobDetail:skills]
02:16:29.674 [main] DEBUG org.hibernate.cfg.annotations.SimpleValueBinder - building SimpleValue for skills
02:16:29.674 [main] DEBUG org.hibernate.cfg.annotations.PropertyBinder - Building property skills
02:16:29.674 [main] DEBUG org.hibernate.cfg.AnnotationBinder - Binding entity from annotated class: com.ashutosh.socialhub.domain.ProfileImage
02:16:29.675 [main] DEBUG org.hibernate.cfg.Ejb3Column - Binding column: Ejb3DiscriminatorColumn{logicalColumnName&apos;DTYPE&apos;, discriminatorTypeName=&apos;string&apos;}
02:16:29.675 [main] DEBUG org.hibernate.cfg.annotations.EntityBinder - Import with entity name ProfileImage
02:16:29.675 [main] DEBUG org.hibernate.cfg.annotations.EntityBinder - Bind entity com.ashutosh.socialhub.domain.ProfileImage on table ProfileImage
02:16:29.676 [main] DEBUG org.hibernate.cfg.Ejb3Column - Binding column: Ejb3Column{table=org.hibernate.mapping.Table(ProfileImage), mappingColumn=loginname, insertable=true, updatable=true, unique=false}
02:16:29.676 [main] DEBUG org.hibernate.cfg.annotations.PropertyBinder - MetadataSourceProcessor property loginname with lazy=false
02:16:29.676 [main] DEBUG org.hibernate.cfg.AbstractPropertyHolder - Attempting to locate auto-apply AttributeConverter for property [com.ashutosh.socialhub.domain.ProfileImage:loginname]
02:16:29.676 [main] DEBUG org.hibernate.cfg.annotations.SimpleValueBinder - building SimpleValue for loginname
02:16:29.676 [main] DEBUG org.hibernate.cfg.annotations.PropertyBinder - Building property loginname
02:16:29.677 [main] DEBUG org.hibernate.cfg.Ejb3Column - Binding column: Ejb3Column{table=org.hibernate.mapping.Table(ProfileImage), mappingColumn=picture, insertable=true, updatable=true, unique=false}
02:16:29.677 [main] DEBUG org.hibernate.cfg.annotations.PropertyBinder - MetadataSourceProcessor property picture with lazy=false
02:16:29.677 [main] DEBUG org.hibernate.cfg.AbstractPropertyHolder - Attempting to locate auto-apply AttributeConverter for property [com.ashutosh.socialhub.domain.ProfileImage:picture]
02:16:29.677 [main] DEBUG org.hibernate.cfg.annotations.SimpleValueBinder - building SimpleValue for picture
02:16:29.677 [main] DEBUG org.hibernate.cfg.annotations.PropertyBinder - Building property picture
02:16:29.677 [main] DEBUG org.hibernate.cfg.AnnotationBinder - Binding entity from annotated class: com.ashutosh.socialhub.domain.Suggestion
02:16:29.677 [main] DEBUG org.hibernate.cfg.Ejb3Column - Binding column: Ejb3DiscriminatorColumn{logicalColumnName&apos;DTYPE&apos;, discriminatorTypeName=&apos;string&apos;}
02:16:29.677 [main] DEBUG org.hibernate.cfg.annotations.EntityBinder - Import with entity name Suggestion
02:16:29.677 [main] DEBUG org.hibernate.cfg.annotations.EntityBinder - Bind entity com.ashutosh.socialhub.domain.Suggestion on table Suggestion
02:16:29.678 [main] WARN org.springframework.context.annotation.AnnotationConfigApplicationContext - Exception encountered during context initialization - cancelling refresh attempt: org.springframework.beans.factory.UnsatisfiedDependencyException: Error creating bean with name &apos;blogcommentDAO&apos;: Unsatisfied dependency expressed through field &apos;sessionFactory&apos;; nested exception is org.springframework.beans.factory.BeanCreationException: Error creating bean with name &apos;sessionFactory&apos; defined in com.ashutosh.socialhub.config.ApplicationContextConfig: Bean instantiation via factory method failed; nested exception is org.springframework.beans.BeanInstantiationException: Failed to instantiate [org.hibernate.SessionFactory]: Factory method &apos;getSessionFactory&apos; threw exception; nested exception is org.hibernate.AnnotationException: No identifier specified for entity: com.ashutosh.socialhub.domain.Suggestion
02:16:29.678 [main] DEBUG org.springframework.beans.factory.support.DefaultListableBeanFactory - Destroying singletons in org.springframework.beans.factory.support.DefaultListableBeanFactory@ff23ae7: defining beans [org.springframework.context.annotation.internalConfigurationAnnotationProcessor,org.springframework.context.annotation.internalAutowiredAnnotationProcessor,org.springframework.context.annotation.internalRequiredAnnotationProcessor,org.springframework.context.annotation.internalPersistenceAnnotationProcessor,org.springframework.context.event.internalEventListenerProcessor,org.springframework.context.event.internalEventListenerFactory,applicationContextConfig,blogcommentDAO,blogDAO,forumcommentDAO,forumDAO,friendDAO,jobappDAO,jobdetailDAO,profilepictureDAO,suggestionDAO,userDAO,blog,blogcomment,forum,forumComment,friend,jobApplication,jobDetail,profileImage,suggestion,userDetail,org.springframework.transaction.annotation.ProxyTransactionManagementConfiguration,org.springframework.transaction.config.internalTransactionAdvisor,transactionAttributeSource,transactionInterceptor,org.springframework.transaction.config.internalTransactionalEventListenerFactory,dataSource,sessionFactory,transactionManager,org.springframework.aop.config.internalAutoProxyCreator]; root of factory hierarchy
</system-out>
  </testcase>
</testsuite>