<?xml version="1.0" encoding="UTF-8" ?>
<testsuite tests="3" failures="0" name="com.ashutosh.socialhub.UserDAOTestCase" time="1.236" errors="0" skipped="1">
  <properties>
[...]
</properties>
  <testcase classname="com.ashutosh.socialhub.UserDAOTestCase" name="UpdateUserDetailTest" time="1.021">
    <skipped/>
    <system-out>11:31:59.781 [main] DEBUG org.springframework.core.env.StandardEnvironment - Adding PropertySource &apos;systemProperties&apos; with lowest search precedence
11:31:59.781 [main] DEBUG org.springframework.core.env.StandardEnvironment - Adding PropertySource &apos;systemEnvironment&apos; with lowest search precedence
11:31:59.782 [main] DEBUG org.springframework.core.env.StandardEnvironment - Initialized StandardEnvironment with PropertySources [MapPropertySource@10624116 {name=&apos;systemProperties&apos;, properties={sun.desktop=windows, awt.toolkit=sun.awt.windows.WToolkit, java.specification.version=9, file.encoding.pkg=sun.io, sun.cpu.isalist=amd64, sun.jnu.encoding=Cp1252, java.class.path=C:\Users\Ashutosh\eclipse-workspace1\SocialHubBackEnd\target\test-classes;C:\Users\Ashutosh\eclipse-workspace1\SocialHubBackEnd\target\classes;C:\Users\Ashutosh\.m2\repository\org\springframework\spring-core\5.0.4.RELEASE\spring-core-5.0.4.RELEASE.jar;C:\Users\Ashutosh\.m2\repository\org\springframework\spring-jcl\5.0.4.RELEASE\spring-jcl-5.0.4.RELEASE.jar;C:\Users\Ashutosh\.m2\repository\org\springframework\spring-context\5.0.4.RELEASE\spring-context-5.0.4.RELEASE.jar;C:\Users\Ashutosh\.m2\repository\org\springframework\spring-aop\5.0.4.RELEASE\spring-aop-5.0.4.RELEASE.jar;C:\Users\Ashutosh\.m2\repository\org\springframework\spring-beans\5.0.4.RELEASE\spring-beans-5.0.4.RELEASE.jar;C:\Users\Ashutosh\.m2\repository\org\springframework\spring-expression\5.0.4.RELEASE\spring-expression-5.0.4.RELEASE.jar;C:\Users\Ashutosh\.m2\repository\org\hibernate\hibernate-core\5.2.13.Final\hibernate-core-5.2.13.Final.jar;C:\Users\Ashutosh\.m2\repository\org\jboss\logging\jboss-logging\3.3.1.Final\jboss-logging-3.3.1.Final.jar;C:\Users\Ashutosh\.m2\repository\org\hibernate\javax\persistence\hibernate-jpa-2.1-api\1.0.0.Final\hibernate-jpa-2.1-api-1.0.0.Final.jar;C:\Users\Ashutosh\.m2\repository\org\javassist\javassist\3.22.0-GA\javassist-3.22.0-GA.jar;C:\Users\Ashutosh\.m2\repository\antlr\antlr\2.7.7\antlr-2.7.7.jar;C:\Users\Ashutosh\.m2\repository\org\jboss\spec\javax\transaction\jboss-transaction-api_1.2_spec\1.0.1.Final\jboss-transaction-api_1.2_spec-1.0.1.Final.jar;C:\Users\Ashutosh\.m2\repository\org\jboss\jandex\2.0.3.Final\jandex-2.0.3.Final.jar;C:\Users\Ashutosh\.m2\repository\com\fasterxml\classmate\1.3.0\classmate-1.3.0.jar;C:\Users\Ashutosh\.m2\repository\dom4j\dom4j\1.6.1\dom4j-1.6.1.jar;C:\Users\Ashutosh\.m2\repository\org\hibernate\common\hibernate-commons-annotations\5.0.1.Final\hibernate-commons-annotations-5.0.1.Final.jar;C:\Users\Ashutosh\.m2\repository\org\springframework\spring-orm\5.0.4.RELEASE\spring-orm-5.0.4.RELEASE.jar;C:\Users\Ashutosh\.m2\repository\org\springframework\spring-jdbc\5.0.4.RELEASE\spring-jdbc-5.0.4.RELEASE.jar;C:\Users\Ashutosh\.m2\repository\org\springframework\spring-tx\5.0.4.RELEASE\spring-tx-5.0.4.RELEASE.jar;C:\Users\Ashutosh\.m2\repository\junit\junit\4.12\junit-4.12.jar;C:\Users\Ashutosh\.m2\repository\org\hamcrest\hamcrest-core\1.3\hamcrest-core-1.3.jar;C:\Users\Ashutosh\.m2\repository\com\oracle\ojdbc6\11.2.0\ojdbc6-11.2.0.jar;C:\Users\Ashutosh\.m2\repository\org\slf4j\slf4j-api\1.7.25\slf4j-api-1.7.25.jar;C:\Users\Ashutosh\.m2\repository\javax\xml\bind\jaxb-api\2.3.0\jaxb-api-2.3.0.jar;C:\Users\Ashutosh\.m2\repository\ch\qos\logback\logback-classic\1.2.3\logback-classic-1.2.3.jar;C:\Users\Ashutosh\.m2\repository\ch\qos\logback\logback-core\1.2.3\logback-core-1.2.3.jar;C:\Users\Ashutosh\.m2\repository\com\fasterxml\jackson\core\jackson-databind\2.9.5\jackson-databind-2.9.5.jar;C:\Users\Ashutosh\.m2\repository\com\fasterxml\jackson\core\jackson-annotations\2.9.0\jackson-annotations-2.9.0.jar;C:\Users\Ashutosh\.m2\repository\com\fasterxml\jackson\core\jackson-core\2.9.5\jackson-core-2.9.5.jar;, java.vm.vendor=Oracle Corporation, sun.arch.data.model=64, user.variant=, java.vendor.url=http://java.oracle.com/, user.timezone=Asia/Calcutta, os.name=Windows 10, java.vm.specification.version=9, sun.java.launcher=SUN_STANDARD, user.country=IN, sun.boot.library.path=C:\Program Files\Java\jdk-9.0.4\bin, sun.java.command=C:\Users\Ashutosh\eclipse-workspace1\SocialHubBackEnd\target\surefire\surefirebooter9580665172787951511.jar C:\Users\Ashutosh\eclipse-workspace1\SocialHubBackEnd\target\surefire\surefire17604293487585802327tmp C:\Users\Ashutosh\eclipse-workspace1\SocialHubBackEnd\target\surefire\surefire_016517866731660405499tmp, jdk.debug=release, surefire.test.class.path=C:\Users\Ashutosh\eclipse-workspace1\SocialHubBackEnd\target\test-classes;C:\Users\Ashutosh\eclipse-workspace1\SocialHubBackEnd\target\classes;C:\Users\Ashutosh\.m2\repository\org\springframework\spring-core\5.0.4.RELEASE\spring-core-5.0.4.RELEASE.jar;C:\Users\Ashutosh\.m2\repository\org\springframework\spring-jcl\5.0.4.RELEASE\spring-jcl-5.0.4.RELEASE.jar;C:\Users\Ashutosh\.m2\repository\org\springframework\spring-context\5.0.4.RELEASE\spring-context-5.0.4.RELEASE.jar;C:\Users\Ashutosh\.m2\repository\org\springframework\spring-aop\5.0.4.RELEASE\spring-aop-5.0.4.RELEASE.jar;C:\Users\Ashutosh\.m2\repository\org\springframework\spring-beans\5.0.4.RELEASE\spring-beans-5.0.4.RELEASE.jar;C:\Users\Ashutosh\.m2\repository\org\springframework\spring-expression\5.0.4.RELEASE\spring-expression-5.0.4.RELEASE.jar;C:\Users\Ashutosh\.m2\repository\org\hibernate\hibernate-core\5.2.13.Final\hibernate-core-5.2.13.Final.jar;C:\Users\Ashutosh\.m2\repository\org\jboss\logging\jboss-logging\3.3.1.Final\jboss-logging-3.3.1.Final.jar;C:\Users\Ashutosh\.m2\repository\org\hibernate\javax\persistence\hibernate-jpa-2.1-api\1.0.0.Final\hibernate-jpa-2.1-api-1.0.0.Final.jar;C:\Users\Ashutosh\.m2\repository\org\javassist\javassist\3.22.0-GA\javassist-3.22.0-GA.jar;C:\Users\Ashutosh\.m2\repository\antlr\antlr\2.7.7\antlr-2.7.7.jar;C:\Users\Ashutosh\.m2\repository\org\jboss\spec\javax\transaction\jboss-transaction-api_1.2_spec\1.0.1.Final\jboss-transaction-api_1.2_spec-1.0.1.Final.jar;C:\Users\Ashutosh\.m2\repository\org\jboss\jandex\2.0.3.Final\jandex-2.0.3.Final.jar;C:\Users\Ashutosh\.m2\repository\com\fasterxml\classmate\1.3.0\classmate-1.3.0.jar;C:\Users\Ashutosh\.m2\repository\dom4j\dom4j\1.6.1\dom4j-1.6.1.jar;C:\Users\Ashutosh\.m2\repository\org\hibernate\common\hibernate-commons-annotations\5.0.1.Final\hibernate-commons-annotations-5.0.1.Final.jar;C:\Users\Ashutosh\.m2\repository\org\springframework\spring-orm\5.0.4.RELEASE\spring-orm-5.0.4.RELEASE.jar;C:\Users\Ashutosh\.m2\repository\org\springframework\spring-jdbc\5.0.4.RELEASE\spring-jdbc-5.0.4.RELEASE.jar;C:\Users\Ashutosh\.m2\repository\org\springframework\spring-tx\5.0.4.RELEASE\spring-tx-5.0.4.RELEASE.jar;C:\Users\Ashutosh\.m2\repository\junit\junit\4.12\junit-4.12.jar;C:\Users\Ashutosh\.m2\repository\org\hamcrest\hamcrest-core\1.3\hamcrest-core-1.3.jar;C:\Users\Ashutosh\.m2\repository\com\oracle\ojdbc6\11.2.0\ojdbc6-11.2.0.jar;C:\Users\Ashutosh\.m2\repository\org\slf4j\slf4j-api\1.7.25\slf4j-api-1.7.25.jar;C:\Users\Ashutosh\.m2\repository\javax\xml\bind\jaxb-api\2.3.0\jaxb-api-2.3.0.jar;C:\Users\Ashutosh\.m2\repository\ch\qos\logback\logback-classic\1.2.3\logback-classic-1.2.3.jar;C:\Users\Ashutosh\.m2\repository\ch\qos\logback\logback-core\1.2.3\logback-core-1.2.3.jar;C:\Users\Ashutosh\.m2\repository\com\fasterxml\jackson\core\jackson-databind\2.9.5\jackson-databind-2.9.5.jar;C:\Users\Ashutosh\.m2\repository\com\fasterxml\jackson\core\jackson-annotations\2.9.0\jackson-annotations-2.9.0.jar;C:\Users\Ashutosh\.m2\repository\com\fasterxml\jackson\core\jackson-core\2.9.5\jackson-core-2.9.5.jar;, sun.cpu.endian=little, user.home=C:\Users\Ashutosh, user.language=en, java.specification.vendor=Oracle Corporation, java.home=C:\Program Files\Java\jdk-9.0.4, file.separator=\, basedir=C:\Users\Ashutosh\eclipse-workspace1\SocialHubBackEnd, java.vm.compressedOopsMode=32-bit, line.separator=
, java.vm.specification.vendor=Oracle Corporation, java.specification.name=Java Platform API Specification, java.awt.graphicsenv=sun.awt.Win32GraphicsEnvironment, surefire.real.class.path=C:\Users\Ashutosh\eclipse-workspace1\SocialHubBackEnd\target\surefire\surefirebooter9580665172787951511.jar, user.script=, sun.management.compiler=HotSpot 64-Bit Tiered Compilers, java.runtime.version=9.0.4+11, user.name=Ashutosh, path.separator=;, os.version=10.0, java.runtime.name=Java(TM) SE Runtime Environment, file.encoding=Cp1252, java.vm.name=Java HotSpot(TM) 64-Bit Server VM, localRepository=C:\Users\Ashutosh\.m2\repository, java.vendor.url.bug=http://bugreport.java.com/bugreport/, java.io.tmpdir=C:\Users\Ashutosh\AppData\Local\Temp\, java.version=9.0.4, user.dir=C:\Users\Ashutosh\eclipse-workspace1\SocialHubBackEnd, os.arch=amd64, java.vm.specification.name=Java Virtual Machine Specification, java.awt.printerjob=sun.awt.windows.WPrinterJob, sun.os.patch.level=, java.library.path=C:\Program Files\Java\jdk-9.0.4\bin;C:\WINDOWS\Sun\Java\bin;C:\WINDOWS\system32;C:\WINDOWS;C:\oraclexe\app\oracle\product\11.2.0\server\bin;C:\ProgramData\Oracle\Java\javapath;C:\WINDOWS\system32;C:\WINDOWS;C:\WINDOWS\System32\Wbem;C:\WINDOWS\System32\WindowsPowerShell\v1.0\;C:\Program Files\dotnet\;C:\Program Files\Java\jdk-9.0.4;C:\apache-maven-3.5.3\bin;C:\Program Files\Git\cmd;C:\WINDOWS\System32\OpenSSH\;C:\apache-maven-3.5.3\bin;C:\Program Files\Java\jdk-9.0.4\bin;C:\Users\Ashutosh\AppData\Local\Microsoft\WindowsApps;;., java.vm.info=mixed mode, java.vendor=Oracle Corporation, java.vm.version=9.0.4+11, sun.io.unicode.encoding=UnicodeLittle, java.class.version=53.0}}, SystemEnvironmentPropertySource@193598542 {name=&apos;systemEnvironment&apos;, properties={PATH=C:\oraclexe\app\oracle\product\11.2.0\server\bin;C:\ProgramData\Oracle\Java\javapath;C:\WINDOWS\system32;C:\WINDOWS;C:\WINDOWS\System32\Wbem;C:\WINDOWS\System32\WindowsPowerShell\v1.0\;C:\Program Files\dotnet\;C:\Program Files\Java\jdk-9.0.4;C:\apache-maven-3.5.3\bin;C:\Program Files\Git\cmd;C:\WINDOWS\System32\OpenSSH\;C:\apache-maven-3.5.3\bin;C:\Program Files\Java\jdk-9.0.4\bin;C:\Users\Ashutosh\AppData\Local\Microsoft\WindowsApps;, USERDOMAIN_ROAMINGPROFILE=DESKTOP-UOVIHKU, LOCALAPPDATA=C:\Users\Ashutosh\AppData\Local, PROCESSOR_LEVEL=6, SYSTEMDRIVE=C:, COMMONPROGRAMFILES(X86)=C:\Program Files (x86)\Common Files, USERDOMAIN=DESKTOP-UOVIHKU, FPS_BROWSER_APP_PROFILE_STRING=Internet Explorer, LOGONSERVER=\\DESKTOP-UOVIHKU, JAVA_HOME=C:\Program Files\Java\jdk-9.0.4, PROMPT=$P$G, SESSIONNAME=Console, ALLUSERSPROFILE=C:\ProgramData, PROGRAMFILES(X86)=C:\Program Files (x86), PROCESSOR_ARCHITECTURE=AMD64, DRIVERDATA=C:\Windows\System32\Drivers\DriverData, PROGRAMFILES=C:\Program Files, =C:=C:\Users\Ashutosh\eclipse-workspace1\SocialHubBackEnd, APPDATA=C:\Users\Ashutosh\AppData\Roaming, PSMODULEPATH=C:\Program Files\WindowsPowerShell\Modules;C:\WINDOWS\system32\WindowsPowerShell\v1.0\Modules, PROGRAMW6432=C:\Program Files, PROGRAMDATA=C:\ProgramData, SYSTEMROOT=C:\WINDOWS, USERNAME=Ashutosh, FPS_BROWSER_USER_PROFILE_STRING=Default, ONEDRIVE=C:\Users\Ashutosh\OneDrive, PATHEXT=.COM;.EXE;.BAT;.CMD;.VBS;.VBE;.JS;.JSE;.WSF;.WSH;.MSC, OS=Windows_NT, COMMONPROGRAMW6432=C:\Program Files\Common Files, COMPUTERNAME=DESKTOP-UOVIHKU, COMMONPROGRAMFILES=C:\Program Files\Common Files, COMSPEC=C:\WINDOWS\system32\cmd.exe, PROCESSOR_REVISION=2505, WINDIR=C:\WINDOWS, HOMEPATH=\Users\Ashutosh, TEMP=C:\Users\Ashutosh\AppData\Local\Temp, HOMEDRIVE=C:, PROCESSOR_IDENTIFIER=Intel64 Family 6 Model 37 Stepping 5, GenuineIntel, USERPROFILE=C:\Users\Ashutosh, TMP=C:\Users\Ashutosh\AppData\Local\Temp, M2_HOME=C:\apache-maven-3.5.3;, PUBLIC=C:\Users\Public, NUMBER_OF_PROCESSORS=4, =::=::\}}]
11:31:59.784 [main] DEBUG org.springframework.core.io.support.PathMatchingResourcePatternResolver - Resolved classpath location [com/ashutosh/] to resources [URL [file:/C:/Users/Ashutosh/eclipse-workspace1/SocialHubBackEnd/target/test-classes/com/ashutosh/], URL [file:/C:/Users/Ashutosh/eclipse-workspace1/SocialHubBackEnd/target/classes/com/ashutosh/]]
11:31:59.785 [main] DEBUG org.springframework.core.io.support.PathMatchingResourcePatternResolver - Looking for matching resources in directory tree [C:\Users\Ashutosh\eclipse-workspace1\SocialHubBackEnd\target\test-classes\com\ashutosh]
11:31:59.785 [main] DEBUG org.springframework.core.io.support.PathMatchingResourcePatternResolver - Searching directory [C:\Users\Ashutosh\eclipse-workspace1\SocialHubBackEnd\target\test-classes\com\ashutosh] for files matching pattern [C:/Users/Ashutosh/eclipse-workspace1/SocialHubBackEnd/target/test-classes/com/ashutosh/**/*.class]
11:31:59.786 [main] DEBUG org.springframework.core.io.support.PathMatchingResourcePatternResolver - Searching directory [C:\Users\Ashutosh\eclipse-workspace1\SocialHubBackEnd\target\test-classes\com\ashutosh\socialhub] for files matching pattern [C:/Users/Ashutosh/eclipse-workspace1/SocialHubBackEnd/target/test-classes/com/ashutosh/**/*.class]
11:31:59.787 [main] DEBUG org.springframework.core.io.support.PathMatchingResourcePatternResolver - Looking for matching resources in directory tree [C:\Users\Ashutosh\eclipse-workspace1\SocialHubBackEnd\target\classes\com\ashutosh]
11:31:59.788 [main] DEBUG org.springframework.core.io.support.PathMatchingResourcePatternResolver - Searching directory [C:\Users\Ashutosh\eclipse-workspace1\SocialHubBackEnd\target\classes\com\ashutosh] for files matching pattern [C:/Users/Ashutosh/eclipse-workspace1/SocialHubBackEnd/target/classes/com/ashutosh/**/*.class]
11:31:59.788 [main] DEBUG org.springframework.core.io.support.PathMatchingResourcePatternResolver - Searching directory [C:\Users\Ashutosh\eclipse-workspace1\SocialHubBackEnd\target\classes\com\ashutosh\socialhub] for files matching pattern [C:/Users/Ashutosh/eclipse-workspace1/SocialHubBackEnd/target/classes/com/ashutosh/**/*.class]
11:31:59.789 [main] DEBUG org.springframework.core.io.support.PathMatchingResourcePatternResolver - Searching directory [C:\Users\Ashutosh\eclipse-workspace1\SocialHubBackEnd\target\classes\com\ashutosh\socialhub\config] for files matching pattern [C:/Users/Ashutosh/eclipse-workspace1/SocialHubBackEnd/target/classes/com/ashutosh/**/*.class]
11:31:59.789 [main] DEBUG org.springframework.core.io.support.PathMatchingResourcePatternResolver - Searching directory [C:\Users\Ashutosh\eclipse-workspace1\SocialHubBackEnd\target\classes\com\ashutosh\socialhub\dao] for files matching pattern [C:/Users/Ashutosh/eclipse-workspace1/SocialHubBackEnd/target/classes/com/ashutosh/**/*.class]
11:31:59.790 [main] DEBUG org.springframework.core.io.support.PathMatchingResourcePatternResolver - Searching directory [C:\Users\Ashutosh\eclipse-workspace1\SocialHubBackEnd\target\classes\com\ashutosh\socialhub\dao\impl] for files matching pattern [C:/Users/Ashutosh/eclipse-workspace1/SocialHubBackEnd/target/classes/com/ashutosh/**/*.class]
11:31:59.792 [main] DEBUG org.springframework.core.io.support.PathMatchingResourcePatternResolver - Searching directory [C:\Users\Ashutosh\eclipse-workspace1\SocialHubBackEnd\target\classes\com\ashutosh\socialhub\domain] for files matching pattern [C:/Users/Ashutosh/eclipse-workspace1/SocialHubBackEnd/target/classes/com/ashutosh/**/*.class]
11:31:59.794 [main] DEBUG org.springframework.core.io.support.PathMatchingResourcePatternResolver - Resolved location pattern [classpath*:com/ashutosh/**/*.class] to resources [file [C:\Users\Ashutosh\eclipse-workspace1\SocialHubBackEnd\target\test-classes\com\ashutosh\socialhub\BlogcommentTestCase.class], file [C:\Users\Ashutosh\eclipse-workspace1\SocialHubBackEnd\target\test-classes\com\ashutosh\socialhub\BlogDAOTestCase.class], file [C:\Users\Ashutosh\eclipse-workspace1\SocialHubBackEnd\target\test-classes\com\ashutosh\socialhub\ForumCommentTestCase.class], file [C:\Users\Ashutosh\eclipse-workspace1\SocialHubBackEnd\target\test-classes\com\ashutosh\socialhub\ForumDAOTestCase.class], file [C:\Users\Ashutosh\eclipse-workspace1\SocialHubBackEnd\target\test-classes\com\ashutosh\socialhub\FriendDAOTestCase.class], file [C:\Users\Ashutosh\eclipse-workspace1\SocialHubBackEnd\target\test-classes\com\ashutosh\socialhub\JobDetailDAOTestCase.class], file [C:\Users\Ashutosh\eclipse-workspace1\SocialHubBackEnd\target\test-classes\com\ashutosh\socialhub\UserDAOTestCase.class], file [C:\Users\Ashutosh\eclipse-workspace1\SocialHubBackEnd\target\classes\com\ashutosh\socialhub\config\ApplicationContextConfig.class], file [C:\Users\Ashutosh\eclipse-workspace1\SocialHubBackEnd\target\classes\com\ashutosh\socialhub\dao\BlogcommentDAO.class], file [C:\Users\Ashutosh\eclipse-workspace1\SocialHubBackEnd\target\classes\com\ashutosh\socialhub\dao\BlogDAO.class], file [C:\Users\Ashutosh\eclipse-workspace1\SocialHubBackEnd\target\classes\com\ashutosh\socialhub\dao\ForumCommentDAO.class], file [C:\Users\Ashutosh\eclipse-workspace1\SocialHubBackEnd\target\classes\com\ashutosh\socialhub\dao\ForumDAO.class], file [C:\Users\Ashutosh\eclipse-workspace1\SocialHubBackEnd\target\classes\com\ashutosh\socialhub\dao\FriendDAO.class], file [C:\Users\Ashutosh\eclipse-workspace1\SocialHubBackEnd\target\classes\com\ashutosh\socialhub\dao\impl\BlogcommentDAOImpl.class], file [C:\Users\Ashutosh\eclipse-workspace1\SocialHubBackEnd\target\classes\com\ashutosh\socialhub\dao\impl\BlogDAOImpl.class], file [C:\Users\Ashutosh\eclipse-workspace1\SocialHubBackEnd\target\classes\com\ashutosh\socialhub\dao\impl\ForumCommentDAOImpl.class], file [C:\Users\Ashutosh\eclipse-workspace1\SocialHubBackEnd\target\classes\com\ashutosh\socialhub\dao\impl\ForumDAOImpl.class], file [C:\Users\Ashutosh\eclipse-workspace1\SocialHubBackEnd\target\classes\com\ashutosh\socialhub\dao\impl\FriendDAOImpl.class], file [C:\Users\Ashutosh\eclipse-workspace1\SocialHubBackEnd\target\classes\com\ashutosh\socialhub\dao\impl\JobDetailDAOImpl.class], file [C:\Users\Ashutosh\eclipse-workspace1\SocialHubBackEnd\target\classes\com\ashutosh\socialhub\dao\impl\ProfilePictureDAOImpl.class], file [C:\Users\Ashutosh\eclipse-workspace1\SocialHubBackEnd\target\classes\com\ashutosh\socialhub\dao\impl\UserDAOImpl.class], file [C:\Users\Ashutosh\eclipse-workspace1\SocialHubBackEnd\target\classes\com\ashutosh\socialhub\dao\JobDetailDAO.class], file [C:\Users\Ashutosh\eclipse-workspace1\SocialHubBackEnd\target\classes\com\ashutosh\socialhub\dao\ProfilePictureDAO.class], file [C:\Users\Ashutosh\eclipse-workspace1\SocialHubBackEnd\target\classes\com\ashutosh\socialhub\dao\UserDAO.class], file [C:\Users\Ashutosh\eclipse-workspace1\SocialHubBackEnd\target\classes\com\ashutosh\socialhub\domain\Blog.class], file [C:\Users\Ashutosh\eclipse-workspace1\SocialHubBackEnd\target\classes\com\ashutosh\socialhub\domain\Blogcomment.class], file [C:\Users\Ashutosh\eclipse-workspace1\SocialHubBackEnd\target\classes\com\ashutosh\socialhub\domain\Forum.class], file [C:\Users\Ashutosh\eclipse-workspace1\SocialHubBackEnd\target\classes\com\ashutosh\socialhub\domain\ForumComment.class], file [C:\Users\Ashutosh\eclipse-workspace1\SocialHubBackEnd\target\classes\com\ashutosh\socialhub\domain\Friend.class], file [C:\Users\Ashutosh\eclipse-workspace1\SocialHubBackEnd\target\classes\com\ashutosh\socialhub\domain\JobDetail.class], file [C:\Users\Ashutosh\eclipse-workspace1\SocialHubBackEnd\target\classes\com\ashutosh\socialhub\domain\ProfileImage.class], file [C:\Users\Ashutosh\eclipse-workspace1\SocialHubBackEnd\target\classes\com\ashutosh\socialhub\domain\UserDetail.class]]
11:31:59.907 [main] DEBUG org.springframework.context.annotation.ClassPathBeanDefinitionScanner - Identified candidate component class: file [C:\Users\Ashutosh\eclipse-workspace1\SocialHubBackEnd\target\classes\com\ashutosh\socialhub\config\ApplicationContextConfig.class]
11:31:59.925 [main] DEBUG org.springframework.context.annotation.ClassPathBeanDefinitionScanner - Identified candidate component class: file [C:\Users\Ashutosh\eclipse-workspace1\SocialHubBackEnd\target\classes\com\ashutosh\socialhub\dao\impl\BlogcommentDAOImpl.class]
11:31:59.930 [main] DEBUG org.springframework.context.annotation.ClassPathBeanDefinitionScanner - Identified candidate component class: file [C:\Users\Ashutosh\eclipse-workspace1\SocialHubBackEnd\target\classes\com\ashutosh\socialhub\dao\impl\BlogDAOImpl.class]
11:31:59.941 [main] DEBUG org.springframework.context.annotation.ClassPathBeanDefinitionScanner - Identified candidate component class: file [C:\Users\Ashutosh\eclipse-workspace1\SocialHubBackEnd\target\classes\com\ashutosh\socialhub\dao\impl\ForumCommentDAOImpl.class]
11:31:59.948 [main] DEBUG org.springframework.context.annotation.ClassPathBeanDefinitionScanner - Identified candidate component class: file [C:\Users\Ashutosh\eclipse-workspace1\SocialHubBackEnd\target\classes\com\ashutosh\socialhub\dao\impl\ForumDAOImpl.class]
11:31:59.990 [main] DEBUG org.springframework.context.annotation.ClassPathBeanDefinitionScanner - Identified candidate component class: file [C:\Users\Ashutosh\eclipse-workspace1\SocialHubBackEnd\target\classes\com\ashutosh\socialhub\dao\impl\FriendDAOImpl.class]
11:31:59.998 [main] DEBUG org.springframework.context.annotation.ClassPathBeanDefinitionScanner - Identified candidate component class: file [C:\Users\Ashutosh\eclipse-workspace1\SocialHubBackEnd\target\classes\com\ashutosh\socialhub\dao\impl\JobDetailDAOImpl.class]
11:32:00.004 [main] DEBUG org.springframework.context.annotation.ClassPathBeanDefinitionScanner - Identified candidate component class: file [C:\Users\Ashutosh\eclipse-workspace1\SocialHubBackEnd\target\classes\com\ashutosh\socialhub\dao\impl\ProfilePictureDAOImpl.class]
11:32:00.010 [main] DEBUG org.springframework.context.annotation.ClassPathBeanDefinitionScanner - Identified candidate component class: file [C:\Users\Ashutosh\eclipse-workspace1\SocialHubBackEnd\target\classes\com\ashutosh\socialhub\dao\impl\UserDAOImpl.class]
11:32:00.012 [main] DEBUG org.springframework.context.annotation.ClassPathBeanDefinitionScanner - Ignored because not a concrete top-level class: file [C:\Users\Ashutosh\eclipse-workspace1\SocialHubBackEnd\target\classes\com\ashutosh\socialhub\dao\ProfilePictureDAO.class]
11:32:00.019 [main] DEBUG org.springframework.context.annotation.ClassPathBeanDefinitionScanner - Identified candidate component class: file [C:\Users\Ashutosh\eclipse-workspace1\SocialHubBackEnd\target\classes\com\ashutosh\socialhub\domain\Blog.class]
11:32:00.033 [main] DEBUG org.springframework.context.annotation.ClassPathBeanDefinitionScanner - Identified candidate component class: file [C:\Users\Ashutosh\eclipse-workspace1\SocialHubBackEnd\target\classes\com\ashutosh\socialhub\domain\Blogcomment.class]
11:32:00.034 [main] DEBUG org.springframework.context.annotation.ClassPathBeanDefinitionScanner - Identified candidate component class: file [C:\Users\Ashutosh\eclipse-workspace1\SocialHubBackEnd\target\classes\com\ashutosh\socialhub\domain\Forum.class]
11:32:00.049 [main] DEBUG org.springframework.context.annotation.ClassPathBeanDefinitionScanner - Identified candidate component class: file [C:\Users\Ashutosh\eclipse-workspace1\SocialHubBackEnd\target\classes\com\ashutosh\socialhub\domain\ForumComment.class]
11:32:00.049 [main] DEBUG org.springframework.context.annotation.ClassPathBeanDefinitionScanner - Identified candidate component class: file [C:\Users\Ashutosh\eclipse-workspace1\SocialHubBackEnd\target\classes\com\ashutosh\socialhub\domain\Friend.class]
11:32:00.056 [main] DEBUG org.springframework.context.annotation.ClassPathBeanDefinitionScanner - Identified candidate component class: file [C:\Users\Ashutosh\eclipse-workspace1\SocialHubBackEnd\target\classes\com\ashutosh\socialhub\domain\JobDetail.class]
11:32:00.057 [main] DEBUG org.springframework.context.annotation.ClassPathBeanDefinitionScanner - Identified candidate component class: file [C:\Users\Ashutosh\eclipse-workspace1\SocialHubBackEnd\target\classes\com\ashutosh\socialhub\domain\ProfileImage.class]
11:32:00.058 [main] DEBUG org.springframework.context.annotation.ClassPathBeanDefinitionScanner - Identified candidate component class: file [C:\Users\Ashutosh\eclipse-workspace1\SocialHubBackEnd\target\classes\com\ashutosh\socialhub\domain\UserDetail.class]
11:32:00.059 [main] INFO org.springframework.context.annotation.AnnotationConfigApplicationContext - Refreshing org.springframework.context.annotation.AnnotationConfigApplicationContext@7772d266: startup date [Fri Jul 06 11:32:00 IST 2018]; root of context hierarchy
11:32:00.060 [main] DEBUG org.springframework.context.annotation.AnnotationConfigApplicationContext - Bean factory for org.springframework.context.annotation.AnnotationConfigApplicationContext@7772d266: org.springframework.beans.factory.support.DefaultListableBeanFactory@41f785e3: defining beans [org.springframework.context.annotation.internalConfigurationAnnotationProcessor,org.springframework.context.annotation.internalAutowiredAnnotationProcessor,org.springframework.context.annotation.internalRequiredAnnotationProcessor,org.springframework.context.annotation.internalPersistenceAnnotationProcessor,org.springframework.context.event.internalEventListenerProcessor,org.springframework.context.event.internalEventListenerFactory,applicationContextConfig,blogcommentDAO,blogDAO,forumcommentDAO,forumDAO,friendDAO,jobdetailDAO,profilepictureDAO,userDAO,blog,blogcomment,forum,forumComment,friend,jobDetail,profileImage,userDetail]; root of factory hierarchy
11:32:00.061 [main] DEBUG org.springframework.beans.factory.support.DefaultListableBeanFactory - Creating shared instance of singleton bean &apos;org.springframework.context.annotation.internalConfigurationAnnotationProcessor&apos;
11:32:00.061 [main] DEBUG org.springframework.beans.factory.support.DefaultListableBeanFactory - Creating instance of bean &apos;org.springframework.context.annotation.internalConfigurationAnnotationProcessor&apos;
11:32:00.061 [main] DEBUG org.springframework.beans.factory.support.DefaultListableBeanFactory - Eagerly caching bean &apos;org.springframework.context.annotation.internalConfigurationAnnotationProcessor&apos; to allow for resolving potential circular references
11:32:00.061 [main] DEBUG org.springframework.beans.factory.support.DefaultListableBeanFactory - Finished creating instance of bean &apos;org.springframework.context.annotation.internalConfigurationAnnotationProcessor&apos;
11:32:00.066 [main] DEBUG org.springframework.core.io.support.PathMatchingResourcePatternResolver - Resolved classpath location [com/ashutosh/] to resources [URL [file:/C:/Users/Ashutosh/eclipse-workspace1/SocialHubBackEnd/target/test-classes/com/ashutosh/], URL [file:/C:/Users/Ashutosh/eclipse-workspace1/SocialHubBackEnd/target/classes/com/ashutosh/]]
11:32:00.066 [main] DEBUG org.springframework.core.io.support.PathMatchingResourcePatternResolver - Looking for matching resources in directory tree [C:\Users\Ashutosh\eclipse-workspace1\SocialHubBackEnd\target\test-classes\com\ashutosh]
11:32:00.066 [main] DEBUG org.springframework.core.io.support.PathMatchingResourcePatternResolver - Searching directory [C:\Users\Ashutosh\eclipse-workspace1\SocialHubBackEnd\target\test-classes\com\ashutosh] for files matching pattern [C:/Users/Ashutosh/eclipse-workspace1/SocialHubBackEnd/target/test-classes/com/ashutosh/**/*.class]
11:32:00.067 [main] DEBUG org.springframework.core.io.support.PathMatchingResourcePatternResolver - Searching directory [C:\Users\Ashutosh\eclipse-workspace1\SocialHubBackEnd\target\test-classes\com\ashutosh\socialhub] for files matching pattern [C:/Users/Ashutosh/eclipse-workspace1/SocialHubBackEnd/target/test-classes/com/ashutosh/**/*.class]
11:32:00.068 [main] DEBUG org.springframework.core.io.support.PathMatchingResourcePatternResolver - Looking for matching resources in directory tree [C:\Users\Ashutosh\eclipse-workspace1\SocialHubBackEnd\target\classes\com\ashutosh]
11:32:00.068 [main] DEBUG org.springframework.core.io.support.PathMatchingResourcePatternResolver - Searching directory [C:\Users\Ashutosh\eclipse-workspace1\SocialHubBackEnd\target\classes\com\ashutosh] for files matching pattern [C:/Users/Ashutosh/eclipse-workspace1/SocialHubBackEnd/target/classes/com/ashutosh/**/*.class]
11:32:00.069 [main] DEBUG org.springframework.core.io.support.PathMatchingResourcePatternResolver - Searching directory [C:\Users\Ashutosh\eclipse-workspace1\SocialHubBackEnd\target\classes\com\ashutosh\socialhub] for files matching pattern [C:/Users/Ashutosh/eclipse-workspace1/SocialHubBackEnd/target/classes/com/ashutosh/**/*.class]
11:32:00.069 [main] DEBUG org.springframework.core.io.support.PathMatchingResourcePatternResolver - Searching directory [C:\Users\Ashutosh\eclipse-workspace1\SocialHubBackEnd\target\classes\com\ashutosh\socialhub\config] for files matching pattern [C:/Users/Ashutosh/eclipse-workspace1/SocialHubBackEnd/target/classes/com/ashutosh/**/*.class]
11:32:00.070 [main] DEBUG org.springframework.core.io.support.PathMatchingResourcePatternResolver - Searching directory [C:\Users\Ashutosh\eclipse-workspace1\SocialHubBackEnd\target\classes\com\ashutosh\socialhub\dao] for files matching pattern [C:/Users/Ashutosh/eclipse-workspace1/SocialHubBackEnd/target/classes/com/ashutosh/**/*.class]
11:32:00.071 [main] DEBUG org.springframework.core.io.support.PathMatchingResourcePatternResolver - Searching directory [C:\Users\Ashutosh\eclipse-workspace1\SocialHubBackEnd\target\classes\com\ashutosh\socialhub\dao\impl] for files matching pattern [C:/Users/Ashutosh/eclipse-workspace1/SocialHubBackEnd/target/classes/com/ashutosh/**/*.class]
11:32:00.072 [main] DEBUG org.springframework.core.io.support.PathMatchingResourcePatternResolver - Searching directory [C:\Users\Ashutosh\eclipse-workspace1\SocialHubBackEnd\target\classes\com\ashutosh\socialhub\domain] for files matching pattern [C:/Users/Ashutosh/eclipse-workspace1/SocialHubBackEnd/target/classes/com/ashutosh/**/*.class]
11:32:00.074 [main] DEBUG org.springframework.core.io.support.PathMatchingResourcePatternResolver - Resolved location pattern [classpath*:com/ashutosh/**/*.class] to resources [file [C:\Users\Ashutosh\eclipse-workspace1\SocialHubBackEnd\target\test-classes\com\ashutosh\socialhub\BlogcommentTestCase.class], file [C:\Users\Ashutosh\eclipse-workspace1\SocialHubBackEnd\target\test-classes\com\ashutosh\socialhub\BlogDAOTestCase.class], file [C:\Users\Ashutosh\eclipse-workspace1\SocialHubBackEnd\target\test-classes\com\ashutosh\socialhub\ForumCommentTestCase.class], file [C:\Users\Ashutosh\eclipse-workspace1\SocialHubBackEnd\target\test-classes\com\ashutosh\socialhub\ForumDAOTestCase.class], file [C:\Users\Ashutosh\eclipse-workspace1\SocialHubBackEnd\target\test-classes\com\ashutosh\socialhub\FriendDAOTestCase.class], file [C:\Users\Ashutosh\eclipse-workspace1\SocialHubBackEnd\target\test-classes\com\ashutosh\socialhub\JobDetailDAOTestCase.class], file [C:\Users\Ashutosh\eclipse-workspace1\SocialHubBackEnd\target\test-classes\com\ashutosh\socialhub\UserDAOTestCase.class], file [C:\Users\Ashutosh\eclipse-workspace1\SocialHubBackEnd\target\classes\com\ashutosh\socialhub\config\ApplicationContextConfig.class], file [C:\Users\Ashutosh\eclipse-workspace1\SocialHubBackEnd\target\classes\com\ashutosh\socialhub\dao\BlogcommentDAO.class], file [C:\Users\Ashutosh\eclipse-workspace1\SocialHubBackEnd\target\classes\com\ashutosh\socialhub\dao\BlogDAO.class], file [C:\Users\Ashutosh\eclipse-workspace1\SocialHubBackEnd\target\classes\com\ashutosh\socialhub\dao\ForumCommentDAO.class], file [C:\Users\Ashutosh\eclipse-workspace1\SocialHubBackEnd\target\classes\com\ashutosh\socialhub\dao\ForumDAO.class], file [C:\Users\Ashutosh\eclipse-workspace1\SocialHubBackEnd\target\classes\com\ashutosh\socialhub\dao\FriendDAO.class], file [C:\Users\Ashutosh\eclipse-workspace1\SocialHubBackEnd\target\classes\com\ashutosh\socialhub\dao\impl\BlogcommentDAOImpl.class], file [C:\Users\Ashutosh\eclipse-workspace1\SocialHubBackEnd\target\classes\com\ashutosh\socialhub\dao\impl\BlogDAOImpl.class], file [C:\Users\Ashutosh\eclipse-workspace1\SocialHubBackEnd\target\classes\com\ashutosh\socialhub\dao\impl\ForumCommentDAOImpl.class], file [C:\Users\Ashutosh\eclipse-workspace1\SocialHubBackEnd\target\classes\com\ashutosh\socialhub\dao\impl\ForumDAOImpl.class], file [C:\Users\Ashutosh\eclipse-workspace1\SocialHubBackEnd\target\classes\com\ashutosh\socialhub\dao\impl\FriendDAOImpl.class], file [C:\Users\Ashutosh\eclipse-workspace1\SocialHubBackEnd\target\classes\com\ashutosh\socialhub\dao\impl\JobDetailDAOImpl.class], file [C:\Users\Ashutosh\eclipse-workspace1\SocialHubBackEnd\target\classes\com\ashutosh\socialhub\dao\impl\ProfilePictureDAOImpl.class], file [C:\Users\Ashutosh\eclipse-workspace1\SocialHubBackEnd\target\classes\com\ashutosh\socialhub\dao\impl\UserDAOImpl.class], file [C:\Users\Ashutosh\eclipse-workspace1\SocialHubBackEnd\target\classes\com\ashutosh\socialhub\dao\JobDetailDAO.class], file [C:\Users\Ashutosh\eclipse-workspace1\SocialHubBackEnd\target\classes\com\ashutosh\socialhub\dao\ProfilePictureDAO.class], file [C:\Users\Ashutosh\eclipse-workspace1\SocialHubBackEnd\target\classes\com\ashutosh\socialhub\dao\UserDAO.class], file [C:\Users\Ashutosh\eclipse-workspace1\SocialHubBackEnd\target\classes\com\ashutosh\socialhub\domain\Blog.class], file [C:\Users\Ashutosh\eclipse-workspace1\SocialHubBackEnd\target\classes\com\ashutosh\socialhub\domain\Blogcomment.class], file [C:\Users\Ashutosh\eclipse-workspace1\SocialHubBackEnd\target\classes\com\ashutosh\socialhub\domain\Forum.class], file [C:\Users\Ashutosh\eclipse-workspace1\SocialHubBackEnd\target\classes\com\ashutosh\socialhub\domain\ForumComment.class], file [C:\Users\Ashutosh\eclipse-workspace1\SocialHubBackEnd\target\classes\com\ashutosh\socialhub\domain\Friend.class], file [C:\Users\Ashutosh\eclipse-workspace1\SocialHubBackEnd\target\classes\com\ashutosh\socialhub\domain\JobDetail.class], file [C:\Users\Ashutosh\eclipse-workspace1\SocialHubBackEnd\target\classes\com\ashutosh\socialhub\domain\ProfileImage.class], file [C:\Users\Ashutosh\eclipse-workspace1\SocialHubBackEnd\target\classes\com\ashutosh\socialhub\domain\UserDetail.class]]
11:32:00.076 [main] DEBUG org.springframework.context.annotation.ClassPathBeanDefinitionScanner - Identified candidate component class: file [C:\Users\Ashutosh\eclipse-workspace1\SocialHubBackEnd\target\classes\com\ashutosh\socialhub\dao\impl\BlogcommentDAOImpl.class]
11:32:00.076 [main] DEBUG org.springframework.context.annotation.ClassPathBeanDefinitionScanner - Identified candidate component class: file [C:\Users\Ashutosh\eclipse-workspace1\SocialHubBackEnd\target\classes\com\ashutosh\socialhub\dao\impl\BlogDAOImpl.class]
11:32:00.076 [main] DEBUG org.springframework.context.annotation.ClassPathBeanDefinitionScanner - Identified candidate component class: file [C:\Users\Ashutosh\eclipse-workspace1\SocialHubBackEnd\target\classes\com\ashutosh\socialhub\dao\impl\ForumCommentDAOImpl.class]
11:32:00.076 [main] DEBUG org.springframework.context.annotation.ClassPathBeanDefinitionScanner - Identified candidate component class: file [C:\Users\Ashutosh\eclipse-workspace1\SocialHubBackEnd\target\classes\com\ashutosh\socialhub\dao\impl\ForumDAOImpl.class]
11:32:00.077 [main] DEBUG org.springframework.context.annotation.ClassPathBeanDefinitionScanner - Identified candidate component class: file [C:\Users\Ashutosh\eclipse-workspace1\SocialHubBackEnd\target\classes\com\ashutosh\socialhub\dao\impl\FriendDAOImpl.class]
11:32:00.077 [main] DEBUG org.springframework.context.annotation.ClassPathBeanDefinitionScanner - Identified candidate component class: file [C:\Users\Ashutosh\eclipse-workspace1\SocialHubBackEnd\target\classes\com\ashutosh\socialhub\dao\impl\JobDetailDAOImpl.class]
11:32:00.077 [main] DEBUG org.springframework.context.annotation.ClassPathBeanDefinitionScanner - Identified candidate component class: file [C:\Users\Ashutosh\eclipse-workspace1\SocialHubBackEnd\target\classes\com\ashutosh\socialhub\dao\impl\ProfilePictureDAOImpl.class]
11:32:00.077 [main] DEBUG org.springframework.context.annotation.ClassPathBeanDefinitionScanner - Identified candidate component class: file [C:\Users\Ashutosh\eclipse-workspace1\SocialHubBackEnd\target\classes\com\ashutosh\socialhub\dao\impl\UserDAOImpl.class]
11:32:00.077 [main] DEBUG org.springframework.context.annotation.ClassPathBeanDefinitionScanner - Ignored because not a concrete top-level class: file [C:\Users\Ashutosh\eclipse-workspace1\SocialHubBackEnd\target\classes\com\ashutosh\socialhub\dao\ProfilePictureDAO.class]
11:32:00.078 [main] DEBUG org.springframework.context.annotation.ClassPathBeanDefinitionScanner - Identified candidate component class: file [C:\Users\Ashutosh\eclipse-workspace1\SocialHubBackEnd\target\classes\com\ashutosh\socialhub\domain\Blog.class]
11:32:00.078 [main] DEBUG org.springframework.context.annotation.ClassPathBeanDefinitionScanner - Identified candidate component class: file [C:\Users\Ashutosh\eclipse-workspace1\SocialHubBackEnd\target\classes\com\ashutosh\socialhub\domain\Blogcomment.class]
11:32:00.078 [main] DEBUG org.springframework.context.annotation.ClassPathBeanDefinitionScanner - Identified candidate component class: file [C:\Users\Ashutosh\eclipse-workspace1\SocialHubBackEnd\target\classes\com\ashutosh\socialhub\domain\Forum.class]
11:32:00.078 [main] DEBUG org.springframework.context.annotation.ClassPathBeanDefinitionScanner - Identified candidate component class: file [C:\Users\Ashutosh\eclipse-workspace1\SocialHubBackEnd\target\classes\com\ashutosh\socialhub\domain\ForumComment.class]
11:32:00.078 [main] DEBUG org.springframework.context.annotation.ClassPathBeanDefinitionScanner - Identified candidate component class: file [C:\Users\Ashutosh\eclipse-workspace1\SocialHubBackEnd\target\classes\com\ashutosh\socialhub\domain\Friend.class]
11:32:00.079 [main] DEBUG org.springframework.context.annotation.ClassPathBeanDefinitionScanner - Identified candidate component class: file [C:\Users\Ashutosh\eclipse-workspace1\SocialHubBackEnd\target\classes\com\ashutosh\socialhub\domain\JobDetail.class]
11:32:00.079 [main] DEBUG org.springframework.context.annotation.ClassPathBeanDefinitionScanner - Identified candidate component class: file [C:\Users\Ashutosh\eclipse-workspace1\SocialHubBackEnd\target\classes\com\ashutosh\socialhub\domain\ProfileImage.class]
11:32:00.079 [main] DEBUG org.springframework.context.annotation.ClassPathBeanDefinitionScanner - Identified candidate component class: file [C:\Users\Ashutosh\eclipse-workspace1\SocialHubBackEnd\target\classes\com\ashutosh\socialhub\domain\UserDetail.class]
11:32:00.117 [main] DEBUG org.springframework.context.annotation.ConfigurationClassBeanDefinitionReader - Registered bean definition for imported class &apos;org.springframework.transaction.annotation.ProxyTransactionManagementConfiguration&apos;
11:32:00.118 [main] DEBUG org.springframework.context.annotation.ConfigurationClassBeanDefinitionReader - Registering bean definition for @Bean method org.springframework.transaction.annotation.ProxyTransactionManagementConfiguration.org.springframework.transaction.config.internalTransactionAdvisor()
11:32:00.118 [main] DEBUG org.springframework.context.annotation.ConfigurationClassBeanDefinitionReader - Registering bean definition for @Bean method org.springframework.transaction.annotation.ProxyTransactionManagementConfiguration.transactionAttributeSource()
11:32:00.119 [main] DEBUG org.springframework.context.annotation.ConfigurationClassBeanDefinitionReader - Registering bean definition for @Bean method org.springframework.transaction.annotation.ProxyTransactionManagementConfiguration.transactionInterceptor()
11:32:00.119 [main] DEBUG org.springframework.context.annotation.ConfigurationClassBeanDefinitionReader - Registering bean definition for @Bean method org.springframework.transaction.annotation.ProxyTransactionManagementConfiguration.org.springframework.transaction.config.internalTransactionalEventListenerFactory()
11:32:00.119 [main] DEBUG org.springframework.context.annotation.ConfigurationClassBeanDefinitionReader - Registering bean definition for @Bean method com.ashutosh.socialhub.config.ApplicationContextConfig.dataSource()
11:32:00.120 [main] DEBUG org.springframework.context.annotation.ConfigurationClassBeanDefinitionReader - Registering bean definition for @Bean method com.ashutosh.socialhub.config.ApplicationContextConfig.sessionFactory()
11:32:00.120 [main] DEBUG org.springframework.context.annotation.ConfigurationClassBeanDefinitionReader - Registering bean definition for @Bean method com.ashutosh.socialhub.config.ApplicationContextConfig.transactionManager()
11:32:00.122 [main] DEBUG org.springframework.context.annotation.ConfigurationClassEnhancer - Successfully enhanced com.ashutosh.socialhub.config.ApplicationContextConfig; enhanced class name is: com.ashutosh.socialhub.config.ApplicationContextConfig$$EnhancerBySpringCGLIB$$de2efc27
11:32:00.122 [main] DEBUG org.springframework.context.annotation.ConfigurationClassPostProcessor - Replacing bean definition &apos;applicationContextConfig&apos; existing class &apos;com.ashutosh.socialhub.config.ApplicationContextConfig&apos; with enhanced class &apos;com.ashutosh.socialhub.config.ApplicationContextConfig$$EnhancerBySpringCGLIB$$de2efc27&apos;
11:32:00.122 [main] DEBUG org.springframework.context.annotation.ConfigurationClassEnhancer - Successfully enhanced org.springframework.transaction.annotation.ProxyTransactionManagementConfiguration; enhanced class name is: org.springframework.transaction.annotation.ProxyTransactionManagementConfiguration$$EnhancerBySpringCGLIB$$5843554d
11:32:00.122 [main] DEBUG org.springframework.context.annotation.ConfigurationClassPostProcessor - Replacing bean definition &apos;org.springframework.transaction.annotation.ProxyTransactionManagementConfiguration&apos; existing class &apos;org.springframework.transaction.annotation.ProxyTransactionManagementConfiguration&apos; with enhanced class &apos;org.springframework.transaction.annotation.ProxyTransactionManagementConfiguration$$EnhancerBySpringCGLIB$$5843554d&apos;
11:32:00.124 [main] DEBUG org.springframework.beans.factory.support.DefaultListableBeanFactory - Creating shared instance of singleton bean &apos;org.springframework.context.annotation.internalAutowiredAnnotationProcessor&apos;
11:32:00.124 [main] DEBUG org.springframework.beans.factory.support.DefaultListableBeanFactory - Creating instance of bean &apos;org.springframework.context.annotation.internalAutowiredAnnotationProcessor&apos;
11:32:00.126 [main] DEBUG org.springframework.beans.factory.support.DefaultListableBeanFactory - Eagerly caching bean &apos;org.springframework.context.annotation.internalAutowiredAnnotationProcessor&apos; to allow for resolving potential circular references
11:32:00.130 [main] DEBUG org.springframework.beans.factory.support.DefaultListableBeanFactory - Finished creating instance of bean &apos;org.springframework.context.annotation.internalAutowiredAnnotationProcessor&apos;
11:32:00.131 [main] DEBUG org.springframework.beans.factory.support.DefaultListableBeanFactory - Creating shared instance of singleton bean &apos;org.springframework.context.annotation.internalRequiredAnnotationProcessor&apos;
11:32:00.131 [main] DEBUG org.springframework.beans.factory.support.DefaultListableBeanFactory - Creating instance of bean &apos;org.springframework.context.annotation.internalRequiredAnnotationProcessor&apos;
11:32:00.131 [main] DEBUG org.springframework.beans.factory.support.DefaultListableBeanFactory - Eagerly caching bean &apos;org.springframework.context.annotation.internalRequiredAnnotationProcessor&apos; to allow for resolving potential circular references
11:32:00.161 [main] DEBUG org.springframework.beans.factory.support.DefaultListableBeanFactory - Finished creating instance of bean &apos;org.springframework.context.annotation.internalRequiredAnnotationProcessor&apos;
11:32:00.161 [main] DEBUG org.springframework.beans.factory.support.DefaultListableBeanFactory - Creating shared instance of singleton bean &apos;org.springframework.context.annotation.internalPersistenceAnnotationProcessor&apos;
11:32:00.162 [main] DEBUG org.springframework.beans.factory.support.DefaultListableBeanFactory - Creating instance of bean &apos;org.springframework.context.annotation.internalPersistenceAnnotationProcessor&apos;
11:32:00.162 [main] DEBUG org.springframework.beans.factory.support.DefaultListableBeanFactory - Eagerly caching bean &apos;org.springframework.context.annotation.internalPersistenceAnnotationProcessor&apos; to allow for resolving potential circular references
11:32:00.167 [main] DEBUG org.springframework.beans.factory.support.DefaultListableBeanFactory - Finished creating instance of bean &apos;org.springframework.context.annotation.internalPersistenceAnnotationProcessor&apos;
11:32:00.168 [main] DEBUG org.springframework.beans.factory.support.DefaultListableBeanFactory - Creating shared instance of singleton bean &apos;org.springframework.aop.config.internalAutoProxyCreator&apos;
11:32:00.168 [main] DEBUG org.springframework.beans.factory.support.DefaultListableBeanFactory - Creating instance of bean &apos;org.springframework.aop.config.internalAutoProxyCreator&apos;
11:32:00.169 [main] DEBUG org.springframework.beans.factory.support.DefaultListableBeanFactory - Eagerly caching bean &apos;org.springframework.aop.config.internalAutoProxyCreator&apos; to allow for resolving potential circular references
11:32:00.176 [main] DEBUG org.springframework.beans.factory.support.DefaultListableBeanFactory - Finished creating instance of bean &apos;org.springframework.aop.config.internalAutoProxyCreator&apos;
11:32:00.176 [main] DEBUG org.springframework.context.annotation.AnnotationConfigApplicationContext - Unable to locate MessageSource with name &apos;messageSource&apos;: using default [org.springframework.context.support.DelegatingMessageSource@25567581]
11:32:00.176 [main] DEBUG org.springframework.context.annotation.AnnotationConfigApplicationContext - Unable to locate ApplicationEventMulticaster with name &apos;applicationEventMulticaster&apos;: using default [org.springframework.context.event.SimpleApplicationEventMulticaster@179ee36b]
11:32:00.177 [main] DEBUG org.springframework.beans.factory.support.DefaultListableBeanFactory - Pre-instantiating singletons in org.springframework.beans.factory.support.DefaultListableBeanFactory@41f785e3: defining beans [org.springframework.context.annotation.internalConfigurationAnnotationProcessor,org.springframework.context.annotation.internalAutowiredAnnotationProcessor,org.springframework.context.annotation.internalRequiredAnnotationProcessor,org.springframework.context.annotation.internalPersistenceAnnotationProcessor,org.springframework.context.event.internalEventListenerProcessor,org.springframework.context.event.internalEventListenerFactory,applicationContextConfig,blogcommentDAO,blogDAO,forumcommentDAO,forumDAO,friendDAO,jobdetailDAO,profilepictureDAO,userDAO,blog,blogcomment,forum,forumComment,friend,jobDetail,profileImage,userDetail,org.springframework.transaction.annotation.ProxyTransactionManagementConfiguration,org.springframework.transaction.config.internalTransactionAdvisor,transactionAttributeSource,transactionInterceptor,org.springframework.transaction.config.internalTransactionalEventListenerFactory,dataSource,sessionFactory,transactionManager,org.springframework.aop.config.internalAutoProxyCreator]; root of factory hierarchy
11:32:00.177 [main] DEBUG org.springframework.beans.factory.support.DefaultListableBeanFactory - Returning cached instance of singleton bean &apos;org.springframework.context.annotation.internalConfigurationAnnotationProcessor&apos;
11:32:00.177 [main] DEBUG org.springframework.beans.factory.support.DefaultListableBeanFactory - Returning cached instance of singleton bean &apos;org.springframework.context.annotation.internalAutowiredAnnotationProcessor&apos;
11:32:00.177 [main] DEBUG org.springframework.beans.factory.support.DefaultListableBeanFactory - Returning cached instance of singleton bean &apos;org.springframework.context.annotation.internalRequiredAnnotationProcessor&apos;
11:32:00.177 [main] DEBUG org.springframework.beans.factory.support.DefaultListableBeanFactory - Returning cached instance of singleton bean &apos;org.springframework.context.annotation.internalPersistenceAnnotationProcessor&apos;
11:32:00.177 [main] DEBUG org.springframework.beans.factory.support.DefaultListableBeanFactory - Creating shared instance of singleton bean &apos;org.springframework.context.event.internalEventListenerProcessor&apos;
11:32:00.177 [main] DEBUG org.springframework.beans.factory.support.DefaultListableBeanFactory - Creating instance of bean &apos;org.springframework.context.event.internalEventListenerProcessor&apos;
11:32:00.178 [main] DEBUG org.springframework.beans.factory.support.DefaultListableBeanFactory - Eagerly caching bean &apos;org.springframework.context.event.internalEventListenerProcessor&apos; to allow for resolving potential circular references
11:32:00.180 [main] DEBUG org.springframework.beans.factory.support.DefaultListableBeanFactory - Creating shared instance of singleton bean &apos;org.springframework.transaction.config.internalTransactionAdvisor&apos;
11:32:00.181 [main] DEBUG org.springframework.beans.factory.support.DefaultListableBeanFactory - Creating instance of bean &apos;org.springframework.transaction.config.internalTransactionAdvisor&apos;
11:32:00.181 [main] DEBUG org.springframework.beans.factory.support.DefaultListableBeanFactory - Creating shared instance of singleton bean &apos;org.springframework.transaction.annotation.ProxyTransactionManagementConfiguration&apos;
11:32:00.181 [main] DEBUG org.springframework.beans.factory.support.DefaultListableBeanFactory - Creating instance of bean &apos;org.springframework.transaction.annotation.ProxyTransactionManagementConfiguration&apos;
11:32:00.183 [main] DEBUG org.springframework.beans.factory.annotation.InjectionMetadata - Registered injected element on class [org.springframework.transaction.annotation.ProxyTransactionManagementConfiguration$$EnhancerBySpringCGLIB$$5843554d]: AutowiredMethodElement for void org.springframework.transaction.annotation.AbstractTransactionManagementConfiguration.setConfigurers(java.util.Collection)
11:32:00.183 [main] DEBUG org.springframework.beans.factory.support.DefaultListableBeanFactory - Eagerly caching bean &apos;org.springframework.transaction.annotation.ProxyTransactionManagementConfiguration&apos; to allow for resolving potential circular references
11:32:00.184 [main] DEBUG org.springframework.beans.factory.annotation.InjectionMetadata - Processing injected element of bean &apos;org.springframework.transaction.annotation.ProxyTransactionManagementConfiguration&apos;: AutowiredMethodElement for void org.springframework.transaction.annotation.AbstractTransactionManagementConfiguration.setConfigurers(java.util.Collection)
11:32:00.185 [main] DEBUG org.springframework.beans.factory.support.DefaultListableBeanFactory - Returning cached instance of singleton bean &apos;org.springframework.context.annotation.ConfigurationClassPostProcessor.importRegistry&apos;
11:32:00.186 [main] DEBUG org.springframework.aop.framework.autoproxy.BeanFactoryAdvisorRetrievalHelper - Skipping currently created advisor &apos;org.springframework.transaction.config.internalTransactionAdvisor&apos;
11:32:00.186 [main] DEBUG org.springframework.beans.factory.support.DefaultListableBeanFactory - Finished creating instance of bean &apos;org.springframework.transaction.annotation.ProxyTransactionManagementConfiguration&apos;
11:32:00.186 [main] DEBUG org.springframework.beans.factory.support.DefaultListableBeanFactory - Creating shared instance of singleton bean &apos;transactionAttributeSource&apos;
11:32:00.186 [main] DEBUG org.springframework.beans.factory.support.DefaultListableBeanFactory - Creating instance of bean &apos;transactionAttributeSource&apos;
11:32:00.195 [main] DEBUG org.springframework.beans.factory.support.DefaultListableBeanFactory - Returning cached instance of singleton bean &apos;org.springframework.transaction.annotation.ProxyTransactionManagementConfiguration&apos;
11:32:00.197 [main] DEBUG org.springframework.beans.factory.support.DefaultListableBeanFactory - Eagerly caching bean &apos;transactionAttributeSource&apos; to allow for resolving potential circular references
11:32:00.199 [main] DEBUG org.springframework.aop.framework.autoproxy.BeanFactoryAdvisorRetrievalHelper - Skipping currently created advisor &apos;org.springframework.transaction.config.internalTransactionAdvisor&apos;
11:32:00.200 [main] DEBUG org.springframework.beans.factory.support.DefaultListableBeanFactory - Finished creating instance of bean &apos;transactionAttributeSource&apos;
11:32:00.200 [main] DEBUG org.springframework.beans.factory.support.DefaultListableBeanFactory - Creating shared instance of singleton bean &apos;transactionInterceptor&apos;
11:32:00.200 [main] DEBUG org.springframework.beans.factory.support.DefaultListableBeanFactory - Creating instance of bean &apos;transactionInterceptor&apos;
11:32:00.201 [main] DEBUG org.springframework.beans.factory.support.DefaultListableBeanFactory - Returning cached instance of singleton bean &apos;org.springframework.transaction.annotation.ProxyTransactionManagementConfiguration&apos;
11:32:00.203 [main] DEBUG org.springframework.beans.factory.support.DefaultListableBeanFactory - Returning cached instance of singleton bean &apos;transactionAttributeSource&apos;
11:32:00.204 [main] DEBUG org.springframework.beans.factory.support.DefaultListableBeanFactory - Eagerly caching bean &apos;transactionInterceptor&apos; to allow for resolving potential circular references
11:32:00.208 [main] DEBUG org.springframework.beans.factory.support.DefaultListableBeanFactory - Invoking afterPropertiesSet() on bean with name &apos;transactionInterceptor&apos;
11:32:00.209 [main] DEBUG org.springframework.beans.factory.support.DefaultListableBeanFactory - Finished creating instance of bean &apos;transactionInterceptor&apos;
11:32:00.209 [main] DEBUG org.springframework.beans.factory.support.DefaultListableBeanFactory - Eagerly caching bean &apos;org.springframework.transaction.config.internalTransactionAdvisor&apos; to allow for resolving potential circular references
11:32:00.213 [main] DEBUG org.springframework.beans.factory.support.DefaultListableBeanFactory - Finished creating instance of bean &apos;org.springframework.transaction.config.internalTransactionAdvisor&apos;
11:32:00.213 [main] DEBUG org.springframework.beans.factory.support.DefaultListableBeanFactory - Finished creating instance of bean &apos;org.springframework.context.event.internalEventListenerProcessor&apos;
11:32:00.213 [main] DEBUG org.springframework.beans.factory.support.DefaultListableBeanFactory - Creating shared instance of singleton bean &apos;org.springframework.context.event.internalEventListenerFactory&apos;
11:32:00.213 [main] DEBUG org.springframework.beans.factory.support.DefaultListableBeanFactory - Creating instance of bean &apos;org.springframework.context.event.internalEventListenerFactory&apos;
11:32:00.214 [main] DEBUG org.springframework.beans.factory.support.DefaultListableBeanFactory - Eagerly caching bean &apos;org.springframework.context.event.internalEventListenerFactory&apos; to allow for resolving potential circular references
11:32:00.222 [main] DEBUG org.springframework.beans.factory.support.DefaultListableBeanFactory - Returning cached instance of singleton bean &apos;org.springframework.transaction.config.internalTransactionAdvisor&apos;
11:32:00.223 [main] DEBUG org.springframework.beans.factory.support.DefaultListableBeanFactory - Finished creating instance of bean &apos;org.springframework.context.event.internalEventListenerFactory&apos;
11:32:00.223 [main] DEBUG org.springframework.beans.factory.support.DefaultListableBeanFactory - Creating shared instance of singleton bean &apos;applicationContextConfig&apos;
11:32:00.223 [main] DEBUG org.springframework.beans.factory.support.DefaultListableBeanFactory - Creating instance of bean &apos;applicationContextConfig&apos;
11:32:00.224 [main] DEBUG org.springframework.beans.factory.support.DefaultListableBeanFactory - Eagerly caching bean &apos;applicationContextConfig&apos; to allow for resolving potential circular references
11:32:00.225 [main] DEBUG org.springframework.beans.factory.support.DefaultListableBeanFactory - Returning cached instance of singleton bean &apos;org.springframework.transaction.config.internalTransactionAdvisor&apos;
11:32:00.226 [main] DEBUG org.springframework.beans.factory.support.DefaultListableBeanFactory - Finished creating instance of bean &apos;applicationContextConfig&apos;
11:32:00.227 [main] DEBUG org.springframework.beans.factory.support.DefaultListableBeanFactory - Creating shared instance of singleton bean &apos;blogcommentDAO&apos;
11:32:00.227 [main] DEBUG org.springframework.beans.factory.support.DefaultListableBeanFactory - Creating instance of bean &apos;blogcommentDAO&apos;
11:32:00.227 [main] DEBUG org.springframework.beans.factory.annotation.InjectionMetadata - Registered injected element on class [com.ashutosh.socialhub.dao.impl.BlogcommentDAOImpl]: AutowiredFieldElement for org.hibernate.SessionFactory com.ashutosh.socialhub.dao.impl.BlogcommentDAOImpl.sessionFactory
11:32:00.228 [main] DEBUG org.springframework.beans.factory.support.DefaultListableBeanFactory - Eagerly caching bean &apos;blogcommentDAO&apos; to allow for resolving potential circular references
11:32:00.229 [main] DEBUG org.springframework.beans.factory.annotation.InjectionMetadata - Processing injected element of bean &apos;blogcommentDAO&apos;: AutowiredFieldElement for org.hibernate.SessionFactory com.ashutosh.socialhub.dao.impl.BlogcommentDAOImpl.sessionFactory
11:32:00.229 [main] DEBUG org.springframework.core.annotation.AnnotationUtils - Failed to meta-introspect annotation [interface org.springframework.beans.factory.annotation.Autowired]: java.lang.NullPointerException
11:32:00.230 [main] DEBUG org.springframework.beans.factory.support.DefaultListableBeanFactory - Creating shared instance of singleton bean &apos;sessionFactory&apos;
11:32:00.230 [main] DEBUG org.springframework.beans.factory.support.DefaultListableBeanFactory - Creating instance of bean &apos;sessionFactory&apos;
11:32:00.230 [main] DEBUG org.springframework.beans.factory.support.DefaultListableBeanFactory - Returning cached instance of singleton bean &apos;applicationContextConfig&apos;
11:32:00.232 [main] DEBUG org.springframework.beans.factory.support.DefaultListableBeanFactory - Creating shared instance of singleton bean &apos;dataSource&apos;
11:32:00.232 [main] DEBUG org.springframework.beans.factory.support.DefaultListableBeanFactory - Creating instance of bean &apos;dataSource&apos;
11:32:00.232 [main] DEBUG org.springframework.beans.factory.support.DefaultListableBeanFactory - Returning cached instance of singleton bean &apos;applicationContextConfig&apos;
11:32:00.233 [main] INFO org.springframework.jdbc.datasource.DriverManagerDataSource - Loaded JDBC driver: oracle.jdbc.driver.OracleDriver
11:32:00.233 [main] DEBUG org.springframework.beans.factory.support.DefaultListableBeanFactory - Eagerly caching bean &apos;dataSource&apos; to allow for resolving potential circular references
11:32:00.235 [main] DEBUG org.springframework.beans.factory.support.DefaultListableBeanFactory - Returning cached instance of singleton bean &apos;org.springframework.transaction.config.internalTransactionAdvisor&apos;
11:32:00.237 [main] DEBUG org.springframework.beans.factory.support.DefaultListableBeanFactory - Finished creating instance of bean &apos;dataSource&apos;
11:32:00.237 [main] DEBUG org.springframework.beans.factory.support.DefaultListableBeanFactory - Autowiring by type from bean name &apos;sessionFactory&apos; via factory method to bean named &apos;dataSource&apos;
11:32:00.237 [main] DEBUG org.hibernate.integrator.internal.IntegratorServiceImpl - Adding Integrator [org.hibernate.cfg.beanvalidation.BeanValidationIntegrator].
11:32:00.237 [main] DEBUG org.hibernate.integrator.internal.IntegratorServiceImpl - Adding Integrator [org.hibernate.secure.spi.JaccIntegrator].
11:32:00.237 [main] DEBUG org.hibernate.integrator.internal.IntegratorServiceImpl - Adding Integrator [org.hibernate.cache.internal.CollectionCacheInvalidator].
11:32:00.243 [main] DEBUG org.springframework.core.io.support.PathMatchingResourcePatternResolver - Resolved classpath location [com/ashutosh/] to resources [URL [file:/C:/Users/Ashutosh/eclipse-workspace1/SocialHubBackEnd/target/test-classes/com/ashutosh/], URL [file:/C:/Users/Ashutosh/eclipse-workspace1/SocialHubBackEnd/target/classes/com/ashutosh/]]
11:32:00.244 [main] DEBUG org.springframework.core.io.support.PathMatchingResourcePatternResolver - Looking for matching resources in directory tree [C:\Users\Ashutosh\eclipse-workspace1\SocialHubBackEnd\target\test-classes\com\ashutosh]
11:32:00.244 [main] DEBUG org.springframework.core.io.support.PathMatchingResourcePatternResolver - Searching directory [C:\Users\Ashutosh\eclipse-workspace1\SocialHubBackEnd\target\test-classes\com\ashutosh] for files matching pattern [C:/Users/Ashutosh/eclipse-workspace1/SocialHubBackEnd/target/test-classes/com/ashutosh/**/*.class]
11:32:00.245 [main] DEBUG org.springframework.core.io.support.PathMatchingResourcePatternResolver - Searching directory [C:\Users\Ashutosh\eclipse-workspace1\SocialHubBackEnd\target\test-classes\com\ashutosh\socialhub] for files matching pattern [C:/Users/Ashutosh/eclipse-workspace1/SocialHubBackEnd/target/test-classes/com/ashutosh/**/*.class]
11:32:00.247 [main] DEBUG org.springframework.core.io.support.PathMatchingResourcePatternResolver - Looking for matching resources in directory tree [C:\Users\Ashutosh\eclipse-workspace1\SocialHubBackEnd\target\classes\com\ashutosh]
11:32:00.248 [main] DEBUG org.springframework.core.io.support.PathMatchingResourcePatternResolver - Searching directory [C:\Users\Ashutosh\eclipse-workspace1\SocialHubBackEnd\target\classes\com\ashutosh] for files matching pattern [C:/Users/Ashutosh/eclipse-workspace1/SocialHubBackEnd/target/classes/com/ashutosh/**/*.class]
11:32:00.249 [main] DEBUG org.springframework.core.io.support.PathMatchingResourcePatternResolver - Searching directory [C:\Users\Ashutosh\eclipse-workspace1\SocialHubBackEnd\target\classes\com\ashutosh\socialhub] for files matching pattern [C:/Users/Ashutosh/eclipse-workspace1/SocialHubBackEnd/target/classes/com/ashutosh/**/*.class]
11:32:00.249 [main] DEBUG org.springframework.core.io.support.PathMatchingResourcePatternResolver - Searching directory [C:\Users\Ashutosh\eclipse-workspace1\SocialHubBackEnd\target\classes\com\ashutosh\socialhub\config] for files matching pattern [C:/Users/Ashutosh/eclipse-workspace1/SocialHubBackEnd/target/classes/com/ashutosh/**/*.class]
11:32:00.250 [main] DEBUG org.springframework.core.io.support.PathMatchingResourcePatternResolver - Searching directory [C:\Users\Ashutosh\eclipse-workspace1\SocialHubBackEnd\target\classes\com\ashutosh\socialhub\dao] for files matching pattern [C:/Users/Ashutosh/eclipse-workspace1/SocialHubBackEnd/target/classes/com/ashutosh/**/*.class]
11:32:00.251 [main] DEBUG org.springframework.core.io.support.PathMatchingResourcePatternResolver - Searching directory [C:\Users\Ashutosh\eclipse-workspace1\SocialHubBackEnd\target\classes\com\ashutosh\socialhub\dao\impl] for files matching pattern [C:/Users/Ashutosh/eclipse-workspace1/SocialHubBackEnd/target/classes/com/ashutosh/**/*.class]
11:32:00.253 [main] DEBUG org.springframework.core.io.support.PathMatchingResourcePatternResolver - Searching directory [C:\Users\Ashutosh\eclipse-workspace1\SocialHubBackEnd\target\classes\com\ashutosh\socialhub\domain] for files matching pattern [C:/Users/Ashutosh/eclipse-workspace1/SocialHubBackEnd/target/classes/com/ashutosh/**/*.class]
11:32:00.255 [main] DEBUG org.springframework.core.io.support.PathMatchingResourcePatternResolver - Resolved location pattern [classpath*:com/ashutosh/**/*.class] to resources [file [C:\Users\Ashutosh\eclipse-workspace1\SocialHubBackEnd\target\test-classes\com\ashutosh\socialhub\BlogcommentTestCase.class], file [C:\Users\Ashutosh\eclipse-workspace1\SocialHubBackEnd\target\test-classes\com\ashutosh\socialhub\BlogDAOTestCase.class], file [C:\Users\Ashutosh\eclipse-workspace1\SocialHubBackEnd\target\test-classes\com\ashutosh\socialhub\ForumCommentTestCase.class], file [C:\Users\Ashutosh\eclipse-workspace1\SocialHubBackEnd\target\test-classes\com\ashutosh\socialhub\ForumDAOTestCase.class], file [C:\Users\Ashutosh\eclipse-workspace1\SocialHubBackEnd\target\test-classes\com\ashutosh\socialhub\FriendDAOTestCase.class], file [C:\Users\Ashutosh\eclipse-workspace1\SocialHubBackEnd\target\test-classes\com\ashutosh\socialhub\JobDetailDAOTestCase.class], file [C:\Users\Ashutosh\eclipse-workspace1\SocialHubBackEnd\target\test-classes\com\ashutosh\socialhub\UserDAOTestCase.class], file [C:\Users\Ashutosh\eclipse-workspace1\SocialHubBackEnd\target\classes\com\ashutosh\socialhub\config\ApplicationContextConfig.class], file [C:\Users\Ashutosh\eclipse-workspace1\SocialHubBackEnd\target\classes\com\ashutosh\socialhub\dao\BlogcommentDAO.class], file [C:\Users\Ashutosh\eclipse-workspace1\SocialHubBackEnd\target\classes\com\ashutosh\socialhub\dao\BlogDAO.class], file [C:\Users\Ashutosh\eclipse-workspace1\SocialHubBackEnd\target\classes\com\ashutosh\socialhub\dao\ForumCommentDAO.class], file [C:\Users\Ashutosh\eclipse-workspace1\SocialHubBackEnd\target\classes\com\ashutosh\socialhub\dao\ForumDAO.class], file [C:\Users\Ashutosh\eclipse-workspace1\SocialHubBackEnd\target\classes\com\ashutosh\socialhub\dao\FriendDAO.class], file [C:\Users\Ashutosh\eclipse-workspace1\SocialHubBackEnd\target\classes\com\ashutosh\socialhub\dao\impl\BlogcommentDAOImpl.class], file [C:\Users\Ashutosh\eclipse-workspace1\SocialHubBackEnd\target\classes\com\ashutosh\socialhub\dao\impl\BlogDAOImpl.class], file [C:\Users\Ashutosh\eclipse-workspace1\SocialHubBackEnd\target\classes\com\ashutosh\socialhub\dao\impl\ForumCommentDAOImpl.class], file [C:\Users\Ashutosh\eclipse-workspace1\SocialHubBackEnd\target\classes\com\ashutosh\socialhub\dao\impl\ForumDAOImpl.class], file [C:\Users\Ashutosh\eclipse-workspace1\SocialHubBackEnd\target\classes\com\ashutosh\socialhub\dao\impl\FriendDAOImpl.class], file [C:\Users\Ashutosh\eclipse-workspace1\SocialHubBackEnd\target\classes\com\ashutosh\socialhub\dao\impl\JobDetailDAOImpl.class], file [C:\Users\Ashutosh\eclipse-workspace1\SocialHubBackEnd\target\classes\com\ashutosh\socialhub\dao\impl\ProfilePictureDAOImpl.class], file [C:\Users\Ashutosh\eclipse-workspace1\SocialHubBackEnd\target\classes\com\ashutosh\socialhub\dao\impl\UserDAOImpl.class], file [C:\Users\Ashutosh\eclipse-workspace1\SocialHubBackEnd\target\classes\com\ashutosh\socialhub\dao\JobDetailDAO.class], file [C:\Users\Ashutosh\eclipse-workspace1\SocialHubBackEnd\target\classes\com\ashutosh\socialhub\dao\ProfilePictureDAO.class], file [C:\Users\Ashutosh\eclipse-workspace1\SocialHubBackEnd\target\classes\com\ashutosh\socialhub\dao\UserDAO.class], file [C:\Users\Ashutosh\eclipse-workspace1\SocialHubBackEnd\target\classes\com\ashutosh\socialhub\domain\Blog.class], file [C:\Users\Ashutosh\eclipse-workspace1\SocialHubBackEnd\target\classes\com\ashutosh\socialhub\domain\Blogcomment.class], file [C:\Users\Ashutosh\eclipse-workspace1\SocialHubBackEnd\target\classes\com\ashutosh\socialhub\domain\Forum.class], file [C:\Users\Ashutosh\eclipse-workspace1\SocialHubBackEnd\target\classes\com\ashutosh\socialhub\domain\ForumComment.class], file [C:\Users\Ashutosh\eclipse-workspace1\SocialHubBackEnd\target\classes\com\ashutosh\socialhub\domain\Friend.class], file [C:\Users\Ashutosh\eclipse-workspace1\SocialHubBackEnd\target\classes\com\ashutosh\socialhub\domain\JobDetail.class], file [C:\Users\Ashutosh\eclipse-workspace1\SocialHubBackEnd\target\classes\com\ashutosh\socialhub\domain\ProfileImage.class], file [C:\Users\Ashutosh\eclipse-workspace1\SocialHubBackEnd\target\classes\com\ashutosh\socialhub\domain\UserDetail.class]]
11:32:00.280 [main] DEBUG org.hibernate.cfg.Configuration - Building session factory using internal StandardServiceRegistryBuilder
11:32:00.282 [main] DEBUG org.hibernate.service.spi.ServiceBinding - Overriding existing service binding [org.hibernate.secure.spi.JaccService]
11:32:00.282 [main] DEBUG org.hibernate.cfg.Configuration - Building session factory using provided StandardServiceRegistry
11:32:00.282 [main] DEBUG org.hibernate.cache.internal.RegionFactoryInitiator - Cache region factory : org.hibernate.cache.internal.NoCachingRegionFactory
11:32:00.287 [main] DEBUG org.hibernate.type.BasicTypeRegistry - Adding type registration boolean -&gt; org.hibernate.type.BooleanType@e72dba7
11:32:00.287 [main] DEBUG org.hibernate.type.BasicTypeRegistry - Adding type registration boolean -&gt; org.hibernate.type.BooleanType@e72dba7
11:32:00.287 [main] DEBUG org.hibernate.type.BasicTypeRegistry - Adding type registration java.lang.Boolean -&gt; org.hibernate.type.BooleanType@e72dba7
11:32:00.288 [main] DEBUG org.hibernate.type.BasicTypeRegistry - Adding type registration numeric_boolean -&gt; org.hibernate.type.NumericBooleanType@610db97e
11:32:00.288 [main] DEBUG org.hibernate.type.BasicTypeRegistry - Adding type registration true_false -&gt; org.hibernate.type.TrueFalseType@6831d8fd
11:32:00.288 [main] DEBUG org.hibernate.type.BasicTypeRegistry - Adding type registration yes_no -&gt; org.hibernate.type.YesNoType@5a2f016d
11:32:00.288 [main] DEBUG org.hibernate.type.BasicTypeRegistry - Adding type registration byte -&gt; org.hibernate.type.ByteType@79f227a9
11:32:00.288 [main] DEBUG org.hibernate.type.BasicTypeRegistry - Adding type registration byte -&gt; org.hibernate.type.ByteType@79f227a9
11:32:00.289 [main] DEBUG org.hibernate.type.BasicTypeRegistry - Adding type registration java.lang.Byte -&gt; org.hibernate.type.ByteType@79f227a9
11:32:00.289 [main] DEBUG org.hibernate.type.BasicTypeRegistry - Adding type registration character -&gt; org.hibernate.type.CharacterType@619bd14c
11:32:00.289 [main] DEBUG org.hibernate.type.BasicTypeRegistry - Adding type registration char -&gt; org.hibernate.type.CharacterType@619bd14c
11:32:00.289 [main] DEBUG org.hibernate.type.BasicTypeRegistry - Adding type registration java.lang.Character -&gt; org.hibernate.type.CharacterType@619bd14c
11:32:00.289 [main] DEBUG org.hibernate.type.BasicTypeRegistry - Adding type registration short -&gt; org.hibernate.type.ShortType@5af5def9
11:32:00.289 [main] DEBUG org.hibernate.type.BasicTypeRegistry - Adding type registration short -&gt; org.hibernate.type.ShortType@5af5def9
11:32:00.289 [main] DEBUG org.hibernate.type.BasicTypeRegistry - Adding type registration java.lang.Short -&gt; org.hibernate.type.ShortType@5af5def9
11:32:00.289 [main] DEBUG org.hibernate.type.BasicTypeRegistry - Adding type registration integer -&gt; org.hibernate.type.IntegerType@33aa93c
11:32:00.289 [main] DEBUG org.hibernate.type.BasicTypeRegistry - Adding type registration int -&gt; org.hibernate.type.IntegerType@33aa93c
11:32:00.290 [main] DEBUG org.hibernate.type.BasicTypeRegistry - Adding type registration java.lang.Integer -&gt; org.hibernate.type.IntegerType@33aa93c
11:32:00.290 [main] DEBUG org.hibernate.type.BasicTypeRegistry - Adding type registration long -&gt; org.hibernate.type.LongType@3e792ce3
11:32:00.290 [main] DEBUG org.hibernate.type.BasicTypeRegistry - Adding type registration long -&gt; org.hibernate.type.LongType@3e792ce3
11:32:00.290 [main] DEBUG org.hibernate.type.BasicTypeRegistry - Adding type registration java.lang.Long -&gt; org.hibernate.type.LongType@3e792ce3
11:32:00.290 [main] DEBUG org.hibernate.type.BasicTypeRegistry - Adding type registration float -&gt; org.hibernate.type.FloatType@3ef41c66
11:32:00.290 [main] DEBUG org.hibernate.type.BasicTypeRegistry - Adding type registration float -&gt; org.hibernate.type.FloatType@3ef41c66
11:32:00.290 [main] DEBUG org.hibernate.type.BasicTypeRegistry - Adding type registration java.lang.Float -&gt; org.hibernate.type.FloatType@3ef41c66
11:32:00.290 [main] DEBUG org.hibernate.type.BasicTypeRegistry - Adding type registration double -&gt; org.hibernate.type.DoubleType@3f3c966c
11:32:00.290 [main] DEBUG org.hibernate.type.BasicTypeRegistry - Adding type registration double -&gt; org.hibernate.type.DoubleType@3f3c966c
11:32:00.290 [main] DEBUG org.hibernate.type.BasicTypeRegistry - Adding type registration java.lang.Double -&gt; org.hibernate.type.DoubleType@3f3c966c
11:32:00.292 [main] DEBUG org.hibernate.type.BasicTypeRegistry - Adding type registration big_decimal -&gt; org.hibernate.type.BigDecimalType@6bd51ed8
11:32:00.292 [main] DEBUG org.hibernate.type.BasicTypeRegistry - Adding type registration java.math.BigDecimal -&gt; org.hibernate.type.BigDecimalType@6bd51ed8
11:32:00.292 [main] DEBUG org.hibernate.type.BasicTypeRegistry - Adding type registration big_integer -&gt; org.hibernate.type.BigIntegerType@5cad8b7d
11:32:00.292 [main] DEBUG org.hibernate.type.BasicTypeRegistry - Adding type registration java.math.BigInteger -&gt; org.hibernate.type.BigIntegerType@5cad8b7d
11:32:00.292 [main] DEBUG org.hibernate.type.BasicTypeRegistry - Adding type registration string -&gt; org.hibernate.type.StringType@1bb9aa43
11:32:00.292 [main] DEBUG org.hibernate.type.BasicTypeRegistry - Adding type registration java.lang.String -&gt; org.hibernate.type.StringType@1bb9aa43
11:32:00.293 [main] DEBUG org.hibernate.type.BasicTypeRegistry - Adding type registration nstring -&gt; org.hibernate.type.StringNVarcharType@3be8821f
11:32:00.293 [main] DEBUG org.hibernate.type.BasicTypeRegistry - Adding type registration ncharacter -&gt; org.hibernate.type.CharacterNCharType@65ef722a
11:32:00.295 [main] DEBUG org.hibernate.type.BasicTypeRegistry - Adding type registration url -&gt; org.hibernate.type.UrlType@5aa360ea
11:32:00.295 [main] DEBUG org.hibernate.type.BasicTypeRegistry - Adding type registration java.net.URL -&gt; org.hibernate.type.UrlType@5aa360ea
11:32:00.295 [main] DEBUG org.hibernate.type.BasicTypeRegistry - Adding type registration Duration -&gt; org.hibernate.type.DurationType@49bd54f7
11:32:00.295 [main] DEBUG org.hibernate.type.BasicTypeRegistry - Adding type registration java.time.Duration -&gt; org.hibernate.type.DurationType@49bd54f7
11:32:00.295 [main] DEBUG org.hibernate.type.BasicTypeRegistry - Adding type registration Instant -&gt; org.hibernate.type.InstantType@4a8b5227
11:32:00.296 [main] DEBUG org.hibernate.type.BasicTypeRegistry - Adding type registration java.time.Instant -&gt; org.hibernate.type.InstantType@4a8b5227
11:32:00.296 [main] DEBUG org.hibernate.type.BasicTypeRegistry - Adding type registration LocalDateTime -&gt; org.hibernate.type.LocalDateTimeType@27f0ad19
11:32:00.296 [main] DEBUG org.hibernate.type.BasicTypeRegistry - Adding type registration java.time.LocalDateTime -&gt; org.hibernate.type.LocalDateTimeType@27f0ad19
11:32:00.296 [main] DEBUG org.hibernate.type.BasicTypeRegistry - Adding type registration LocalDate -&gt; org.hibernate.type.LocalDateType@632aa1a3
11:32:00.296 [main] DEBUG org.hibernate.type.BasicTypeRegistry - Adding type registration java.time.LocalDate -&gt; org.hibernate.type.LocalDateType@632aa1a3
11:32:00.296 [main] DEBUG org.hibernate.type.BasicTypeRegistry - Adding type registration LocalTime -&gt; org.hibernate.type.LocalTimeType@6105f8a3
11:32:00.296 [main] DEBUG org.hibernate.type.BasicTypeRegistry - Adding type registration java.time.LocalTime -&gt; org.hibernate.type.LocalTimeType@6105f8a3
11:32:00.296 [main] DEBUG org.hibernate.type.BasicTypeRegistry - Adding type registration OffsetDateTime -&gt; org.hibernate.type.OffsetDateTimeType@30272916
11:32:00.296 [main] DEBUG org.hibernate.type.BasicTypeRegistry - Adding type registration java.time.OffsetDateTime -&gt; org.hibernate.type.OffsetDateTimeType@30272916
11:32:00.296 [main] DEBUG org.hibernate.type.BasicTypeRegistry - Adding type registration OffsetTime -&gt; org.hibernate.type.OffsetTimeType@29b732a2
11:32:00.297 [main] DEBUG org.hibernate.type.BasicTypeRegistry - Adding type registration java.time.OffsetTime -&gt; org.hibernate.type.OffsetTimeType@29b732a2
11:32:00.297 [main] DEBUG org.hibernate.type.BasicTypeRegistry - Adding type registration ZonedDateTime -&gt; org.hibernate.type.ZonedDateTimeType@14c053c6
11:32:00.297 [main] DEBUG org.hibernate.type.BasicTypeRegistry - Adding type registration java.time.ZonedDateTime -&gt; org.hibernate.type.ZonedDateTimeType@14c053c6
11:32:00.297 [main] DEBUG org.hibernate.type.BasicTypeRegistry - Adding type registration date -&gt; org.hibernate.type.DateType@9fecdf1
11:32:00.297 [main] DEBUG org.hibernate.type.BasicTypeRegistry - Adding type registration java.sql.Date -&gt; org.hibernate.type.DateType@9fecdf1
11:32:00.297 [main] DEBUG org.hibernate.type.BasicTypeRegistry - Adding type registration time -&gt; org.hibernate.type.TimeType@2a415aa9
11:32:00.297 [main] DEBUG org.hibernate.type.BasicTypeRegistry - Adding type registration java.sql.Time -&gt; org.hibernate.type.TimeType@2a415aa9
11:32:00.297 [main] DEBUG org.hibernate.type.BasicTypeRegistry - Adding type registration timestamp -&gt; org.hibernate.type.TimestampType@5b43e173
11:32:00.297 [main] DEBUG org.hibernate.type.BasicTypeRegistry - Adding type registration java.sql.Timestamp -&gt; org.hibernate.type.TimestampType@5b43e173
11:32:00.297 [main] DEBUG org.hibernate.type.BasicTypeRegistry - Adding type registration java.util.Date -&gt; org.hibernate.type.TimestampType@5b43e173
11:32:00.298 [main] DEBUG org.hibernate.type.BasicTypeRegistry - Adding type registration dbtimestamp -&gt; org.hibernate.type.DbTimestampType@22fa55b2
11:32:00.298 [main] DEBUG org.hibernate.type.BasicTypeRegistry - Adding type registration calendar -&gt; org.hibernate.type.CalendarType@350b3a17
11:32:00.298 [main] DEBUG org.hibernate.type.BasicTypeRegistry - Adding type registration java.util.Calendar -&gt; org.hibernate.type.CalendarType@350b3a17
11:32:00.298 [main] DEBUG org.hibernate.type.BasicTypeRegistry - Adding type registration java.util.GregorianCalendar -&gt; org.hibernate.type.CalendarType@350b3a17
11:32:00.298 [main] DEBUG org.hibernate.type.BasicTypeRegistry - Adding type registration calendar_date -&gt; org.hibernate.type.CalendarDateType@5d52e3ef
11:32:00.298 [main] DEBUG org.hibernate.type.BasicTypeRegistry - Adding type registration locale -&gt; org.hibernate.type.LocaleType@4f8caaf3
11:32:00.298 [main] DEBUG org.hibernate.type.BasicTypeRegistry - Adding type registration java.util.Locale -&gt; org.hibernate.type.LocaleType@4f8caaf3
11:32:00.298 [main] DEBUG org.hibernate.type.BasicTypeRegistry - Adding type registration currency -&gt; org.hibernate.type.CurrencyType@678040b3
11:32:00.298 [main] DEBUG org.hibernate.type.BasicTypeRegistry - Adding type registration java.util.Currency -&gt; org.hibernate.type.CurrencyType@678040b3
11:32:00.298 [main] DEBUG org.hibernate.type.BasicTypeRegistry - Adding type registration timezone -&gt; org.hibernate.type.TimeZoneType@6aa648b9
11:32:00.299 [main] DEBUG org.hibernate.type.BasicTypeRegistry - Adding type registration java.util.TimeZone -&gt; org.hibernate.type.TimeZoneType@6aa648b9
11:32:00.299 [main] DEBUG org.hibernate.type.BasicTypeRegistry - Adding type registration class -&gt; org.hibernate.type.ClassType@3e681bc
[...]
11:32:00.788 [main] DEBUG org.springframework.beans.factory.annotation.AutowiredAnnotationBeanPostProcessor - Autowiring by type from bean name &apos;jobdetailDAO&apos; to bean named &apos;sessionFactory&apos;
11:32:00.789 [main] DEBUG org.springframework.beans.factory.support.DefaultListableBeanFactory - Returning cached instance of singleton bean &apos;org.springframework.transaction.config.internalTransactionAdvisor&apos;
11:32:00.789 [main] DEBUG org.springframework.transaction.annotation.AnnotationTransactionAttributeSource - Adding transactional method &apos;com.ashutosh.socialhub.dao.impl.JobDetailDAOImpl.get&apos; with attribute: PROPAGATION_REQUIRED,ISOLATION_DEFAULT
11:32:00.790 [main] DEBUG org.springframework.aop.framework.autoproxy.InfrastructureAdvisorAutoProxyCreator - Creating implicit proxy for bean &apos;jobdetailDAO&apos; with 0 common interceptors and 1 specific interceptors
11:32:00.790 [main] DEBUG org.springframework.aop.framework.JdkDynamicAopProxy - Creating JDK dynamic proxy: target source is SingletonTargetSource for target object [com.ashutosh.socialhub.dao.impl.JobDetailDAOImpl@16a6dc21]
11:32:00.790 [main] DEBUG org.springframework.beans.factory.support.DefaultListableBeanFactory - Finished creating instance of bean &apos;jobdetailDAO&apos;
11:32:00.790 [main] DEBUG org.springframework.beans.factory.support.DefaultListableBeanFactory - Creating shared instance of singleton bean &apos;profilepictureDAO&apos;
11:32:00.790 [main] DEBUG org.springframework.beans.factory.support.DefaultListableBeanFactory - Creating instance of bean &apos;profilepictureDAO&apos;
11:32:00.791 [main] DEBUG org.springframework.beans.factory.annotation.InjectionMetadata - Registered injected element on class [com.ashutosh.socialhub.dao.impl.ProfilePictureDAOImpl]: AutowiredFieldElement for org.hibernate.SessionFactory com.ashutosh.socialhub.dao.impl.ProfilePictureDAOImpl.sessionFactory
11:32:00.791 [main] DEBUG org.springframework.beans.factory.support.DefaultListableBeanFactory - Eagerly caching bean &apos;profilepictureDAO&apos; to allow for resolving potential circular references
11:32:00.792 [main] DEBUG org.springframework.beans.factory.annotation.InjectionMetadata - Processing injected element of bean &apos;profilepictureDAO&apos;: AutowiredFieldElement for org.hibernate.SessionFactory com.ashutosh.socialhub.dao.impl.ProfilePictureDAOImpl.sessionFactory
11:32:00.792 [main] DEBUG org.springframework.core.annotation.AnnotationUtils - Failed to meta-introspect annotation [interface org.springframework.beans.factory.annotation.Autowired]: java.lang.NullPointerException
11:32:00.793 [main] DEBUG org.springframework.beans.factory.support.DefaultListableBeanFactory - Returning cached instance of singleton bean &apos;sessionFactory&apos;
11:32:00.793 [main] DEBUG org.springframework.beans.factory.annotation.AutowiredAnnotationBeanPostProcessor - Autowiring by type from bean name &apos;profilepictureDAO&apos; to bean named &apos;sessionFactory&apos;
11:32:00.793 [main] DEBUG org.springframework.beans.factory.support.DefaultListableBeanFactory - Returning cached instance of singleton bean &apos;org.springframework.transaction.config.internalTransactionAdvisor&apos;
11:32:00.793 [main] DEBUG org.springframework.transaction.annotation.AnnotationTransactionAttributeSource - Adding transactional method &apos;com.ashutosh.socialhub.dao.impl.ProfilePictureDAOImpl.getProfile&apos; with attribute: PROPAGATION_REQUIRED,ISOLATION_DEFAULT
11:32:00.793 [main] DEBUG org.springframework.aop.framework.autoproxy.InfrastructureAdvisorAutoProxyCreator - Creating implicit proxy for bean &apos;profilepictureDAO&apos; with 0 common interceptors and 1 specific interceptors
11:32:00.794 [main] DEBUG org.springframework.aop.framework.JdkDynamicAopProxy - Creating JDK dynamic proxy: target source is SingletonTargetSource for target object [com.ashutosh.socialhub.dao.impl.ProfilePictureDAOImpl@59f45950]
11:32:00.794 [main] DEBUG org.springframework.beans.factory.support.DefaultListableBeanFactory - Finished creating instance of bean &apos;profilepictureDAO&apos;
11:32:00.794 [main] DEBUG org.springframework.beans.factory.support.DefaultListableBeanFactory - Creating shared instance of singleton bean &apos;userDAO&apos;
11:32:00.794 [main] DEBUG org.springframework.beans.factory.support.DefaultListableBeanFactory - Creating instance of bean &apos;userDAO&apos;
11:32:00.794 [main] DEBUG org.springframework.beans.factory.annotation.InjectionMetadata - Registered injected element on class [com.ashutosh.socialhub.dao.impl.UserDAOImpl]: AutowiredFieldElement for private org.hibernate.SessionFactory com.ashutosh.socialhub.dao.impl.UserDAOImpl.sessionFactory
11:32:00.794 [main] DEBUG org.springframework.beans.factory.support.DefaultListableBeanFactory - Eagerly caching bean &apos;userDAO&apos; to allow for resolving potential circular references
11:32:00.796 [main] DEBUG org.springframework.beans.factory.annotation.InjectionMetadata - Processing injected element of bean &apos;userDAO&apos;: AutowiredFieldElement for private org.hibernate.SessionFactory com.ashutosh.socialhub.dao.impl.UserDAOImpl.sessionFactory
11:32:00.796 [main] DEBUG org.springframework.core.annotation.AnnotationUtils - Failed to meta-introspect annotation [interface org.springframework.beans.factory.annotation.Autowired]: java.lang.NullPointerException
11:32:00.796 [main] DEBUG org.springframework.beans.factory.support.DefaultListableBeanFactory - Returning cached instance of singleton bean &apos;sessionFactory&apos;
11:32:00.796 [main] DEBUG org.springframework.beans.factory.annotation.AutowiredAnnotationBeanPostProcessor - Autowiring by type from bean name &apos;userDAO&apos; to bean named &apos;sessionFactory&apos;
11:32:00.797 [main] DEBUG org.springframework.beans.factory.support.DefaultListableBeanFactory - Returning cached instance of singleton bean &apos;org.springframework.transaction.config.internalTransactionAdvisor&apos;
11:32:00.797 [main] DEBUG org.springframework.transaction.annotation.AnnotationTransactionAttributeSource - Adding transactional method &apos;com.ashutosh.socialhub.dao.impl.UserDAOImpl.getUser&apos; with attribute: PROPAGATION_REQUIRED,ISOLATION_DEFAULT; &apos;&apos;
11:32:00.797 [main] DEBUG org.springframework.aop.framework.autoproxy.InfrastructureAdvisorAutoProxyCreator - Creating implicit proxy for bean &apos;userDAO&apos; with 0 common interceptors and 1 specific interceptors
11:32:00.798 [main] DEBUG org.springframework.aop.framework.JdkDynamicAopProxy - Creating JDK dynamic proxy: target source is SingletonTargetSource for target object [com.ashutosh.socialhub.dao.impl.UserDAOImpl@58164e9a]
11:32:00.798 [main] DEBUG org.springframework.beans.factory.support.DefaultListableBeanFactory - Finished creating instance of bean &apos;userDAO&apos;
11:32:00.799 [main] DEBUG org.springframework.beans.factory.support.DefaultListableBeanFactory - Creating shared instance of singleton bean &apos;blog&apos;
11:32:00.799 [main] DEBUG org.springframework.beans.factory.support.DefaultListableBeanFactory - Creating instance of bean &apos;blog&apos;
11:32:00.800 [main] DEBUG org.springframework.beans.factory.support.DefaultListableBeanFactory - Eagerly caching bean &apos;blog&apos; to allow for resolving potential circular references
11:32:00.800 [main] DEBUG org.springframework.beans.factory.support.DefaultListableBeanFactory - Returning cached instance of singleton bean &apos;org.springframework.transaction.config.internalTransactionAdvisor&apos;
11:32:00.801 [main] DEBUG org.springframework.beans.factory.support.DefaultListableBeanFactory - Finished creating instance of bean &apos;blog&apos;
11:32:00.801 [main] DEBUG org.springframework.beans.factory.support.DefaultListableBeanFactory - Creating shared instance of singleton bean &apos;blogcomment&apos;
11:32:00.802 [main] DEBUG org.springframework.beans.factory.support.DefaultListableBeanFactory - Creating instance of bean &apos;blogcomment&apos;
11:32:00.802 [main] DEBUG org.springframework.beans.factory.support.DefaultListableBeanFactory - Eagerly caching bean &apos;blogcomment&apos; to allow for resolving potential circular references
11:32:00.803 [main] DEBUG org.springframework.beans.factory.support.DefaultListableBeanFactory - Returning cached instance of singleton bean &apos;org.springframework.transaction.config.internalTransactionAdvisor&apos;
11:32:00.803 [main] DEBUG org.springframework.beans.factory.support.DefaultListableBeanFactory - Finished creating instance of bean &apos;blogcomment&apos;
11:32:00.804 [main] DEBUG org.springframework.beans.factory.support.DefaultListableBeanFactory - Creating shared instance of singleton bean &apos;forum&apos;
11:32:00.804 [main] DEBUG org.springframework.beans.factory.support.DefaultListableBeanFactory - Creating instance of bean &apos;forum&apos;
11:32:00.805 [main] DEBUG org.springframework.beans.factory.support.DefaultListableBeanFactory - Eagerly caching bean &apos;forum&apos; to allow for resolving potential circular references
11:32:00.805 [main] DEBUG org.springframework.beans.factory.support.DefaultListableBeanFactory - Returning cached instance of singleton bean &apos;org.springframework.transaction.config.internalTransactionAdvisor&apos;
11:32:00.806 [main] DEBUG org.springframework.beans.factory.support.DefaultListableBeanFactory - Finished creating instance of bean &apos;forum&apos;
11:32:00.806 [main] DEBUG org.springframework.beans.factory.support.DefaultListableBeanFactory - Creating shared instance of singleton bean &apos;forumComment&apos;
11:32:00.807 [main] DEBUG org.springframework.beans.factory.support.DefaultListableBeanFactory - Creating instance of bean &apos;forumComment&apos;
11:32:00.807 [main] DEBUG org.springframework.beans.factory.support.DefaultListableBeanFactory - Eagerly caching bean &apos;forumComment&apos; to allow for resolving potential circular references
11:32:00.808 [main] DEBUG org.springframework.beans.factory.support.DefaultListableBeanFactory - Returning cached instance of singleton bean &apos;org.springframework.transaction.config.internalTransactionAdvisor&apos;
11:32:00.809 [main] DEBUG org.springframework.beans.factory.support.DefaultListableBeanFactory - Finished creating instance of bean &apos;forumComment&apos;
11:32:00.809 [main] DEBUG org.springframework.beans.factory.support.DefaultListableBeanFactory - Creating shared instance of singleton bean &apos;friend&apos;
11:32:00.809 [main] DEBUG org.springframework.beans.factory.support.DefaultListableBeanFactory - Creating instance of bean &apos;friend&apos;
11:32:00.811 [main] DEBUG org.springframework.beans.factory.support.DefaultListableBeanFactory - Eagerly caching bean &apos;friend&apos; to allow for resolving potential circular references
11:32:00.811 [main] DEBUG org.springframework.beans.factory.support.DefaultListableBeanFactory - Returning cached instance of singleton bean &apos;org.springframework.transaction.config.internalTransactionAdvisor&apos;
11:32:00.812 [main] DEBUG org.springframework.beans.factory.support.DefaultListableBeanFactory - Finished creating instance of bean &apos;friend&apos;
11:32:00.812 [main] DEBUG org.springframework.beans.factory.support.DefaultListableBeanFactory - Creating shared instance of singleton bean &apos;jobDetail&apos;
11:32:00.812 [main] DEBUG org.springframework.beans.factory.support.DefaultListableBeanFactory - Creating instance of bean &apos;jobDetail&apos;
11:32:00.813 [main] DEBUG org.springframework.beans.factory.support.DefaultListableBeanFactory - Eagerly caching bean &apos;jobDetail&apos; to allow for resolving potential circular references
11:32:00.816 [main] DEBUG org.springframework.beans.factory.support.DefaultListableBeanFactory - Returning cached instance of singleton bean &apos;org.springframework.transaction.config.internalTransactionAdvisor&apos;
11:32:00.817 [main] DEBUG org.springframework.beans.factory.support.DefaultListableBeanFactory - Finished creating instance of bean &apos;jobDetail&apos;
11:32:00.817 [main] DEBUG org.springframework.beans.factory.support.DefaultListableBeanFactory - Creating shared instance of singleton bean &apos;profileImage&apos;
11:32:00.817 [main] DEBUG org.springframework.beans.factory.support.DefaultListableBeanFactory - Creating instance of bean &apos;profileImage&apos;
11:32:00.817 [main] DEBUG org.springframework.beans.factory.support.DefaultListableBeanFactory - Eagerly caching bean &apos;profileImage&apos; to allow for resolving potential circular references
11:32:00.818 [main] DEBUG org.springframework.beans.factory.support.DefaultListableBeanFactory - Returning cached instance of singleton bean &apos;org.springframework.transaction.config.internalTransactionAdvisor&apos;
11:32:00.818 [main] DEBUG org.springframework.beans.factory.support.DefaultListableBeanFactory - Finished creating instance of bean &apos;profileImage&apos;
11:32:00.818 [main] DEBUG org.springframework.beans.factory.support.DefaultListableBeanFactory - Creating shared instance of singleton bean &apos;userDetail&apos;
11:32:00.818 [main] DEBUG org.springframework.beans.factory.support.DefaultListableBeanFactory - Creating instance of bean &apos;userDetail&apos;
11:32:00.819 [main] DEBUG org.springframework.beans.factory.support.DefaultListableBeanFactory - Eagerly caching bean &apos;userDetail&apos; to allow for resolving potential circular references
11:32:00.819 [main] DEBUG org.springframework.beans.factory.support.DefaultListableBeanFactory - Returning cached instance of singleton bean &apos;org.springframework.transaction.config.internalTransactionAdvisor&apos;
11:32:00.820 [main] DEBUG org.springframework.beans.factory.support.DefaultListableBeanFactory - Finished creating instance of bean &apos;userDetail&apos;
11:32:00.820 [main] DEBUG org.springframework.beans.factory.support.DefaultListableBeanFactory - Returning cached instance of singleton bean &apos;org.springframework.transaction.annotation.ProxyTransactionManagementConfiguration&apos;
11:32:00.820 [main] DEBUG org.springframework.beans.factory.support.DefaultListableBeanFactory - Returning cached instance of singleton bean &apos;org.springframework.transaction.config.internalTransactionAdvisor&apos;
11:32:00.820 [main] DEBUG org.springframework.beans.factory.support.DefaultListableBeanFactory - Returning cached instance of singleton bean &apos;transactionAttributeSource&apos;
11:32:00.820 [main] DEBUG org.springframework.beans.factory.support.DefaultListableBeanFactory - Returning cached instance of singleton bean &apos;transactionInterceptor&apos;
11:32:00.820 [main] DEBUG org.springframework.beans.factory.support.DefaultListableBeanFactory - Creating shared instance of singleton bean &apos;org.springframework.transaction.config.internalTransactionalEventListenerFactory&apos;
11:32:00.820 [main] DEBUG org.springframework.beans.factory.support.DefaultListableBeanFactory - Creating instance of bean &apos;org.springframework.transaction.config.internalTransactionalEventListenerFactory&apos;
11:32:00.821 [main] DEBUG org.springframework.beans.factory.support.DefaultListableBeanFactory - Returning cached instance of singleton bean &apos;org.springframework.transaction.annotation.ProxyTransactionManagementConfiguration&apos;
11:32:00.821 [main] DEBUG org.springframework.beans.factory.support.DefaultListableBeanFactory - Eagerly caching bean &apos;org.springframework.transaction.config.internalTransactionalEventListenerFactory&apos; to allow for resolving potential circular references
11:32:00.823 [main] DEBUG org.springframework.beans.factory.support.DefaultListableBeanFactory - Returning cached instance of singleton bean &apos;org.springframework.transaction.config.internalTransactionAdvisor&apos;
11:32:00.824 [main] DEBUG org.springframework.beans.factory.support.DefaultListableBeanFactory - Finished creating instance of bean &apos;org.springframework.transaction.config.internalTransactionalEventListenerFactory&apos;
11:32:00.824 [main] DEBUG org.springframework.beans.factory.support.DefaultListableBeanFactory - Returning cached instance of singleton bean &apos;dataSource&apos;
11:32:00.824 [main] DEBUG org.springframework.beans.factory.support.DefaultListableBeanFactory - Returning cached instance of singleton bean &apos;sessionFactory&apos;
11:32:00.824 [main] DEBUG org.springframework.beans.factory.support.DefaultListableBeanFactory - Creating shared instance of singleton bean &apos;transactionManager&apos;
11:32:00.824 [main] DEBUG org.springframework.beans.factory.support.DefaultListableBeanFactory - Creating instance of bean &apos;transactionManager&apos;
11:32:00.825 [main] DEBUG org.springframework.beans.factory.support.DefaultListableBeanFactory - Returning cached instance of singleton bean &apos;applicationContextConfig&apos;
11:32:00.825 [main] DEBUG org.springframework.beans.factory.support.DefaultListableBeanFactory - Returning cached instance of singleton bean &apos;sessionFactory&apos;
11:32:00.825 [main] DEBUG org.springframework.beans.factory.support.DefaultListableBeanFactory - Autowiring by type from bean name &apos;transactionManager&apos; via factory method to bean named &apos;sessionFactory&apos;
11:32:00.826 [main] INFO org.springframework.orm.hibernate5.HibernateTransactionManager - Using DataSource [org.springframework.jdbc.datasource.DriverManagerDataSource@685d7ba5] of Hibernate SessionFactory for HibernateTransactionManager
11:32:00.826 [main] DEBUG org.springframework.beans.factory.support.DefaultListableBeanFactory - Eagerly caching bean &apos;transactionManager&apos; to allow for resolving potential circular references
11:32:00.831 [main] DEBUG org.springframework.beans.factory.support.DefaultListableBeanFactory - Invoking afterPropertiesSet() on bean with name &apos;transactionManager&apos;
11:32:00.831 [main] DEBUG org.springframework.beans.factory.support.DefaultListableBeanFactory - Returning cached instance of singleton bean &apos;org.springframework.transaction.config.internalTransactionAdvisor&apos;
11:32:00.832 [main] DEBUG org.springframework.beans.factory.support.DefaultListableBeanFactory - Finished creating instance of bean &apos;transactionManager&apos;
11:32:00.833 [main] DEBUG org.springframework.beans.factory.support.DefaultListableBeanFactory - Returning cached instance of singleton bean &apos;org.springframework.aop.config.internalAutoProxyCreator&apos;
11:32:00.833 [main] DEBUG org.springframework.beans.factory.support.DefaultListableBeanFactory - Returning cached instance of singleton bean &apos;org.springframework.context.event.internalEventListenerFactory&apos;
11:32:00.833 [main] DEBUG org.springframework.beans.factory.support.DefaultListableBeanFactory - Returning cached instance of singleton bean &apos;org.springframework.transaction.config.internalTransactionalEventListenerFactory&apos;
11:32:00.869 [main] DEBUG org.springframework.context.annotation.AnnotationConfigApplicationContext - Unable to locate LifecycleProcessor with name &apos;lifecycleProcessor&apos;: using default [org.springframework.context.support.DefaultLifecycleProcessor@4438938e]
11:32:00.869 [main] DEBUG org.springframework.beans.factory.support.DefaultListableBeanFactory - Returning cached instance of singleton bean &apos;lifecycleProcessor&apos;
11:32:00.870 [main] DEBUG org.springframework.core.env.PropertySourcesPropertyResolver - Could not find key &apos;spring.liveBeansView.mbeanDomain&apos; in any property source
11:32:00.870 [main] DEBUG org.springframework.beans.factory.support.DefaultListableBeanFactory - Returning cached instance of singleton bean &apos;userDAO&apos;
</system-out>
  </testcase>
  <testcase classname="com.ashutosh.socialhub.UserDAOTestCase" name="checkLoginCase" time="0.147"/>
  <testcase classname="com.ashutosh.socialhub.UserDAOTestCase" name="registerUserTestCase" time="0.068"/>
</testsuite>